Scenario - 
Logfile written - 02/26/2016 10:24:47

Subject	Trial	Event Type	Code	Time	TTime	Uncertainty	Duration	Uncertainty	ReqTime	ReqDur	Stim Type	Pair Index

h13	4	Picture	+	1250970	0	1	19333	1	0	19280	other	0
h13	5	Picture	neu_30a.jpg	1272231	0	240	40072	240	0	40000	other	0
h13	6	Picture	+	1312469	0	1	19666	1	0	19510	other	0
h13	7	Picture	neg_22a.jpg	1333968	0	1	40166	1	0	40000	other	0
h13	8	Picture	+	1374301	0	1	16833	1	0	16690	other	0
h13	9	Picture	neu_14a.jpg	1392781	0	186	40018	187	0	40000	other	0
h13	10	Picture	+	1432966	0	1	15500	1	0	15440	other	0
h13	11	Picture	neg_13a.jpg	1450132	0	1	40166	1	0	40000	other	0
h13	12	Picture	+	1490464	0	1	15833	1	0	15810	other	0
h13	13	Picture	neg_14a.jpg	1508131	0	1	40166	1	0	40000	other	0
h13	14	Picture	+	1548463	0	1	19333	1	0	19240	other	0
h13	15	Picture	neg_28a.jpg	1569463	0	1	40166	1	0	40000	other	0
h13	16	Picture	+	1609795	0	1	17000	1	0	16910	other	0
h13	17	Picture	pos_9a.jpg	1628431	0	198	40030	198	0	40000	other	0
h13	18	Picture	+	1668627	0	1	18666	1	0	18510	other	0
h13	19	Picture	neu_29a.jpg	1688960	0	1	40166	1	0	40000	other	0
h13	20	Picture	+	1729292	0	1	19166	1	0	19130	other	0
h13	21	Picture	pos_16a.jpg	1750125	0	1	40166	1	0	40000	other	0
h13	22	Picture	+	1790457	0	1	19500	1	0	19390	other	0
h13	23	Picture	pos_1a.jpg	1811790	0	1	40166	1	0	40000	other	0
h13	24	Picture	+	1852123	0	1	17833	1	0	17810	other	0
h13	25	Picture	neg_17a.jpg	1871610	0	179	40011	180	0	40000	other	0
h13	26	Picture	+	1911788	0	1	15166	1	0	15080	other	0
h13	27	Picture	neu_2a.jpg	1928596	0	192	40023	192	0	40000	other	0
h13	28	Picture	+	1968786	0	1	18166	1	0	18060	other	0
h13	29	Picture	neg_16a.jpg	1988786	0	1	40166	1	0	40000	other	0
h13	30	Picture	+	2029118	0	1	17833	1	0	17690	other	0
h13	31	Picture	neg_23a.jpg	2048583	0	203	40034	203	0	40000	other	0
h13	32	Picture	+	2088784	0	1	19833	1	0	19720	other	0
h13	33	Picture	neu_4a.jpg	2110283	0	1	40166	1	0	40000	other	0
h13	34	Picture	+	2150615	0	1	15833	1	0	15660	other	0
h13	35	Picture	neg_3a.jpg	2168115	0	1	40166	1	0	40000	other	0
h13	36	Picture	+	2208447	0	1	16333	1	0	16290	other	0
h13	37	Picture	neu_11a.jpg	2226432	0	183	40014	183	0	40000	other	0
h13	38	Picture	+	2266613	0	1	15500	1	0	15340	other	0
h13	39	Picture	neu_24a.jpg	2283779	0	1	40166	1	0	40000	other	0
h13	40	Picture	+	2324111	0	1	19000	1	0	18840	other	0
h13	41	Picture	neg_5a.jpg	2344777	0	1	40166	1	0	40000	other	0
h13	42	Picture	+	2385110	0	1	15666	1	0	15640	other	0
h13	43	Picture	neg_7a.jpg	2402443	0	1	40166	1	0	40000	other	0
h13	44	Picture	+	2442775	0	1	19333	1	0	19190	other	0
h13	45	Picture	neg_30a.jpg	2463775	0	1	40166	1	0	40000	other	0
h13	46	Picture	+	2504107	0	1	15166	1	0	15140	other	0
h13	47	Picture	neu_25a.jpg	2520940	0	1	40166	1	0	40000	other	0
h13	48	Picture	+	2561272	0	1	18166	1	0	18020	other	0
h13	49	Picture	pos_14a.jpg	2581070	0	202	40034	202	0	40000	other	0
h13	50	Picture	+	2621271	0	1	16500	1	0	16360	other	0
h13	51	Picture	neu_28a.jpg	2639437	0	1	40166	1	0	40000	other	0
h13	52	Picture	+	2679769	0	1	17666	1	0	17490	other	0
h13	53	Picture	neu_8a.jpg	2699269	0	1	40166	1	0	40000	other	0
h13	54	Picture	+	2739601	0	1	15833	1	0	15690	other	0
h13	55	Picture	pos_11a.jpg	2757101	0	1	40166	1	0	40000	other	0
h13	56	Picture	+	2797433	0	1	18166	1	0	18150	other	0
h13	57	Picture	neg_19a.jpg	2817433	0	1	40166	1	0	40000	other	0
h13	58	Picture	+	2857765	0	1	18333	1	0	18280	other	0
h13	59	Picture	pos_19a.jpg	2877739	0	193	40024	193	0	40000	other	0
h13	60	Picture	+	2917930	0	1	19666	1	0	19570	other	0
h13	61	Picture	pos_21a.jpg	2939227	0	204	40035	204	0	40000	other	0
h13	62	Picture	+	2979429	0	1	15833	1	0	15740	other	0
h13	63	Picture	pos_8a.jpg	2996909	0	187	40018	187	0	40000	other	0
h13	64	Picture	+	3037094	0	1	16000	1	0	15940	other	0
h13	65	Picture	neu_9a.jpg	3054927	0	1	40166	1	0	40000	other	0
h13	66	Picture	+	3095259	0	1	15666	1	0	15540	other	0
h13	67	Picture	pos_22a.jpg	3112759	0	1	40166	1	0	40000	other	0
h13	68	Picture	+	3153091	0	1	17166	1	0	17070	other	0
h13	69	Picture	neu_12a.jpg	3171924	0	1	40166	1	0	40000	other	0
h13	70	Picture	+	3212257	0	1	16666	1	0	16540	other	0
h13	71	Picture	pos_30a.jpg	3231256	0	1	40166	1	0	40000	other	0
h13	72	Picture	+	3271588	0	1	16000	1	0	15850	other	0
h13	73	Picture	neg_25a.jpg	3289421	0	1	40166	1	0	40000	other	0
h13	74	Picture	+	3329754	0	1	18166	1	0	18020	other	0
h13	75	Picture	pos_6a.jpg	3349587	0	1	40166	1	0	40000	other	0
h13	76	Picture	+	3389919	0	1	16500	1	0	16470	other	0
h13	77	Picture	pos_10a.jpg	3408085	0	1	40166	1	0	40000	other	0
h13	78	Picture	+	3448418	0	1	18166	1	0	18010	other	0
h13	79	Picture	neu_6a.jpg	3468250	0	1	40166	1	0	40000	other	0
h13	80	Picture	+	3508583	0	1	17833	1	0	17760	other	0
h13	81	Picture	pos_12a.jpg	3528249	0	1	40166	1	0	40000	other	0
h13	82	Picture	+	3568581	0	1	16166	1	0	16130	other	0
h13	83	Picture	neg_2a.jpg	3586414	0	1	40166	1	0	40000	other	0
h13	84	Picture	+	3626747	0	1	19833	1	0	19690	other	0
h13	85	Picture	pos_17a.jpg	3648226	0	187	40019	187	0	40000	other	0
h13	86	Picture	+	3688412	0	1	16333	1	0	16320	other	0
h13	87	Picture	neg_15a.jpg	3706411	0	1	40166	1	0	40000	other	0
h13	88	Picture	+	3746744	0	1	16333	1	0	16210	other	0
h13	89	Picture	neg_10a.jpg	3764910	0	1	40166	1	0	40000	other	0
h13	90	Picture	+	3805242	0	1	19999	1	0	19850	other	0
h13	91	Picture	neg_4a.jpg	3826908	0	1	40166	1	0	40000	other	0
h13	92	Picture	+	3867241	0	1	16000	1	0	15840	other	0
h13	93	Picture	neu_7a.jpg	3885074	0	1	40166	1	0	40000	other	0
h13	94	Picture	+	3925406	0	1	17666	1	0	17540	other	0
h13	95	Picture	neu_15a.jpg	3944739	0	1	40166	1	0	40000	other	0
h13	96	Picture	+	3985071	0	1	15166	1	0	15120	other	0
h13	97	Picture	neg_8a.jpg	4001891	0	180	40012	180	0	40000	other	0
h13	98	Picture	+	4042070	0	1	16833	1	0	16720	other	0
h13	99	Picture	pos_15a.jpg	4060736	0	1	40166	1	0	40000	other	0
h13	100	Picture	+	4101068	0	1	19999	1	0	19940	other	0
h13	101	Picture	neu_20a.jpg	4122702	0	200	40032	200	0	40000	other	0
h13	102	Picture	+	4162900	0	1	17166	1	0	17080	other	0
h13	103	Picture	pos_27a.jpg	4181900	0	1	40166	1	0	40000	other	0
h13	104	Picture	+	4222232	0	1	15333	1	0	15270	other	0
h13	105	Picture	neg_18a.jpg	4239398	0	1	40166	1	0	40000	other	0
h13	106	Picture	+	4279731	0	1	17833	1	0	17760	other	0
h13	107	Picture	neu_18a.jpg	4299397	0	1	40166	1	0	40000	other	0
h13	108	Picture	+	4339729	0	1	18500	1	0	18330	other	0
h13	109	Picture	neu_21a.jpg	4359895	0	1	40166	1	0	40000	other	0
h13	110	Picture	+	4400228	0	1	16500	1	0	16450	other	0
h13	111	Picture	pos_24a.jpg	4418394	0	1	40166	1	0	40000	other	0
h13	112	Picture	+	4458726	0	1	18833	1	0	18730	other	0
h13	113	Picture	pos_4a.jpg	4479226	0	1	40166	1	0	40000	other	0
h13	114	Picture	+	4519558	0	1	16166	1	0	16040	other	0
h13	115	Picture	neg_26a.jpg	4537368	0	190	40022	190	0	40000	other	0
h13	116	Picture	+	4577557	0	1	18833	1	0	18660	other	0
h13	117	Picture	neg_24a.jpg	4598029	0	194	40026	194	0	40000	other	0
h13	118	Picture	+	4638222	0	1	19166	1	0	19110	other	0
h13	119	Picture	pos_28a.jpg	4659555	0	1	40166	1	0	40000	other	0
h13	120	Picture	+	4699887	0	1	18166	1	0	18070	other	0
h13	121	Picture	neg_6a.jpg	4719703	0	184	40016	184	0	40000	other	0
h13	122	Picture	+	4759886	0	1	16666	1	0	16640	other	0
h13	123	Picture	pos_18a.jpg	4778206	0	180	40011	180	0	40000	other	0
h13	124	Picture	+	4818384	0	1	19166	1	0	19080	other	0
h13	125	Picture	neu_13a.jpg	4839188	0	196	40028	196	0	40000	other	0
h13	126	Picture	+	4879383	0	1	15666	1	0	15510	other	0
h13	127	Picture	neu_27a.jpg	4896716	0	1	40166	1	0	40000	other	0
h13	128	Picture	+	4937048	0	1	17833	1	0	17810	other	0
h13	129	Picture	neu_3a.jpg	4956714	0	1	40166	1	0	40000	other	0
h13	130	Picture	+	4997046	0	1	17666	1	0	17510	other	0
h13	131	Picture	pos_13a.jpg	5016351	0	195	40027	196	0	40000	other	0
h13	132	Picture	+	5056545	0	1	15333	1	0	15300	other	0
h13	133	Picture	neg_20a.jpg	5073711	0	1	40166	1	0	40000	other	0
h13	134	Picture	+	5114044	0	1	16000	1	0	15840	other	0
h13	135	Picture	neu_5a.jpg	5131697	0	180	40012	180	0	40000	other	0
h13	136	Picture	+	5171875	0	1	19333	1	0	19200	other	0
h13	137	Picture	neu_10a.jpg	5192875	0	1	40166	1	0	40000	other	0
h13	138	Picture	+	5233207	0	1	16500	1	0	16450	other	0
h13	139	Picture	neg_9a.jpg	5251374	0	1	40166	1	0	40000	other	0
h13	140	Picture	+	5291706	0	1	17833	1	0	17740	other	0
h13	141	Picture	pos_25a.jpg	5311171	0	202	40034	202	0	40000	other	0
h13	142	Picture	+	5351371	0	1	17000	1	0	16870	other	0
h13	143	Picture	neu_1a.jpg	5370204	0	1	40166	1	0	40000	other	0
h13	144	Picture	+	5410536	0	1	17166	1	0	17150	other	0
h13	145	Picture	neg_11a.jpg	5429536	0	1	40166	1	0	40000	other	0
h13	146	Picture	+	5469868	0	1	18833	1	0	18660	other	0
h13	147	Picture	pos_29a.jpg	5490368	0	1	40166	1	0	40000	other	0
h13	148	Picture	+	5530700	0	1	19000	1	0	18900	other	0
h13	149	Picture	pos_3a.jpg	5551366	0	1	40166	1	0	40000	other	0
h13	150	Picture	+	5591698	0	1	17166	1	0	17040	other	0
h13	151	Picture	pos_2a.jpg	5610531	0	1	40166	1	0	40000	other	0
h13	152	Picture	+	5650864	0	1	15333	1	0	15250	other	0
h13	153	Picture	neu_16a.jpg	5667827	0	204	40035	204	0	40000	other	0
h13	154	Picture	+	5708029	0	1	15500	1	0	15410	other	0
h13	155	Picture	neg_21a.jpg	5725159	0	204	40035	204	0	40000	other	0
h13	156	Picture	+	5765361	0	1	15833	1	0	15810	other	0
h13	157	Picture	neu_26a.jpg	5782860	0	1	40166	1	0	40000	other	0
h13	158	Picture	+	5823193	0	1	16166	1	0	16050	other	0
h13	159	Picture	pos_23a.jpg	5841001	0	192	40023	192	0	40000	other	0
h13	160	Picture	+	5881191	0	1	17666	1	0	17630	other	0
h13	161	Picture	neu_23a.jpg	5900509	0	182	40014	182	0	40000	other	0
h13	162	Picture	+	5940690	0	1	17000	1	0	16840	other	0
h13	163	Picture	neg_1a.jpg	5959523	0	1	40166	1	0	40000	other	0
h13	164	Picture	+	5999855	0	1	15833	1	0	15780	other	0
h13	165	Picture	pos_26a.jpg	6017355	0	1	40166	1	0	40000	other	0
h13	166	Picture	+	6057687	0	1	19999	1	0	19900	other	0
h13	167	Picture	pos_5a.jpg	6079353	0	1	40166	1	0	40000	other	0
h13	168	Picture	+	6119685	0	1	19000	1	0	18930	other	0
h13	169	Picture	neg_27a.jpg	6140331	0	188	40019	188	0	40000	other	0
h13	170	Picture	+	6180517	0	1	19166	1	0	19040	other	0
h13	171	Picture	neu_22a.jpg	6201332	0	186	40017	186	0	40000	other	0
h13	172	Picture	+	6241516	0	1	16500	1	0	16380	other	0
h13	173	Picture	pos_7a.jpg	6259682	0	1	40166	1	0	40000	other	0
h13	174	Picture	+	6300014	0	1	17333	1	0	17210	other	0
h13	175	Picture	neg_12a.jpg	6319014	0	1	40166	1	0	40000	other	0
h13	176	Picture	+	6359346	0	1	17333	1	0	17280	other	0
h13	177	Picture	neg_29a.jpg	6378512	0	1	40166	1	0	40000	other	0
h13	178	Picture	+	6418845	0	1	18833	1	0	18690	other	0
h13	179	Picture	neu_17a.jpg	6439344	0	1	40166	1	0	40000	other	0
h13	180	Picture	+	6479676	0	1	15500	1	0	15460	other	0
h13	181	Picture	pos_20a.jpg	6497009	0	1	40166	1	0	40000	other	0
h13	182	Picture	+	6537342	0	1	16333	1	0	16190	other	0
h13	183	Picture	neu_19a.jpg	6556008	0	1	40166	1	0	40000	other	0
