Scenario - 
Logfile written - 03/09/2016 13:08:56

Subject	Trial	Event Type	Code	Time	TTime	Uncertainty	Duration	Uncertainty	ReqTime	ReqDur	Stim Type	Pair Index

H15	4	Picture	+	1250969	0	1	18333	1	0	18210	other	0
H15	6	Picture	+	1311467	0	1	18833	1	0	18730	other	0
H15	8	Picture	+	1372132	0	1	15333	1	0	15180	other	0
H15	10	Picture	+	1429631	0	1	15666	1	0	15610	other	0
H15	12	Picture	+	1487130	0	1	16166	1	0	16040	other	0
H15	14	Picture	+	1545461	0	1	16166	1	0	16070	other	0
H15	16	Picture	+	1603793	0	1	18166	1	0	18110	other	0
H15	18	Picture	+	1664292	0	1	18500	1	0	18480	other	0
H15	20	Picture	+	1724957	0	1	19333	1	0	19170	other	0
H15	22	Picture	+	1786122	0	1	18666	1	0	18540	other	0
H15	24	Picture	+	1846954	0	1	17166	1	0	17100	other	0
H15	26	Picture	+	1906286	0	1	18833	1	0	18760	other	0
H15	28	Picture	+	1967284	0	1	18833	1	0	18720	other	0
H15	30	Picture	+	2028116	0	1	17666	1	0	17620	other	0
H15	32	Picture	+	2087781	0	1	18000	1	0	17980	other	0
H15	34	Picture	+	2147613	0	1	17000	1	0	16960	other	0
H15	36	Picture	+	2206612	0	1	18500	1	0	18330	other	0
H15	38	Picture	+	2267277	0	1	17000	1	0	16910	other	0
H15	40	Picture	+	2326108	0	1	18166	1	0	18140	other	0
H15	42	Picture	+	2386440	0	1	17166	1	0	17010	other	0
H15	44	Picture	+	2445772	0	1	15166	1	0	15070	other	0
H15	46	Picture	+	2503104	0	1	15833	1	0	15710	other	0
H15	48	Picture	+	2561103	0	1	19666	1	0	19550	other	0
H15	50	Picture	+	2622934	0	1	19833	1	0	19670	other	0
H15	52	Picture	+	2684933	0	1	18500	1	0	18410	other	0
H15	54	Picture	+	2745598	0	1	19499	1	0	19390	other	0
H15	56	Picture	+	2807263	0	1	15500	1	0	15420	other	0
H15	58	Picture	+	2864928	0	1	17500	1	0	17420	other	0
H15	60	Picture	+	2924593	0	1	19333	1	0	19280	other	0
H15	62	Picture	+	2985759	0	1	15166	1	0	15150	other	0
H15	64	Picture	+	3043090	0	1	17166	1	0	17000	other	0
H15	66	Picture	+	3102422	0	1	18999	1	0	18900	other	0
H15	68	Picture	+	3163254	0	1	19499	1	0	19390	other	0
H15	70	Picture	+	3224919	0	1	17833	1	0	17800	other	0
H15	72	Picture	+	3284918	0	1	17500	1	0	17430	other	0
H15	74	Picture	+	3344583	0	1	17833	1	0	17690	other	0
H15	76	Picture	+	3404248	0	1	15500	1	0	15370	other	0
H15	78	Picture	+	3461913	0	1	19166	1	0	19040	other	0
H15	80	Picture	+	3523245	0	1	19500	1	0	19340	other	0
H15	82	Picture	+	3584910	0	1	17666	1	0	17650	other	0
H15	84	Picture	+	3644742	0	1	16500	1	0	16480	other	0
H15	86	Picture	+	3703407	0	1	18833	1	0	18740	other	0
H15	88	Picture	+	3764406	0	1	16000	1	0	15910	other	0
H15	90	Picture	+	3823071	0	1	18166	1	0	18020	other	0
H15	92	Picture	+	3883236	0	1	19999	1	0	19940	other	0
H15	94	Picture	+	3945401	0	1	18333	1	0	18260	other	0
H15	96	Picture	+	4005733	0	1	19500	1	0	19410	other	0
H15	98	Picture	+	4067398	0	1	18333	1	0	18300	other	0
H15	100	Picture	+	4127897	0	1	15500	1	0	15390	other	0
H15	102	Picture	+	4185562	0	1	17000	1	0	16860	other	0
H15	104	Picture	+	4244394	0	1	19666	1	0	19590	other	0
H15	106	Picture	+	4306059	0	1	16666	1	0	16610	other	0
H15	108	Picture	+	4364891	0	1	19000	1	0	18880	other	0
H15	110	Picture	+	4425722	0	1	19000	1	0	18900	other	0
H15	112	Picture	+	4486554	0	1	19166	1	0	19080	other	0
H15	114	Picture	+	4547553	0	1	16333	1	0	16280	other	0
H15	116	Picture	+	4606051	0	1	15166	1	0	15030	other	0
H15	118	Picture	+	4663383	0	1	15500	1	0	15340	other	0
H15	120	Picture	+	4721048	0	1	19833	1	0	19660	other	0
H15	122	Picture	+	4783047	0	1	18166	1	0	18010	other	0
H15	124	Picture	+	4843379	0	1	18833	1	0	18760	other	0
H15	126	Picture	+	4904377	0	1	15166	1	0	15150	other	0
H15	128	Picture	+	4961709	0	1	18666	1	0	18600	other	0
H15	130	Picture	+	5022541	0	1	15333	1	0	15240	other	0
H15	132	Picture	+	5080039	0	1	17166	1	0	17060	other	0
H15	134	Picture	+	5139371	0	1	15500	1	0	15370	other	0
H15	136	Picture	+	5197036	0	1	18166	1	0	18090	other	0
H15	138	Picture	+	5257368	0	1	17833	1	0	17710	other	0
H15	140	Picture	+	5317367	0	1	17333	1	0	17320	other	0
H15	142	Picture	+	5376865	0	1	19499	1	0	19430	other	0
H15	144	Picture	+	5438197	0	1	18166	1	0	18040	other	0
H15	146	Picture	+	5498529	0	1	19333	1	0	19210	other	0
H15	148	Picture	+	5560027	0	1	18500	1	0	18370	other	0
H15	150	Picture	+	5620693	0	1	15500	1	0	15330	other	0
H15	152	Picture	+	5678358	0	1	15500	1	0	15390	other	0
H15	154	Picture	+	5736023	0	1	15500	1	0	15340	other	0
H15	156	Picture	+	5793688	0	1	17333	1	0	17260	other	0
H15	158	Picture	+	5853187	0	1	19833	1	0	19680	other	0
H15	160	Picture	+	5915185	0	1	18666	1	0	18610	other	0
H15	162	Picture	+	5976017	0	1	15500	1	0	15440	other	0
H15	164	Picture	+	6033682	0	1	16333	1	0	16190	other	0
H15	166	Picture	+	6092181	0	1	19500	1	0	19460	other	0
H15	168	Picture	+	6154513	0	1	19333	1	0	19260	other	0
H15	170	Picture	+	6216011	0	1	19333	1	0	19200	other	0
H15	172	Picture	+	6277509	0	1	16666	1	0	16490	other	0
H15	174	Picture	+	6336341	0	1	19666	1	0	19520	other	0
H15	176	Picture	+	6398173	0	1	18333	1	0	18210	other	0
H15	178	Picture	+	6458672	0	1	15500	1	0	15390	other	0
H15	180	Picture	+	6516337	0	1	15500	1	0	15420	other	0
H15	182	Picture	+	6573835	0	1	17500	1	0	17460	other	0
