Scenario - 
Logfile written - 03/14/2016 14:14:12

Subject	Trial	Event Type	Code	Time	TTime	Uncertainty	Duration	Uncertainty	ReqTime	ReqDur	Stim Type	Pair Index

h19	4	Picture	+	1250957	0	1	17166	1	0	17040	other	0
h19	6	Picture	+	1310455	0	1	15666	1	0	15640	other	0
h19	8	Picture	+	1367953	0	1	19499	1	0	19380	other	0
h19	10	Picture	+	1429284	0	1	16333	1	0	16170	other	0
h19	12	Picture	+	1487449	0	1	16333	1	0	16300	other	0
h19	14	Picture	+	1545947	0	1	16999	1	0	16890	other	0
h19	16	Picture	+	1605112	0	1	19666	1	0	19540	other	0
h19	18	Picture	+	1666776	0	1	19833	1	0	19700	other	0
h19	20	Picture	+	1728441	0	1	15499	1	0	15360	other	0
h19	22	Picture	+	1786106	0	1	17833	1	0	17710	other	0
h19	24	Picture	+	1845937	0	1	16499	1	0	16370	other	0
h19	26	Picture	+	1904435	0	1	18666	1	0	18610	other	0
h19	28	Picture	+	1964933	0	1	16166	1	0	16010	other	0
h19	30	Picture	+	2022931	0	1	19333	1	0	19310	other	0
h19	32	Picture	+	2084429	0	1	17499	1	0	17410	other	0
h19	34	Picture	+	2143927	0	1	19999	1	0	19910	other	0
h19	36	Picture	+	2205925	0	1	19999	1	0	19930	other	0
h19	38	Picture	+	2267923	0	1	18833	1	0	18800	other	0
h19	40	Picture	+	2328754	0	1	17833	1	0	17750	other	0
h19	42	Picture	+	2388419	0	1	18166	1	0	18140	other	0
h19	44	Picture	+	2448250	0	1	16166	1	0	16050	other	0
h19	46	Picture	+	2506414	0	1	18166	1	0	18030	other	0
h19	48	Picture	+	2566746	0	1	19333	1	0	19300	other	0
h19	50	Picture	+	2628077	0	1	19166	1	0	19000	other	0
h19	52	Picture	+	2689408	0	1	17833	1	0	17770	other	0
h19	54	Picture	+	2749240	0	1	16833	1	0	16720	other	0
h19	56	Picture	+	2808071	0	1	15666	1	0	15650	other	0
h19	58	Picture	+	2865569	0	1	19166	1	0	19020	other	0
h19	60	Picture	+	2927567	0	1	17166	1	0	17010	other	0
h19	62	Picture	+	2986565	0	1	17499	1	0	17360	other	0
h19	64	Picture	+	3045896	0	1	15833	1	0	15700	other	0
h19	66	Picture	+	3104061	0	1	19166	1	0	19010	other	0
h19	68	Picture	+	3165225	0	1	18999	1	0	18950	other	0
h19	70	Picture	+	3226390	0	1	18666	1	0	18530	other	0
h19	72	Picture	+	3287055	0	1	15999	1	0	15960	other	0
h19	74	Picture	+	3344886	0	1	18499	1	0	18400	other	0
h19	76	Picture	+	3405551	0	1	19166	1	0	19000	other	0
h19	78	Picture	+	3466715	0	1	19499	1	0	19430	other	0
h19	80	Picture	+	3528213	0	1	16333	1	0	16300	other	0
h19	82	Picture	+	3586378	0	1	19833	1	0	19660	other	0
h19	84	Picture	+	3648042	0	1	15499	1	0	15380	other	0
h19	86	Picture	+	3705707	0	1	16833	1	0	16770	other	0
h19	88	Picture	+	3764705	0	1	19166	1	0	19060	other	0
h19	90	Picture	+	3825870	0	1	15166	1	0	15020	other	0
h19	92	Picture	+	3883034	0	1	16666	1	0	16630	other	0
h19	94	Picture	+	3941866	0	1	15833	1	0	15760	other	0
h19	96	Picture	+	3999864	0	1	16166	1	0	16100	other	0
h19	98	Picture	+	4057862	0	1	19999	1	0	19940	other	0
h19	100	Picture	+	4119693	0	1	16833	1	0	16670	other	0
h19	102	Picture	+	4178358	0	1	16666	1	0	16630	other	0
h19	104	Picture	+	4236856	0	1	17666	1	0	17510	other	0
h19	106	Picture	+	4296520	0	1	18499	1	0	18440	other	0
h19	108	Picture	+	4357185	0	1	18833	1	0	18770	other	0
h19	110	Picture	+	4417849	0	1	17833	1	0	17810	other	0
h19	112	Picture	+	4477514	0	1	15499	1	0	15440	other	0
h19	114	Picture	+	4534846	0	1	18166	1	0	18080	other	0
h19	116	Picture	+	4595010	0	1	17166	1	0	17040	other	0
h19	118	Picture	+	4654175	0	1	17166	1	0	17100	other	0
h19	120	Picture	+	4713173	0	1	17833	1	0	17790	other	0
h19	122	Picture	+	4773004	0	1	16333	1	0	16190	other	0
h19	124	Picture	+	4831169	0	1	17833	1	0	17700	other	0
h19	126	Picture	+	4891000	0	1	15499	1	0	15460	other	0
h19	128	Picture	+	4948498	0	1	17833	1	0	17700	other	0
h19	130	Picture	+	5008329	0	1	19333	1	0	19280	other	0
h19	132	Picture	+	5070161	0	1	17499	1	0	17460	other	0
h19	134	Picture	+	5129825	0	1	17666	1	0	17550	other	0
h19	136	Picture	+	5189490	0	1	15833	1	0	15670	other	0
h19	138	Picture	+	5247488	0	1	18333	1	0	18200	other	0
h19	140	Picture	+	5307986	0	1	19166	1	0	19080	other	0
h19	142	Picture	+	5369150	0	1	19166	1	0	19030	other	0
h19	144	Picture	+	5430148	0	1	18166	1	0	18030	other	0
h19	146	Picture	+	5490313	0	1	19166	1	0	19130	other	0
h19	148	Picture	+	5551311	0	1	19333	1	0	19270	other	0
h19	150	Picture	+	5612642	0	1	17999	1	0	17980	other	0
h19	152	Picture	+	5672640	0	1	16666	1	0	16600	other	0
h19	154	Picture	+	5731305	0	1	16666	1	0	16640	other	0
h19	156	Picture	+	5790136	0	1	15999	1	0	15870	other	0
h19	158	Picture	+	5848134	0	1	17999	1	0	17870	other	0
h19	160	Picture	+	5907965	0	1	18833	1	0	18760	other	0
h19	162	Picture	+	5968963	0	1	17333	1	0	17300	other	0
h19	164	Picture	+	6028295	0	1	16166	1	0	16070	other	0
h19	166	Picture	+	6086626	0	1	17499	1	0	17450	other	0
h19	168	Picture	+	6145957	0	1	15833	1	0	15670	other	0
h19	170	Picture	+	6203789	0	1	16999	1	0	16850	other	0
h19	172	Picture	+	6262953	0	1	18333	1	0	18240	other	0
h19	174	Picture	+	6323451	0	1	18499	1	0	18430	other	0
h19	176	Picture	+	6383949	0	1	18166	1	0	18080	other	0
h19	178	Picture	+	6444114	0	1	15833	1	0	15800	other	0
h19	180	Picture	+	6501778	0	1	18166	1	0	17990	other	0
h19	182	Picture	+	6562110	0	1	16666	1	0	16630	other	0
