Scenario - 
Logfile written - 02/10/2016 13:15:13

Subject	Trial	Event Type	Code	Time	TTime	Uncertainty	Duration	Uncertainty	ReqTime	ReqDur	Stim Type	Pair Index

H_06	4	Picture	+	1251027	0	1	17681	2	0	17650	other	0
H_06	5	Picture	pos_2a.jpg	1270652	0	226	40091	227	0	40000	other	0
H_06	6	Picture	+	1310909	0	2	17181	3	0	17100	other	0
H_06	7	Picture	pos_13a.jpg	1329758	0	2	40033	3	0	40000	other	0
H_06	8	Picture	+	1369958	0	1	15679	3	0	15660	other	0
H_06	9	Picture	neu_28a.jpg	1387127	0	17	40045	18	0	40000	other	0
H_06	10	Picture	+	1427338	0	2	18349	3	0	18290	other	0
H_06	11	Picture	pos_4a.jpg	1447184	0	21	40037	22	0	40000	other	0
H_06	12	Picture	+	1487388	0	1	15512	3	0	15380	other	0
H_06	13	Picture	neu_7a.jpg	1504569	0	1	40032	3	0	40000	other	0
H_06	14	Picture	+	1544768	0	1	16180	2	0	16050	other	0
H_06	15	Picture	pos_10a.jpg	1562449	0	2	40033	4	0	40000	other	0
H_06	16	Picture	+	1602649	0	1	19183	2	0	19160	other	0
H_06	17	Picture	neg_18a.jpg	1623500	0	1	40033	2	0	40000	other	0
H_06	18	Picture	+	1663699	0	2	17515	3	0	17460	other	0
H_06	19	Picture	neu_2a.jpg	1682882	0	1	40033	2	0	40000	other	0
H_06	20	Picture	+	1723082	0	1	18682	2	0	18670	other	0
H_06	21	Picture	pos_20a.jpg	1743432	0	1	40033	2	0	40000	other	0
H_06	22	Picture	+	1783631	0	2	17515	3	0	17420	other	0
H_06	23	Picture	neg_30a.jpg	1802647	0	1	40033	2	0	40000	other	0
H_06	24	Picture	+	1842847	0	1	19182	2	0	19030	other	0
H_06	25	Picture	neg_4a.jpg	1863498	0	38	40065	39	0	40000	other	0
H_06	26	Picture	+	1903730	0	1	17515	2	0	17360	other	0
H_06	27	Picture	pos_12a.jpg	1922913	0	1	40033	2	0	40000	other	0
H_06	28	Picture	+	1963112	0	2	18182	3	0	18020	other	0
H_06	29	Picture	neg_27a.jpg	1982769	0	194	40059	195	0	40000	other	0
H_06	30	Picture	+	2022995	0	1	18015	2	0	17900	other	0
H_06	31	Picture	neu_11a.jpg	2042678	0	1	40033	2	0	40000	other	0
H_06	32	Picture	+	2082877	0	2	19183	3	0	19130	other	0
H_06	33	Picture	neu_10a.jpg	2103539	0	35	40055	36	0	40000	other	0
H_06	34	Picture	+	2143761	0	1	16347	2	0	16310	other	0
H_06	35	Picture	neu_27a.jpg	2161609	0	1	40033	2	0	40000	other	0
H_06	36	Picture	+	2201808	0	2	15847	3	0	15780	other	0
H_06	37	Picture	pos_19a.jpg	2219149	0	26	40040	27	0	40000	other	0
H_06	38	Picture	+	2259356	0	1	16347	2	0	16330	other	0
H_06	39	Picture	pos_9a.jpg	2277194	0	18	40043	19	0	40000	other	0
H_06	40	Picture	+	2317404	0	1	19015	2	0	18950	other	0
H_06	41	Picture	neu_6a.jpg	2337921	0	1	40032	3	0	40000	other	0
H_06	42	Picture	+	2378120	0	1	16347	2	0	16300	other	0
H_06	43	Picture	pos_23a.jpg	2395960	0	24	40041	25	0	40000	other	0
H_06	44	Picture	+	2436168	0	1	19349	2	0	19320	other	0
H_06	45	Picture	pos_5a.jpg	2457011	0	29	40040	31	0	40000	other	0
H_06	46	Picture	+	2497218	0	1	16180	2	0	16080	other	0
H_06	47	Picture	neu_21a.jpg	2514893	0	14	40039	16	0	40000	other	0
H_06	48	Picture	+	2555099	0	1	17181	2	0	17110	other	0
H_06	49	Picture	neu_30a.jpg	2573948	0	1	40033	2	0	40000	other	0
H_06	50	Picture	+	2614148	0	1	15179	2	0	15020	other	0
H_06	51	Picture	neg_3a.jpg	2630791	0	205	40070	206	0	40000	other	0
H_06	52	Picture	+	2671028	0	1	19182	3	0	19020	other	0
H_06	53	Picture	pos_28a.jpg	2692341	0	201	40071	202	0	40000	other	0
H_06	54	Picture	+	2732578	0	2	19683	4	0	19600	other	0
H_06	55	Picture	pos_24a.jpg	2753763	0	1	40033	2	0	40000	other	0
H_06	56	Picture	+	2793962	0	2	20017	3	0	19850	other	0
H_06	57	Picture	neu_26a.jpg	2815480	0	1	40033	2	0	40000	other	0
H_06	58	Picture	+	2855680	0	1	20016	3	0	19850	other	0
H_06	59	Picture	pos_25a.jpg	2877192	0	13	40039	14	0	40000	other	0
H_06	60	Picture	+	2917397	0	2	15346	3	0	15330	other	0
H_06	61	Picture	pos_14a.jpg	2934234	0	18	40043	20	0	40000	other	0
H_06	62	Picture	+	2974444	0	1	17014	2	0	16990	other	0
H_06	63	Picture	pos_21a.jpg	2992952	0	23	40040	25	0	40000	other	0
H_06	64	Picture	+	3033159	0	1	15513	2	0	15470	other	0
H_06	65	Picture	neu_1a.jpg	3050340	0	1	40033	2	0	40000	other	0
H_06	66	Picture	+	3090540	0	1	18348	2	0	18250	other	0
H_06	67	Picture	neg_20a.jpg	3110556	0	2	40033	3	0	40000	other	0
H_06	68	Picture	+	3150756	0	1	17681	2	0	17590	other	0
H_06	69	Picture	neu_22a.jpg	3170105	0	2	40033	3	0	40000	other	0
H_06	70	Picture	+	3210305	0	1	19516	2	0	19490	other	0
H_06	71	Picture	neg_17a.jpg	3231489	0	1	40033	2	0	40000	other	0
H_06	72	Picture	+	3271689	0	1	18015	2	0	17970	other	0
H_06	73	Picture	neu_15a.jpg	3291192	0	27	40046	28	0	40000	other	0
H_06	74	Picture	+	3331405	0	1	16013	2	0	15960	other	0
H_06	75	Picture	neg_29a.jpg	3349086	0	1	40033	2	0	40000	other	0
H_06	76	Picture	+	3389286	0	1	18181	2	0	18050	other	0
H_06	77	Picture	neg_25a.jpg	3409135	0	2	40033	3	0	40000	other	0
H_06	78	Picture	+	3449335	0	1	17348	2	0	17320	other	0
H_06	79	Picture	neg_6a.jpg	3468351	0	1	40033	2	0	40000	other	0
H_06	80	Picture	+	3508550	0	2	16848	3	0	16770	other	0
H_06	81	Picture	pos_29a.jpg	3526899	0	1	40033	2	0	40000	other	0
H_06	82	Picture	+	3567099	0	1	20016	2	0	19990	other	0
H_06	83	Picture	neu_17a.jpg	3588609	0	14	40040	15	0	40000	other	0
H_06	84	Picture	+	3628816	0	1	17348	2	0	17240	other	0
H_06	85	Picture	pos_22a.jpg	3647832	0	1	40033	2	0	40000	other	0
H_06	86	Picture	+	3688031	0	2	16347	3	0	16290	other	0
H_06	87	Picture	neu_25a.jpg	3705857	0	29	40055	31	0	40000	other	0
H_06	88	Picture	+	3746079	0	1	18015	2	0	17940	other	0
H_06	89	Picture	neg_28a.jpg	3765595	0	2	40033	3	0	40000	other	0
H_06	90	Picture	+	3805795	0	1	17181	2	0	17070	other	0
H_06	91	Picture	pos_3a.jpg	3824477	0	1	40033	2	0	40000	other	0
H_06	92	Picture	+	3864677	0	1	19182	2	0	19110	other	0
H_06	93	Picture	neg_22a.jpg	3885347	0	182	40046	184	0	40000	other	0
H_06	94	Picture	+	3925560	0	1	17681	3	0	17560	other	0
H_06	95	Picture	pos_6a.jpg	3944743	0	1	40033	2	0	40000	other	0
H_06	96	Picture	+	3984942	0	2	19850	3	0	19750	other	0
H_06	97	Picture	neg_2a.jpg	4006283	0	21	40043	23	0	40000	other	0
H_06	98	Picture	+	4046493	0	1	17514	3	0	17480	other	0
H_06	99	Picture	neg_11a.jpg	4065676	0	1	40032	3	0	40000	other	0
H_06	100	Picture	+	4105875	0	1	15346	2	0	15190	other	0
H_06	101	Picture	pos_11a.jpg	4122713	0	24	40042	26	0	40000	other	0
H_06	102	Picture	+	4162922	0	1	18349	2	0	18230	other	0
H_06	103	Picture	neu_14a.jpg	4182743	0	197	40062	198	0	40000	other	0
H_06	104	Picture	+	4222972	0	1	18848	3	0	18740	other	0
H_06	105	Picture	neu_24a.jpg	4243289	0	201	40066	202	0	40000	other	0
H_06	106	Picture	+	4283522	0	1	17848	2	0	17680	other	0
H_06	107	Picture	neg_10a.jpg	4303038	0	1	40033	2	0	40000	other	0
H_06	108	Picture	+	4343237	0	1	16514	2	0	16370	other	0
H_06	109	Picture	neg_16a.jpg	4361419	0	1	40033	2	0	40000	other	0
H_06	110	Picture	+	4401619	0	1	15846	2	0	15680	other	0
H_06	111	Picture	pos_17a.jpg	4418956	0	29	40043	30	0	40000	other	0
H_06	112	Picture	+	4459166	0	1	17848	2	0	17780	other	0
H_06	113	Picture	neg_26a.jpg	4478490	0	193	40058	195	0	40000	other	0
H_06	114	Picture	+	4518715	0	1	15513	2	0	15440	other	0
H_06	115	Picture	neu_19a.jpg	4536555	0	23	40041	24	0	40000	other	0
H_06	116	Picture	+	4576763	0	1	18181	3	0	18160	other	0
H_06	117	Picture	pos_27a.jpg	4596612	0	2	40033	4	0	40000	other	0
H_06	118	Picture	+	4636812	0	1	17682	2	0	17550	other	0
H_06	119	Picture	neg_13a.jpg	4655995	0	1	40033	2	0	40000	other	0
H_06	120	Picture	+	4696194	0	2	19517	3	0	19340	other	0
H_06	121	Picture	neu_5a.jpg	4717379	0	1	40033	2	0	40000	other	0
H_06	122	Picture	+	4757578	0	2	16848	3	0	16820	other	0
H_06	123	Picture	neg_9a.jpg	4775927	0	1	40033	2	0	40000	other	0
H_06	124	Picture	+	4816127	0	1	16346	3	0	16290	other	0
H_06	125	Picture	neu_12a.jpg	4833788	0	188	40053	189	0	40000	other	0
H_06	126	Picture	+	4874007	0	2	17348	3	0	17320	other	0
H_06	127	Picture	neu_18a.jpg	4893023	0	1	40033	2	0	40000	other	0
H_06	128	Picture	+	4933223	0	1	20016	3	0	19910	other	0
H_06	129	Picture	neu_4a.jpg	4954741	0	1	40032	3	0	40000	other	0
H_06	130	Picture	+	4994940	0	2	19850	3	0	19720	other	0
H_06	131	Picture	neg_15a.jpg	5016291	0	2	40033	3	0	40000	other	0
H_06	132	Picture	+	5056491	0	1	17681	2	0	17630	other	0
H_06	133	Picture	neg_23a.jpg	5075664	0	24	40042	26	0	40000	other	0
H_06	134	Picture	+	5115873	0	1	20017	2	0	19870	other	0
H_06	135	Picture	neg_5a.jpg	5137382	0	28	40042	29	0	40000	other	0
H_06	136	Picture	+	5177591	0	1	17514	2	0	17500	other	0
H_06	137	Picture	pos_30a.jpg	5197607	0	1	40033	2	0	40000	other	0
H_06	138	Picture	+	5237807	0	1	16513	3	0	16480	other	0
H_06	139	Picture	neg_12a.jpg	5255822	0	1	40033	2	0	40000	other	0
H_06	140	Picture	+	5296021	0	2	19517	3	0	19480	other	0
H_06	141	Picture	neu_20a.jpg	5317029	0	24	40043	25	0	40000	other	0
H_06	142	Picture	+	5357239	0	1	19349	2	0	19320	other	0
H_06	143	Picture	neu_29a.jpg	5378082	0	15	40040	16	0	40000	other	0
H_06	144	Picture	+	5418289	0	1	17848	2	0	17740	other	0
H_06	145	Picture	pos_1a.jpg	5437805	0	1	40033	2	0	40000	other	0
H_06	146	Picture	+	5478005	0	1	15846	2	0	15760	other	0
H_06	147	Picture	neu_16a.jpg	5495320	0	200	40065	201	0	40000	other	0
H_06	148	Picture	+	5535552	0	1	16347	2	0	16170	other	0
H_06	149	Picture	pos_16a.jpg	5553400	0	1	40033	2	0	40000	other	0
H_06	150	Picture	+	5593600	0	1	18181	3	0	18150	other	0
H_06	151	Picture	pos_15a.jpg	5613449	0	2	40033	4	0	40000	other	0
H_06	152	Picture	+	5653649	0	1	19516	2	0	19470	other	0
H_06	153	Picture	neg_24a.jpg	5674645	0	190	40054	192	0	40000	other	0
H_06	154	Picture	+	5714866	0	1	18349	2	0	18230	other	0
H_06	155	Picture	pos_18a.jpg	5734883	0	1	40033	2	0	40000	other	0
H_06	156	Picture	+	5775082	0	2	18849	4	0	18740	other	0
H_06	157	Picture	neg_19a.jpg	5795599	0	2	40033	3	0	40000	other	0
H_06	158	Picture	+	5835799	0	1	17014	2	0	16900	other	0
H_06	159	Picture	neg_7a.jpg	5854280	0	201	40067	202	0	40000	other	0
H_06	160	Picture	+	5894514	0	1	17514	3	0	17370	other	0
H_06	161	Picture	neu_9a.jpg	5913697	0	1	40032	3	0	40000	other	0
H_06	162	Picture	+	5953896	0	1	18849	2	0	18680	other	0
H_06	163	Picture	pos_7a.jpg	5974246	0	2	40033	3	0	40000	other	0
H_06	164	Picture	+	6014446	0	1	17848	2	0	17750	other	0
H_06	165	Picture	neu_13a.jpg	6033775	0	189	40053	191	0	40000	other	0
H_06	166	Picture	+	6073995	0	1	18015	2	0	18000	other	0
H_06	167	Picture	neg_14a.jpg	6093678	0	1	40033	2	0	40000	other	0
H_06	168	Picture	+	6133878	0	1	17848	2	0	17760	other	0
H_06	169	Picture	neg_1a.jpg	6153394	0	1	40033	2	0	40000	other	0
H_06	170	Picture	+	6193594	0	1	16180	2	0	16050	other	0
H_06	171	Picture	pos_8a.jpg	6211267	0	22	40041	23	0	40000	other	0
H_06	172	Picture	+	6251475	0	1	16513	2	0	16440	other	0
H_06	173	Picture	neu_23a.jpg	6269656	0	1	40033	2	0	40000	other	0
H_06	174	Picture	+	6309856	0	1	15679	3	0	15660	other	0
H_06	175	Picture	neu_3a.jpg	6327203	0	2	40033	4	0	40000	other	0
H_06	176	Picture	+	6367403	0	1	18682	2	0	18580	other	0
H_06	177	Picture	neg_21a.jpg	6387550	0	201	40069	203	0	40000	other	0
H_06	178	Picture	+	6427786	0	1	16347	2	0	16230	other	0
H_06	179	Picture	neg_8a.jpg	6445801	0	1	40033	2	0	40000	other	0
H_06	180	Picture	+	6486001	0	1	19015	3	0	18840	other	0
H_06	181	Picture	pos_26a.jpg	6506518	0	1	40033	2	0	40000	other	0
H_06	182	Picture	+	6546717	0	2	15847	3	0	15700	other	0
H_06	183	Picture	neu_8a.jpg	6564232	0	1	40033	2	0	40000	other	0
