Scenario - 
Logfile written - 02/10/2016 14:52:44

Subject	Trial	Event Type	Code	Time	TTime	Uncertainty	Duration	Uncertainty	ReqTime	ReqDur	Stim Type	Pair Index

H_07 post	4	Picture	+	1250860	0	1	15345	3	0	15200	other	0
H_07 post	5	Picture	neu_23a.jpg	1268168	0	207	40072	208	0	40000	other	0
H_07 post	6	Picture	+	1308407	0	1	16513	3	0	16350	other	0
H_07 post	7	Picture	pos_29a.jpg	1326588	0	2	40033	3	0	40000	other	0
H_07 post	8	Picture	+	1366788	0	1	15346	2	0	15300	other	0
H_07 post	9	Picture	neu_4a.jpg	1383457	0	180	40044	182	0	40000	other	0
H_07 post	10	Picture	+	1423668	0	1	19016	2	0	18860	other	0
H_07 post	11	Picture	neg_27a.jpg	1444168	0	185	40050	186	0	40000	other	0
H_07 post	12	Picture	+	1484385	0	1	20016	2	0	19930	other	0
H_07 post	13	Picture	neg_26a.jpg	1505886	0	185	40049	187	0	40000	other	0
H_07 post	14	Picture	+	1546102	0	1	16514	2	0	16490	other	0
H_07 post	15	Picture	pos_9a.jpg	1564088	0	197	40062	198	0	40000	other	0
H_07 post	16	Picture	+	1604317	0	1	17514	2	0	17490	other	0
H_07 post	17	Picture	neg_21a.jpg	1623316	0	184	40049	185	0	40000	other	0
H_07 post	18	Picture	+	1663532	0	1	15346	2	0	15240	other	0
H_07 post	19	Picture	pos_27a.jpg	1680546	0	1	40033	2	0	40000	other	0
H_07 post	20	Picture	+	1720746	0	1	17347	2	0	17260	other	0
H_07 post	21	Picture	neu_8a.jpg	1739761	0	2	40033	3	0	40000	other	0
H_07 post	22	Picture	+	1779961	0	1	17681	2	0	17660	other	0
H_07 post	23	Picture	pos_14a.jpg	1799137	0	24	40039	25	0	40000	other	0
H_07 post	24	Picture	+	1839343	0	1	19850	2	0	19720	other	0
H_07 post	25	Picture	pos_11a.jpg	1860685	0	24	40042	25	0	40000	other	0
H_07 post	26	Picture	+	1900894	0	1	16180	2	0	16030	other	0
H_07 post	27	Picture	neu_24a.jpg	1918558	0	22	40050	23	0	40000	other	0
H_07 post	28	Picture	+	1958775	0	1	17514	2	0	17390	other	0
H_07 post	29	Picture	neu_7a.jpg	1977957	0	1	40033	2	0	40000	other	0
H_07 post	30	Picture	+	2018157	0	1	19849	3	0	19710	other	0
H_07 post	31	Picture	pos_21a.jpg	2039501	0	14	40040	15	0	40000	other	0
H_07 post	32	Picture	+	2079707	0	2	17681	4	0	17590	other	0
H_07 post	33	Picture	neu_28a.jpg	2098883	0	16	40040	17	0	40000	other	0
H_07 post	34	Picture	+	2139090	0	1	15345	3	0	15180	other	0
H_07 post	35	Picture	neu_12a.jpg	2155937	0	1	40033	2	0	40000	other	0
H_07 post	36	Picture	+	2196136	0	2	19350	3	0	19220	other	0
H_07 post	37	Picture	neg_19a.jpg	2216975	0	180	40045	181	0	40000	other	0
H_07 post	38	Picture	+	2257187	0	1	18348	2	0	18320	other	0
H_07 post	39	Picture	neg_23a.jpg	2277011	0	193	40058	194	0	40000	other	0
H_07 post	40	Picture	+	2317236	0	1	18515	2	0	18360	other	0
H_07 post	41	Picture	pos_5a.jpg	2337243	0	18	40042	19	0	40000	other	0
H_07 post	42	Picture	+	2377452	0	1	15179	2	0	15080	other	0
H_07 post	43	Picture	pos_10a.jpg	2394133	0	1	40032	3	0	40000	other	0
H_07 post	44	Picture	+	2434332	0	1	16847	3	0	16790	other	0
H_07 post	45	Picture	neg_18a.jpg	2452847	0	2	40033	4	0	40000	other	0
H_07 post	46	Picture	+	2493047	0	1	19016	2	0	18990	other	0
H_07 post	47	Picture	pos_7a.jpg	2513558	0	14	40039	15	0	40000	other	0
H_07 post	48	Picture	+	2553764	0	1	18015	2	0	17940	other	0
H_07 post	49	Picture	neg_20a.jpg	2573447	0	1	40033	2	0	40000	other	0
H_07 post	50	Picture	+	2613646	0	2	15680	3	0	15660	other	0
H_07 post	51	Picture	pos_30a.jpg	2631828	0	1	40033	2	0	40000	other	0
H_07 post	52	Picture	+	2672028	0	1	19849	3	0	19720	other	0
H_07 post	53	Picture	neg_4a.jpg	2693379	0	1	40033	2	0	40000	other	0
H_07 post	54	Picture	+	2733578	0	1	19350	2	0	19250	other	0
H_07 post	55	Picture	neg_10a.jpg	2754596	0	1	40033	2	0	40000	other	0
H_07 post	56	Picture	+	2794795	0	2	18349	3	0	18200	other	0
H_07 post	57	Picture	neu_26a.jpg	2814645	0	1	40033	2	0	40000	other	0
H_07 post	58	Picture	+	2854845	0	1	17014	2	0	16930	other	0
H_07 post	59	Picture	neu_30a.jpg	2873527	0	1	40033	2	0	40000	other	0
H_07 post	60	Picture	+	2913726	0	2	17014	4	0	16890	other	0
H_07 post	61	Picture	pos_1a.jpg	2932408	0	2	40033	4	0	40000	other	0
H_07 post	62	Picture	+	2972608	0	1	16847	3	0	16730	other	0
H_07 post	63	Picture	neg_12a.jpg	2990957	0	1	40033	2	0	40000	other	0
H_07 post	64	Picture	+	3031156	0	2	15346	4	0	15250	other	0
H_07 post	65	Picture	neg_14a.jpg	3048170	0	2	40033	4	0	40000	other	0
H_07 post	66	Picture	+	3088370	0	1	16013	2	0	15940	other	0
H_07 post	67	Picture	neu_25a.jpg	3105875	0	24	40042	26	0	40000	other	0
H_07 post	68	Picture	+	3146084	0	1	18515	3	0	18440	other	0
H_07 post	69	Picture	neu_29a.jpg	3166094	0	14	40040	15	0	40000	other	0
H_07 post	70	Picture	+	3206300	0	2	18682	4	0	18640	other	0
H_07 post	71	Picture	neg_28a.jpg	3226484	0	1	40033	2	0	40000	other	0
H_07 post	72	Picture	+	3266683	0	2	18682	4	0	18510	other	0
H_07 post	73	Picture	pos_19a.jpg	3286860	0	16	40040	17	0	40000	other	0
H_07 post	74	Picture	+	3327066	0	2	17682	3	0	17640	other	0
H_07 post	75	Picture	neu_6a.jpg	3346249	0	1	40033	2	0	40000	other	0
H_07 post	76	Picture	+	3386449	0	1	15179	2	0	15120	other	0
H_07 post	77	Picture	neg_16a.jpg	3403296	0	1	40033	2	0	40000	other	0
H_07 post	78	Picture	+	3443496	0	1	15846	2	0	15700	other	0
H_07 post	79	Picture	neg_11a.jpg	3461010	0	1	40033	2	0	40000	other	0
H_07 post	80	Picture	+	3501210	0	1	18181	3	0	18160	other	0
H_07 post	81	Picture	pos_15a.jpg	3521059	0	2	40033	3	0	40000	other	0
H_07 post	82	Picture	+	3561259	0	1	15680	2	0	15560	other	0
H_07 post	83	Picture	neu_9a.jpg	3578607	0	1	40033	2	0	40000	other	0
H_07 post	84	Picture	+	3618806	0	2	15513	3	0	15500	other	0
H_07 post	85	Picture	neg_25a.jpg	3635987	0	2	40033	3	0	40000	other	0
H_07 post	86	Picture	+	3676187	0	1	18182	2	0	18170	other	0
H_07 post	87	Picture	neg_22a.jpg	3696037	0	1	40033	2	0	40000	other	0
H_07 post	88	Picture	+	3736236	0	2	17515	3	0	17490	other	0
H_07 post	89	Picture	neu_11a.jpg	3755419	0	1	40033	2	0	40000	other	0
H_07 post	90	Picture	+	3795619	0	1	15679	2	0	15540	other	0
H_07 post	91	Picture	neg_8a.jpg	3812788	0	179	40044	181	0	40000	other	0
H_07 post	92	Picture	+	3852999	0	1	19349	3	0	19240	other	0
H_07 post	93	Picture	neu_2a.jpg	3873828	0	190	40055	191	0	40000	other	0
H_07 post	94	Picture	+	3914049	0	1	15346	2	0	15180	other	0
H_07 post	95	Picture	pos_12a.jpg	3931063	0	2	40033	3	0	40000	other	0
H_07 post	96	Picture	+	3971263	0	1	16680	3	0	16590	other	0
H_07 post	97	Picture	pos_13a.jpg	3989438	0	13	40040	14	0	40000	other	0
H_07 post	98	Picture	+	4029644	0	2	19183	3	0	19020	other	0
H_07 post	99	Picture	neu_10a.jpg	4050319	0	26	40042	27	0	40000	other	0
H_07 post	100	Picture	+	4090528	0	1	17681	2	0	17590	other	0
H_07 post	101	Picture	neu_16a.jpg	4109673	0	201	40070	202	0	40000	other	0
H_07 post	102	Picture	+	4149910	0	1	19683	2	0	19520	other	0
H_07 post	103	Picture	pos_3a.jpg	4171094	0	2	40033	3	0	40000	other	0
H_07 post	104	Picture	+	4211294	0	1	18849	2	0	18710	other	0
H_07 post	105	Picture	neu_19a.jpg	4232471	0	12	40040	13	0	40000	other	0
H_07 post	106	Picture	+	4272678	0	1	18348	2	0	18200	other	0
H_07 post	107	Picture	neu_1a.jpg	4292694	0	1	40033	2	0	40000	other	0
H_07 post	108	Picture	+	4332894	0	1	19182	3	0	19170	other	0
H_07 post	109	Picture	neu_22a.jpg	4353562	0	184	40048	186	0	40000	other	0
H_07 post	110	Picture	+	4393777	0	2	18349	3	0	18300	other	0
H_07 post	111	Picture	neg_9a.jpg	4413627	0	1	40033	2	0	40000	other	0
H_07 post	112	Picture	+	4453827	0	1	15346	2	0	15180	other	0
H_07 post	113	Picture	neu_14a.jpg	4470648	0	194	40059	195	0	40000	other	0
H_07 post	114	Picture	+	4510874	0	1	19683	2	0	19640	other	0
H_07 post	115	Picture	neg_13a.jpg	4532058	0	1	40033	2	0	40000	other	0
H_07 post	116	Picture	+	4572258	0	1	15679	2	0	15520	other	0
H_07 post	117	Picture	pos_20a.jpg	4589605	0	2	40033	3	0	40000	other	0
H_07 post	118	Picture	+	4629805	0	1	19516	2	0	19380	other	0
H_07 post	119	Picture	neu_17a.jpg	4650815	0	23	40040	24	0	40000	other	0
H_07 post	120	Picture	+	4691022	0	1	17848	2	0	17800	other	0
H_07 post	121	Picture	neg_7a.jpg	4710365	0	23	40039	24	0	40000	other	0
H_07 post	122	Picture	+	4750571	0	1	18015	2	0	17890	other	0
H_07 post	123	Picture	neu_18a.jpg	4770254	0	1	40033	2	0	40000	other	0
H_07 post	124	Picture	+	4810454	0	1	18348	2	0	18320	other	0
H_07 post	125	Picture	pos_26a.jpg	4830303	0	2	40033	3	0	40000	other	0
H_07 post	126	Picture	+	4870503	0	1	19016	2	0	18910	other	0
H_07 post	127	Picture	neu_5a.jpg	4891187	0	1	40033	2	0	40000	other	0
H_07 post	128	Picture	+	4931386	0	2	15346	4	0	15260	other	0
H_07 post	129	Picture	neg_1a.jpg	4948400	0	2	40033	4	0	40000	other	0
H_07 post	130	Picture	+	4988600	0	1	15847	2	0	15760	other	0
H_07 post	131	Picture	neg_24a.jpg	5005934	0	182	40047	183	0	40000	other	0
H_07 post	132	Picture	+	5046148	0	1	18848	3	0	18760	other	0
H_07 post	133	Picture	pos_8a.jpg	5066664	0	2	40033	4	0	40000	other	0
H_07 post	134	Picture	+	5106864	0	1	19349	3	0	19200	other	0
H_07 post	135	Picture	neg_29a.jpg	5127881	0	2	40033	4	0	40000	other	0
H_07 post	136	Picture	+	5168081	0	1	19183	2	0	19050	other	0
H_07 post	137	Picture	pos_18a.jpg	5188932	0	1	40033	2	0	40000	other	0
H_07 post	138	Picture	+	5229131	0	2	19517	3	0	19400	other	0
H_07 post	139	Picture	pos_28a.jpg	5250804	0	18	40045	19	0	40000	other	0
H_07 post	140	Picture	+	5291016	0	1	19849	3	0	19710	other	0
H_07 post	141	Picture	pos_23a.jpg	5312355	0	22	40045	23	0	40000	other	0
H_07 post	142	Picture	+	5352566	0	2	19850	3	0	19780	other	0
H_07 post	143	Picture	pos_24a.jpg	5373917	0	2	40033	3	0	40000	other	0
H_07 post	144	Picture	+	5414117	0	1	15346	2	0	15190	other	0
H_07 post	145	Picture	neg_2a.jpg	5430955	0	36	40042	37	0	40000	other	0
H_07 post	146	Picture	+	5471164	0	1	20016	3	0	19910	other	0
H_07 post	147	Picture	neg_3a.jpg	5492644	0	201	40071	202	0	40000	other	0
H_07 post	148	Picture	+	5532881	0	2	15513	3	0	15360	other	0
H_07 post	149	Picture	neu_15a.jpg	5549888	0	24	40040	26	0	40000	other	0
H_07 post	150	Picture	+	5590095	0	1	19183	2	0	19070	other	0
H_07 post	151	Picture	pos_6a.jpg	5610605	0	12	40040	13	0	40000	other	0
H_07 post	152	Picture	+	5650812	0	1	16347	2	0	16240	other	0
H_07 post	153	Picture	neg_30a.jpg	5668660	0	1	40033	2	0	40000	other	0
H_07 post	154	Picture	+	5708860	0	1	19349	2	0	19220	other	0
H_07 post	155	Picture	neu_20a.jpg	5729676	0	201	40067	202	0	40000	other	0
H_07 post	156	Picture	+	5769910	0	1	17014	2	0	16980	other	0
H_07 post	157	Picture	neg_6a.jpg	5788592	0	1	40033	2	0	40000	other	0
H_07 post	158	Picture	+	5828792	0	1	15512	3	0	15400	other	0
H_07 post	159	Picture	pos_2a.jpg	5845799	0	14	40040	15	0	40000	other	0
H_07 post	160	Picture	+	5886005	0	1	16180	3	0	16060	other	0
H_07 post	161	Picture	neg_5a.jpg	5903679	0	14	40041	15	0	40000	other	0
H_07 post	162	Picture	+	5943886	0	2	17348	3	0	17240	other	0
H_07 post	163	Picture	neg_17a.jpg	5962902	0	1	40033	2	0	40000	other	0
H_07 post	164	Picture	+	6003102	0	1	15346	2	0	15260	other	0
H_07 post	165	Picture	pos_17a.jpg	6019941	0	14	40041	15	0	40000	other	0
H_07 post	166	Picture	+	6060149	0	1	16013	2	0	15880	other	0
H_07 post	167	Picture	pos_25a.jpg	6077830	0	1	40033	2	0	40000	other	0
H_07 post	168	Picture	+	6118030	0	1	17180	3	0	17100	other	0
H_07 post	169	Picture	neu_21a.jpg	6136704	0	14	40041	15	0	40000	other	0
H_07 post	170	Picture	+	6176911	0	2	17348	3	0	17180	other	0
H_07 post	171	Picture	pos_22a.jpg	6195927	0	1	40033	2	0	40000	other	0
H_07 post	172	Picture	+	6236127	0	1	18348	2	0	18280	other	0
H_07 post	173	Picture	neu_27a.jpg	6255976	0	2	40033	4	0	40000	other	0
H_07 post	174	Picture	+	6296176	0	1	16013	3	0	15890	other	0
H_07 post	175	Picture	neu_3a.jpg	6313857	0	2	40033	4	0	40000	other	0
H_07 post	176	Picture	+	6354057	0	1	19683	2	0	19540	other	0
H_07 post	177	Picture	neg_15a.jpg	6375241	0	2	40033	3	0	40000	other	0
H_07 post	178	Picture	+	6415441	0	1	18170	14	0	18170	other	0
H_07 post	179	Picture	neu_13a.jpg	6435103	0	190	40054	191	0	40000	other	0
H_07 post	180	Picture	+	6475324	0	1	15512	3	0	15370	other	0
H_07 post	181	Picture	pos_16a.jpg	6492330	0	13	40041	14	0	40000	other	0
H_07 post	182	Picture	+	6532537	0	2	19516	4	0	19470	other	0
H_07 post	183	Picture	pos_4a.jpg	6553555	0	1	40033	2	0	40000	other	0
