Scenario - 
Logfile written - 02/11/2016 10:26:04

Subject	Trial	Event Type	Code	Time	TTime	Uncertainty	Duration	Uncertainty	ReqTime	ReqDur	Stim Type	Pair Index

H_08	4	Picture	+	1251200	0	1	19516	2	0	19350	other	0
H_08	5	Picture	neg_5a.jpg	1272879	0	7	40038	8	0	40000	other	0
H_08	6	Picture	+	1313084	0	1	20017	2	0	19980	other	0
H_08	7	Picture	neu_21a.jpg	1334583	0	187	40052	188	0	40000	other	0
H_08	8	Picture	+	1374802	0	1	18348	2	0	18200	other	0
H_08	9	Picture	neg_1a.jpg	1394818	0	2	40033	4	0	40000	other	0
H_08	10	Picture	+	1435018	0	1	18015	2	0	17840	other	0
H_08	11	Picture	neu_3a.jpg	1454701	0	1	40033	2	0	40000	other	0
H_08	12	Picture	+	1494901	0	1	17515	2	0	17460	other	0
H_08	13	Picture	neu_4a.jpg	1513917	0	1	40033	2	0	40000	other	0
H_08	14	Picture	+	1554117	0	1	15513	2	0	15350	other	0
H_08	15	Picture	neu_13a.jpg	1571298	0	1	40033	2	0	40000	other	0
H_08	16	Picture	+	1611497	0	2	18015	4	0	17840	other	0
H_08	17	Picture	pos_21a.jpg	1630995	0	187	40052	188	0	40000	other	0
H_08	18	Picture	+	1671214	0	1	15346	2	0	15330	other	0
H_08	19	Picture	pos_3a.jpg	1688061	0	1	40033	2	0	40000	other	0
H_08	20	Picture	+	1728261	0	1	18181	3	0	18050	other	0
H_08	21	Picture	pos_19a.jpg	1747937	0	26	40040	27	0	40000	other	0
H_08	22	Picture	+	1788144	0	1	17014	2	0	16930	other	0
H_08	23	Picture	pos_2a.jpg	1806650	0	23	40042	24	0	40000	other	0
H_08	24	Picture	+	1846859	0	1	15346	2	0	15200	other	0
H_08	25	Picture	neu_22a.jpg	1863873	0	1	40033	2	0	40000	other	0
H_08	26	Picture	+	1904073	0	1	18515	2	0	18340	other	0
H_08	27	Picture	neu_27a.jpg	1924089	0	2	40033	4	0	40000	other	0
H_08	28	Picture	+	1964289	0	1	16347	2	0	16220	other	0
H_08	29	Picture	neg_17a.jpg	1982304	0	1	40033	2	0	40000	other	0
H_08	30	Picture	+	2022504	0	1	19683	2	0	19510	other	0
H_08	31	Picture	pos_14a.jpg	2043662	0	194	40059	195	0	40000	other	0
H_08	32	Picture	+	2083888	0	1	18849	2	0	18740	other	0
H_08	33	Picture	neg_3a.jpg	2104202	0	200	40069	202	0	40000	other	0
H_08	34	Picture	+	2144438	0	1	16514	2	0	16460	other	0
H_08	35	Picture	neu_29a.jpg	2162446	0	14	40040	15	0	40000	other	0
H_08	36	Picture	+	2202653	0	1	17681	2	0	17590	other	0
H_08	37	Picture	neg_2a.jpg	2221824	0	18	40045	19	0	40000	other	0
H_08	38	Picture	+	2262035	0	2	15346	4	0	15220	other	0
H_08	39	Picture	neu_23a.jpg	2279049	0	2	40033	4	0	40000	other	0
H_08	40	Picture	+	2319249	0	1	18349	2	0	18280	other	0
H_08	41	Picture	pos_22a.jpg	2339266	0	1	40033	2	0	40000	other	0
H_08	42	Picture	+	2379466	0	1	17014	2	0	16850	other	0
H_08	43	Picture	neg_26a.jpg	2397967	0	182	40047	183	0	40000	other	0
H_08	44	Picture	+	2438181	0	1	18015	2	0	17910	other	0
H_08	45	Picture	neu_19a.jpg	2458497	0	200	40067	201	0	40000	other	0
H_08	46	Picture	+	2498731	0	1	16847	3	0	16830	other	0
H_08	47	Picture	neg_8a.jpg	2517246	0	2	40033	4	0	40000	other	0
H_08	48	Picture	+	2557446	0	1	18516	2	0	18400	other	0
H_08	49	Picture	neu_11a.jpg	2577630	0	1	40033	2	0	40000	other	0
H_08	50	Picture	+	2617829	0	2	17682	3	0	17600	other	0
H_08	51	Picture	neu_24a.jpg	2637002	0	26	40043	27	0	40000	other	0
H_08	52	Picture	+	2677212	0	1	18849	2	0	18800	other	0
H_08	53	Picture	pos_8a.jpg	2697553	0	14	40042	15	0	40000	other	0
H_08	54	Picture	+	2737762	0	1	18515	2	0	18420	other	0
H_08	55	Picture	pos_12a.jpg	2757945	0	2	40033	4	0	40000	other	0
H_08	56	Picture	+	2798145	0	1	19850	2	0	19680	other	0
H_08	57	Picture	neu_1a.jpg	2819663	0	1	40033	2	0	40000	other	0
H_08	58	Picture	+	2859863	0	1	19683	2	0	19520	other	0
H_08	59	Picture	neu_26a.jpg	2881047	0	1	40033	2	0	40000	other	0
H_08	60	Picture	+	2921247	0	1	17848	2	0	17690	other	0
H_08	61	Picture	neu_16a.jpg	2940587	0	24	40042	25	0	40000	other	0
H_08	62	Picture	+	2980796	0	1	16013	3	0	15960	other	0
H_08	63	Picture	neg_30a.jpg	2998298	0	18	40046	19	0	40000	other	0
H_08	64	Picture	+	3038510	0	2	16180	4	0	16120	other	0
H_08	65	Picture	neg_24a.jpg	3056172	0	188	40053	189	0	40000	other	0
H_08	66	Picture	+	3096392	0	1	17848	2	0	17830	other	0
H_08	67	Picture	pos_25a.jpg	3115735	0	12	40039	13	0	40000	other	0
H_08	68	Picture	+	3155941	0	1	17181	2	0	17090	other	0
H_08	69	Picture	pos_1a.jpg	3174790	0	1	40033	2	0	40000	other	0
H_08	70	Picture	+	3214990	0	1	16680	2	0	16650	other	0
H_08	71	Picture	pos_10a.jpg	3233171	0	2	40034	3	0	40000	other	0
H_08	72	Picture	+	3273371	0	2	19350	3	0	19320	other	0
H_08	73	Picture	pos_9a.jpg	3294210	0	18	40045	19	0	40000	other	0
H_08	74	Picture	+	3334422	0	1	18015	2	0	17850	other	0
H_08	75	Picture	neg_25a.jpg	3354105	0	1	40033	2	0	40000	other	0
H_08	76	Picture	+	3394305	0	1	16013	2	0	15960	other	0
H_08	77	Picture	pos_6a.jpg	3411819	0	2	40033	4	0	40000	other	0
H_08	78	Picture	+	3452019	0	2	18349	3	0	18220	other	0
H_08	79	Picture	neg_28a.jpg	3471869	0	1	40033	2	0	40000	other	0
H_08	80	Picture	+	3512069	0	1	19516	2	0	19440	other	0
H_08	81	Picture	neu_14a.jpg	3533060	0	195	40060	196	0	40000	other	0
H_08	82	Picture	+	3573286	0	2	15346	4	0	15240	other	0
H_08	83	Picture	neu_17a.jpg	3590098	0	201	40069	202	0	40000	other	0
H_08	84	Picture	+	3630334	0	1	16680	2	0	16620	other	0
H_08	85	Picture	neg_18a.jpg	3648682	0	1	40033	2	0	40000	other	0
H_08	86	Picture	+	3688882	0	1	18515	3	0	18370	other	0
H_08	87	Picture	neg_10a.jpg	3709065	0	2	40034	3	0	40000	other	0
H_08	88	Picture	+	3749265	0	2	19517	3	0	19460	other	0
H_08	89	Picture	neg_12a.jpg	3770270	0	16	40046	17	0	40000	other	0
H_08	90	Picture	+	3810483	0	1	17848	2	0	17810	other	0
H_08	91	Picture	neu_18a.jpg	3829999	0	1	40033	2	0	40000	other	0
H_08	92	Picture	+	3870199	0	1	18682	2	0	18570	other	0
H_08	93	Picture	neu_2a.jpg	3890368	0	182	40047	184	0	40000	other	0
H_08	94	Picture	+	3930582	0	1	18516	2	0	18360	other	0
H_08	95	Picture	pos_17a.jpg	3950766	0	1	40033	2	0	40000	other	0
H_08	96	Picture	+	3990966	0	1	16180	2	0	16100	other	0
H_08	97	Picture	neg_19a.jpg	4008814	0	1	40033	2	0	40000	other	0
H_08	98	Picture	+	4049014	0	1	19516	2	0	19500	other	0
H_08	99	Picture	neg_15a.jpg	4070031	0	1	40033	2	0	40000	other	0
H_08	100	Picture	+	4110231	0	1	16847	2	0	16680	other	0
H_08	101	Picture	neg_6a.jpg	4128746	0	2	40033	4	0	40000	other	0
H_08	102	Picture	+	4168946	0	1	15680	2	0	15590	other	0
H_08	103	Picture	pos_16a.jpg	4186118	0	31	40042	33	0	40000	other	0
H_08	104	Picture	+	4226327	0	1	19016	2	0	18890	other	0
H_08	105	Picture	neg_23a.jpg	4246812	0	200	40065	201	0	40000	other	0
H_08	106	Picture	+	4287044	0	1	18682	2	0	18520	other	0
H_08	107	Picture	neu_20a.jpg	4307220	0	14	40041	15	0	40000	other	0
H_08	108	Picture	+	4347427	0	2	17515	3	0	17390	other	0
H_08	109	Picture	neg_27a.jpg	4366610	0	1	40033	2	0	40000	other	0
H_08	110	Picture	+	4406810	0	1	16170	179	0	16170	other	0
H_08	111	Picture	neg_16a.jpg	4424817	0	11	40041	12	0	40000	other	0
H_08	112	Picture	+	4465025	0	1	19683	2	0	19560	other	0
H_08	113	Picture	neu_10a.jpg	4486201	0	26	40041	27	0	40000	other	0
H_08	114	Picture	+	4526409	0	1	18515	2	0	18500	other	0
H_08	115	Picture	neu_5a.jpg	4546592	0	2	40033	4	0	40000	other	0
H_08	116	Picture	+	4586792	0	1	17848	3	0	17760	other	0
H_08	117	Picture	pos_15a.jpg	4606308	0	2	40034	3	0	40000	other	0
H_08	118	Picture	+	4646508	0	2	16514	3	0	16360	other	0
H_08	119	Picture	pos_28a.jpg	4665184	0	24	40040	25	0	40000	other	0
H_08	120	Picture	+	4705391	0	1	15679	2	0	15580	other	0
H_08	121	Picture	neg_21a.jpg	4722545	0	195	40060	196	0	40000	other	0
H_08	122	Picture	+	4762771	0	2	15180	3	0	15060	other	0
H_08	123	Picture	pos_30a.jpg	4780453	0	1	40033	2	0	40000	other	0
H_08	124	Picture	+	4820653	0	1	20016	2	0	19880	other	0
H_08	125	Picture	neg_29a.jpg	4842337	0	2	40033	4	0	40000	other	0
H_08	126	Picture	+	4882537	0	1	19183	2	0	19090	other	0
H_08	127	Picture	pos_11a.jpg	4903182	0	200	40072	201	0	40000	other	0
H_08	128	Picture	+	4943421	0	1	17848	2	0	17760	other	0
H_08	129	Picture	neg_14a.jpg	4962937	0	1	40033	2	0	40000	other	0
H_08	130	Picture	+	5003137	0	1	17014	2	0	16920	other	0
H_08	131	Picture	neu_30a.jpg	5021819	0	1	40033	3	0	40000	other	0
H_08	132	Picture	+	5062019	0	1	16347	2	0	16260	other	0
H_08	133	Picture	pos_4a.jpg	5079859	0	22	40041	24	0	40000	other	0
H_08	134	Picture	+	5120067	0	1	18182	2	0	18010	other	0
H_08	135	Picture	neg_20a.jpg	5139917	0	1	40033	2	0	40000	other	0
H_08	136	Picture	+	5180117	0	1	19182	3	0	19110	other	0
H_08	137	Picture	neg_9a.jpg	5200801	0	1	40033	2	0	40000	other	0
H_08	138	Picture	+	5241001	0	1	19516	2	0	19370	other	0
H_08	139	Picture	neg_11a.jpg	5262185	0	1	40033	2	0	40000	other	0
H_08	140	Picture	+	5302385	0	1	17848	2	0	17750	other	0
H_08	141	Picture	pos_7a.jpg	5321734	0	2	40033	4	0	40000	other	0
H_08	142	Picture	+	5361934	0	1	17515	2	0	17360	other	0
H_08	143	Picture	neu_8a.jpg	5381117	0	1	40033	2	0	40000	other	0
H_08	144	Picture	+	5421317	0	1	17347	3	0	17180	other	0
H_08	145	Picture	neu_9a.jpg	5440332	0	2	40034	3	0	40000	other	0
H_08	146	Picture	+	5480532	0	2	15180	3	0	15140	other	0
H_08	147	Picture	neg_22a.jpg	5497380	0	1	40033	2	0	40000	other	0
H_08	148	Picture	+	5537580	0	1	17180	3	0	17170	other	0
H_08	149	Picture	neu_12a.jpg	5556084	0	179	40044	180	0	40000	other	0
H_08	150	Picture	+	5596295	0	1	17348	2	0	17330	other	0
H_08	151	Picture	pos_26a.jpg	5615144	0	1	40033	2	0	40000	other	0
H_08	152	Picture	+	5655344	0	1	15679	3	0	15510	other	0
H_08	153	Picture	pos_13a.jpg	5672519	0	14	40039	15	0	40000	other	0
H_08	154	Picture	+	5712725	0	1	20016	2	0	19980	other	0
H_08	155	Picture	neu_25a.jpg	5734233	0	24	40043	25	0	40000	other	0
H_08	156	Picture	+	5774442	0	2	18182	3	0	18150	other	0
H_08	157	Picture	neu_6a.jpg	5794125	0	2	40034	3	0	40000	other	0
H_08	158	Picture	+	5834325	0	2	19850	3	0	19770	other	0
H_08	159	Picture	pos_23a.jpg	5855843	0	1	40033	3	0	40000	other	0
H_08	160	Picture	+	5896043	0	1	17848	2	0	17770	other	0
H_08	161	Picture	neu_7a.jpg	5915559	0	2	40033	4	0	40000	other	0
H_08	162	Picture	+	5955759	0	1	16180	3	0	16130	other	0
H_08	163	Picture	pos_18a.jpg	5973607	0	2	40034	3	0	40000	other	0
H_08	164	Picture	+	6013807	0	2	19183	3	0	19060	other	0
H_08	165	Picture	neu_28a.jpg	6034484	0	12	40040	13	0	40000	other	0
H_08	166	Picture	+	6074691	0	1	19683	2	0	19520	other	0
H_08	167	Picture	pos_27a.jpg	6096042	0	1	40033	2	0	40000	other	0
H_08	168	Picture	+	6136242	0	1	15847	2	0	15670	other	0
H_08	169	Picture	neu_15a.jpg	6153580	0	29	40043	30	0	40000	other	0
H_08	170	Picture	+	6193790	0	1	19849	3	0	19750	other	0
H_08	171	Picture	pos_5a.jpg	6215133	0	14	40041	15	0	40000	other	0
H_08	172	Picture	+	6255341	0	1	17181	2	0	17020	other	0
H_08	173	Picture	pos_29a.jpg	6274023	0	1	40033	2	0	40000	other	0
H_08	174	Picture	+	6314223	0	1	18015	2	0	17950	other	0
H_08	175	Picture	pos_24a.jpg	6333739	0	1	40033	2	0	40000	other	0
H_08	176	Picture	+	6373939	0	1	15680	2	0	15580	other	0
H_08	177	Picture	neg_4a.jpg	6391120	0	1	40033	2	0	40000	other	0
H_08	178	Picture	+	6431320	0	1	17181	2	0	17120	other	0
H_08	179	Picture	pos_20a.jpg	6450169	0	1	40033	2	0	40000	other	0
H_08	180	Picture	+	6490369	0	1	15179	2	0	15050	other	0
H_08	181	Picture	neg_7a.jpg	6507040	0	25	40042	27	0	40000	other	0
H_08	182	Picture	+	6547249	0	1	19016	2	0	19000	other	0
H_08	183	Picture	neg_13a.jpg	6567766	0	1	40033	2	0	40000	other	0
