Scenario - 
Logfile written - 02/13/2016 09:57:43

Subject	Trial	Event Type	Code	Time	TTime	Uncertainty	Duration	Uncertainty	ReqTime	ReqDur	Stim Type	Pair Index

H_10	4	Picture	+	1250868	0	1	18349	2	0	18230	other	0
H_10	6	Picture	+	1310584	0	2	19183	3	0	19090	other	0
H_10	8	Picture	+	1370968	0	1	15513	2	0	15460	other	0
H_10	10	Picture	+	1427681	0	2	18015	3	0	17980	other	0
H_10	12	Picture	+	1486897	0	1	18349	2	0	18200	other	0
H_10	14	Picture	+	1546446	0	2	18182	3	0	18010	other	0
H_10	16	Picture	+	1605829	0	1	15513	2	0	15390	other	0
H_10	18	Picture	+	1662542	0	2	17682	3	0	17530	other	0
H_10	20	Picture	+	1722592	0	1	19516	3	0	19470	other	0
H_10	22	Picture	+	1783309	0	1	17348	2	0	17190	other	0
H_10	24	Picture	+	1841858	0	1	17681	2	0	17580	other	0
H_10	26	Picture	+	1900740	0	1	16347	2	0	16330	other	0
H_10	28	Picture	+	1958287	0	2	18349	3	0	18310	other	0
H_10	30	Picture	+	2018671	0	1	16180	2	0	16120	other	0
H_10	32	Picture	+	2076051	0	2	20016	4	0	19930	other	0
H_10	34	Picture	+	2137269	0	1	16513	3	0	16500	other	0
H_10	36	Picture	+	2194983	0	1	15346	3	0	15320	other	0
H_10	38	Picture	+	2251530	0	1	16180	2	0	16170	other	0
H_10	40	Picture	+	2308911	0	1	15179	2	0	15110	other	0
H_10	42	Picture	+	2365291	0	1	16847	2	0	16760	other	0
H_10	44	Picture	+	2423339	0	1	16680	3	0	16620	other	0
H_10	46	Picture	+	2481220	0	1	18849	2	0	18700	other	0
H_10	48	Picture	+	2541270	0	1	19850	2	0	19680	other	0
H_10	50	Picture	+	2602320	0	2	19350	3	0	19280	other	0
H_10	52	Picture	+	2662871	0	1	19349	2	0	19250	other	0
H_10	54	Picture	+	2723421	0	1	17347	3	0	17250	other	0
H_10	56	Picture	+	2781969	0	1	18015	2	0	17860	other	0
H_10	58	Picture	+	2841185	0	1	15346	2	0	15190	other	0
H_10	60	Picture	+	2897732	0	1	15346	2	0	15180	other	0
H_10	62	Picture	+	2954279	0	1	15512	3	0	15370	other	0
H_10	64	Picture	+	3010992	0	1	18515	3	0	18440	other	0
H_10	66	Picture	+	3070708	0	2	17181	3	0	17050	other	0
H_10	68	Picture	+	3129090	0	1	15513	2	0	15490	other	0
H_10	70	Picture	+	3185804	0	1	18849	2	0	18770	other	0
H_10	72	Picture	+	3245853	0	1	19350	2	0	19250	other	0
H_10	74	Picture	+	3306403	0	2	17682	3	0	17600	other	0
H_10	76	Picture	+	3365285	0	2	19517	3	0	19420	other	0
H_10	78	Picture	+	3426002	0	2	17849	3	0	17720	other	0
H_10	80	Picture	+	3485051	0	2	16347	3	0	16270	other	0
H_10	82	Picture	+	3542766	0	1	15179	2	0	15160	other	0
H_10	84	Picture	+	3599146	0	1	15513	2	0	15460	other	0
H_10	86	Picture	+	3655859	0	2	19350	3	0	19210	other	0
H_10	88	Picture	+	3716410	0	1	18848	3	0	18700	other	0
H_10	90	Picture	+	3776459	0	1	16514	2	0	16400	other	0
H_10	92	Picture	+	3834174	0	1	18682	2	0	18610	other	0
H_10	94	Picture	+	3894057	0	1	20016	2	0	19920	other	0
H_10	96	Picture	+	3955441	0	1	17848	2	0	17720	other	0
H_10	98	Picture	+	4014490	0	1	16013	2	0	15960	other	0
H_10	100	Picture	+	4071704	0	1	17514	2	0	17370	other	0
H_10	102	Picture	+	4130419	0	1	17681	3	0	17530	other	0
H_10	104	Picture	+	4189301	0	1	15179	3	0	15090	other	0
H_10	106	Picture	+	4245681	0	1	17181	2	0	17020	other	0
H_10	108	Picture	+	4304063	0	1	17681	2	0	17600	other	0
H_10	110	Picture	+	4362945	0	1	15346	2	0	15200	other	0
H_10	112	Picture	+	4419492	0	1	18181	3	0	18120	other	0
H_10	114	Picture	+	4478874	0	1	16347	2	0	16230	other	0
H_10	116	Picture	+	4536589	0	1	17014	2	0	16850	other	0
H_10	118	Picture	+	4594803	0	2	17015	3	0	16920	other	0
H_10	120	Picture	+	4652852	0	1	16180	2	0	16010	other	0
H_10	122	Picture	+	4710066	0	1	20016	2	0	19990	other	0
H_10	124	Picture	+	4771283	0	1	16180	2	0	16160	other	0
H_10	126	Picture	+	4828664	0	1	15846	2	0	15670	other	0
H_10	128	Picture	+	4886545	0	1	17515	2	0	17420	other	0
H_10	130	Picture	+	4945260	0	2	18349	3	0	18200	other	0
H_10	132	Picture	+	5004810	0	1	16680	2	0	16570	other	0
H_10	134	Picture	+	5062691	0	1	17681	2	0	17590	other	0
H_10	136	Picture	+	5121573	0	1	16013	2	0	15960	other	0
H_10	138	Picture	+	5178787	0	1	15179	2	0	15080	other	0
H_10	140	Picture	+	5235000	0	1	19516	3	0	19500	other	0
H_10	142	Picture	+	5295884	0	1	16680	3	0	16560	other	0
H_10	144	Picture	+	5353765	0	1	16347	2	0	16330	other	0
H_10	146	Picture	+	5411313	0	1	17514	3	0	17340	other	0
H_10	148	Picture	+	5470028	0	1	16347	2	0	16190	other	0
H_10	150	Picture	+	5527409	0	1	16013	2	0	15890	other	0
H_10	152	Picture	+	5584623	0	1	18015	2	0	17920	other	0
H_10	154	Picture	+	5643839	0	1	18015	2	0	17990	other	0
H_10	156	Picture	+	5703054	0	2	16014	3	0	15920	other	0
H_10	158	Picture	+	5760268	0	2	18683	3	0	18530	other	0
H_10	160	Picture	+	5820151	0	2	19183	3	0	19050	other	0
H_10	162	Picture	+	5880535	0	1	17681	2	0	17520	other	0
H_10	164	Picture	+	5939417	0	1	19016	2	0	19000	other	0
H_10	166	Picture	+	5999633	0	2	19183	3	0	19130	other	0
H_10	168	Picture	+	6060017	0	1	18015	2	0	17920	other	0
H_10	170	Picture	+	6119232	0	2	15513	3	0	15370	other	0
H_10	172	Picture	+	6175946	0	1	15513	2	0	15370	other	0
H_10	174	Picture	+	6232660	0	1	18682	2	0	18580	other	0
H_10	176	Picture	+	6292543	0	1	17514	2	0	17430	other	0
H_10	178	Picture	+	6351258	0	1	19182	3	0	19060	other	0
H_10	180	Picture	+	6411641	0	1	15513	2	0	15500	other	0
H_10	182	Picture	+	6468355	0	1	20016	3	0	19880	other	0
