Scenario - 
Logfile written - 03/14/2016 16:31:51

Subject	Trial	Event Type	Code	Time	TTime	Uncertainty	Duration	Uncertainty	ReqTime	ReqDur	Stim Type	Pair Index

H_20	4	Picture	+	1250963	0	1	16500	1	0	16470	other	0
H_20	5	Picture	pos_9a.jpg	1269462	0	1	40165	1	0	40000	other	0
H_20	6	Picture	+	1309794	0	1	17000	1	0	16880	other	0
H_20	7	Picture	neu_19a.jpg	1329127	0	1	40165	1	0	40000	other	0
H_20	8	Picture	+	1369459	0	1	18166	1	0	18040	other	0
H_20	9	Picture	pos_3a.jpg	1389292	0	1	40165	1	0	40000	other	0
H_20	10	Picture	+	1429624	0	1	19166	1	0	19050	other	0
H_20	11	Picture	neg_1a.jpg	1450623	0	1	40165	1	0	40000	other	0
H_20	12	Picture	+	1490955	0	1	18166	1	0	18030	other	0
H_20	13	Picture	pos_15a.jpg	1510955	0	1	40165	1	0	40000	other	0
H_20	14	Picture	+	1551287	0	1	17999	1	0	17980	other	0
H_20	15	Picture	neu_1a.jpg	1571120	0	1	40165	1	0	40000	other	0
H_20	16	Picture	+	1611452	0	1	15166	1	0	15080	other	0
H_20	17	Picture	neu_23a.jpg	1628451	0	1	40165	1	0	40000	other	0
H_20	18	Picture	+	1668783	0	1	18333	1	0	18300	other	0
H_20	19	Picture	neg_16a.jpg	1688949	0	1	40165	1	0	40000	other	0
H_20	20	Picture	+	1729281	0	1	19666	1	0	19570	other	0
H_20	21	Picture	pos_10a.jpg	1750614	0	1	40165	1	0	40000	other	0
H_20	22	Picture	+	1790946	0	1	15666	1	0	15610	other	0
H_20	23	Picture	pos_19a.jpg	1808261	0	186	40017	186	0	40000	other	0
H_20	24	Picture	+	1848445	0	1	19333	1	0	19280	other	0
H_20	25	Picture	pos_27a.jpg	1869611	0	1	40165	1	0	40000	other	0
H_20	26	Picture	+	1909943	0	1	17833	1	0	17660	other	0
H_20	27	Picture	neg_22a.jpg	1929609	0	1	40165	1	0	40000	other	0
H_20	28	Picture	+	1969941	0	1	17499	1	0	17420	other	0
H_20	29	Picture	neg_8a.jpg	1989274	0	1	40165	1	0	40000	other	0
H_20	30	Picture	+	2029606	0	1	19166	1	0	19010	other	0
H_20	31	Picture	neu_3a.jpg	2050605	0	1	40165	1	0	40000	other	0
H_20	32	Picture	+	2090937	0	1	19999	1	0	19880	other	0
H_20	33	Picture	pos_29a.jpg	2112603	0	1	40165	1	0	40000	other	0
H_20	34	Picture	+	2152935	0	1	17166	1	0	17020	other	0
H_20	35	Picture	neg_7a.jpg	2171733	0	202	40034	202	0	40000	other	0
H_20	36	Picture	+	2211934	0	1	16333	1	0	16310	other	0
H_20	37	Picture	neu_4a.jpg	2229933	0	1	40165	1	0	40000	other	0
H_20	38	Picture	+	2270265	0	1	19833	1	0	19720	other	0
H_20	39	Picture	neu_22a.jpg	2291931	0	1	40165	1	0	40000	other	0
H_20	40	Picture	+	2332263	0	1	19833	1	0	19690	other	0
H_20	41	Picture	pos_2a.jpg	2353763	0	1	40165	1	0	40000	other	0
H_20	42	Picture	+	2394095	0	1	16999	1	0	16850	other	0
H_20	43	Picture	neu_24a.jpg	2412761	0	1	40165	1	0	40000	other	0
H_20	44	Picture	+	2453093	0	1	18333	1	0	18170	other	0
H_20	45	Picture	pos_24a.jpg	2473092	0	1	40165	1	0	40000	other	0
H_20	46	Picture	+	2513424	0	1	19499	1	0	19370	other	0
H_20	47	Picture	pos_1a.jpg	2534757	0	1	40165	1	0	40000	other	0
H_20	48	Picture	+	2575089	0	1	18166	1	0	18090	other	0
H_20	49	Picture	neg_3a.jpg	2594889	0	201	40032	201	0	40000	other	0
H_20	50	Picture	+	2635087	0	1	18499	1	0	18400	other	0
H_20	51	Picture	neu_9a.jpg	2655420	0	1	40165	1	0	40000	other	0
H_20	52	Picture	+	2695752	0	1	19166	1	0	19020	other	0
H_20	53	Picture	neg_11a.jpg	2716752	0	1	40165	1	0	40000	other	0
H_20	54	Picture	+	2757084	0	1	18333	1	0	18310	other	0
H_20	55	Picture	pos_13a.jpg	2777061	0	190	40021	190	0	40000	other	0
H_20	56	Picture	+	2817249	0	1	17999	1	0	17900	other	0
H_20	57	Picture	pos_6a.jpg	2836915	0	1	40165	1	0	40000	other	0
H_20	58	Picture	+	2877247	0	1	18666	1	0	18560	other	0
H_20	59	Picture	pos_12a.jpg	2897746	0	1	40165	1	0	40000	other	0
H_20	60	Picture	+	2938078	0	1	18666	1	0	18610	other	0
H_20	61	Picture	neg_29a.jpg	2958578	0	1	40165	1	0	40000	other	0
H_20	62	Picture	+	2998910	0	1	15833	1	0	15740	other	0
H_20	63	Picture	pos_28a.jpg	3016909	0	1	40165	1	0	40000	other	0
H_20	64	Picture	+	3057241	0	1	18500	1	0	18330	other	0
H_20	65	Picture	neg_13a.jpg	3077408	0	1	40165	1	0	40000	other	0
H_20	66	Picture	+	3117740	0	1	18833	1	0	18710	other	0
H_20	67	Picture	neu_18a.jpg	3138406	0	1	40165	1	0	40000	other	0
H_20	68	Picture	+	3178738	0	1	15500	1	0	15480	other	0
H_20	69	Picture	neu_20a.jpg	3195872	0	199	40030	199	0	40000	other	0
H_20	70	Picture	+	3236069	0	1	17666	1	0	17630	other	0
H_20	71	Picture	neg_25a.jpg	3255569	0	1	40165	1	0	40000	other	0
H_20	72	Picture	+	3295901	0	1	18333	1	0	18230	other	0
H_20	73	Picture	neg_9a.jpg	3315900	0	1	40166	1	0	40000	other	0
H_20	74	Picture	+	3356232	0	1	16333	1	0	16310	other	0
H_20	75	Picture	neg_2a.jpg	3374232	0	1	40165	1	0	40000	other	0
H_20	76	Picture	+	3414564	0	1	18999	1	0	18940	other	0
H_20	77	Picture	pos_23a.jpg	3435217	0	180	40012	180	0	40000	other	0
H_20	78	Picture	+	3475396	0	1	17499	1	0	17330	other	0
H_20	79	Picture	neg_24a.jpg	3494544	0	185	40016	185	0	40000	other	0
H_20	80	Picture	+	3534727	0	1	17999	1	0	17980	other	0
H_20	81	Picture	neu_14a.jpg	3554560	0	1	40165	1	0	40000	other	0
H_20	82	Picture	+	3594892	0	1	17333	1	0	17320	other	0
H_20	83	Picture	neg_21a.jpg	3613863	0	196	40027	196	0	40000	other	0
H_20	84	Picture	+	3654057	0	1	17666	1	0	17620	other	0
H_20	85	Picture	pos_21a.jpg	3673363	0	194	40025	194	0	40000	other	0
H_20	86	Picture	+	3713555	0	1	17833	1	0	17750	other	0
H_20	87	Picture	pos_14a.jpg	3733054	0	1	40165	1	0	40000	other	0
H_20	88	Picture	+	3773387	0	1	16333	1	0	16190	other	0
H_20	89	Picture	neu_11a.jpg	3791553	0	1	40165	1	0	40000	other	0
H_20	90	Picture	+	3831885	0	1	17166	1	0	17030	other	0
H_20	91	Picture	neu_21a.jpg	3850717	0	1	40166	1	0	40000	other	0
H_20	92	Picture	+	3891050	0	1	19333	1	0	19310	other	0
H_20	93	Picture	neg_30a.jpg	3912049	0	1	40166	1	0	40000	other	0
H_20	94	Picture	+	3952381	0	1	18166	1	0	18090	other	0
H_20	95	Picture	neu_8a.jpg	3972380	0	1	40165	1	0	40000	other	0
H_20	96	Picture	+	4012713	0	1	15500	1	0	15330	other	0
H_20	97	Picture	neu_26a.jpg	4029879	0	1	40165	1	0	40000	other	0
H_20	98	Picture	+	4070211	0	1	17666	1	0	17510	other	0
H_20	99	Picture	neg_15a.jpg	4089544	0	1	40165	1	0	40000	other	0
H_20	100	Picture	+	4129876	0	1	16166	1	0	16150	other	0
H_20	101	Picture	neg_10a.jpg	4147875	0	1	40165	1	0	40000	other	0
H_20	102	Picture	+	4188207	0	1	17499	1	0	17480	other	0
H_20	103	Picture	pos_20a.jpg	4207540	0	1	40165	1	0	40000	other	0
H_20	104	Picture	+	4247872	0	1	17499	1	0	17370	other	0
H_20	105	Picture	neu_15a.jpg	4267038	0	1	40165	1	0	40000	other	0
H_20	106	Picture	+	4307370	0	1	19999	1	0	19870	other	0
H_20	107	Picture	neg_14a.jpg	4329203	0	1	40165	1	0	40000	other	0
H_20	108	Picture	+	4369535	0	1	16833	1	0	16780	other	0
H_20	109	Picture	pos_8a.jpg	4388201	0	1	40165	1	0	40000	other	0
H_20	110	Picture	+	4428533	0	1	15500	1	0	15350	other	0
H_20	111	Picture	pos_26a.jpg	4445700	0	1	40165	1	0	40000	other	0
H_20	112	Picture	+	4486032	0	1	16666	1	0	16590	other	0
H_20	113	Picture	neg_6a.jpg	4504531	0	1	40166	1	0	40000	other	0
H_20	114	Picture	+	4544863	0	1	16666	1	0	16620	other	0
H_20	115	Picture	neg_23a.jpg	4563169	0	194	40026	195	0	40000	other	0
H_20	116	Picture	+	4603361	0	1	18333	1	0	18200	other	0
H_20	117	Picture	neg_27a.jpg	4623350	0	178	40176	178	0	40000	other	0
H_20	118	Picture	+	4663693	0	1	18666	1	0	18600	other	0
H_20	119	Picture	neu_6a.jpg	4684026	0	1	40165	1	0	40000	other	0
H_20	120	Picture	+	4724358	0	1	18833	1	0	18800	other	0
H_20	121	Picture	neu_10a.jpg	4744857	0	1	40166	1	0	40000	other	0
H_20	122	Picture	+	4785189	0	1	17666	1	0	17640	other	0
H_20	123	Picture	neg_26a.jpg	4804511	0	178	40176	178	0	40000	other	0
H_20	124	Picture	+	4844854	0	1	19166	1	0	19090	other	0
H_20	125	Picture	neu_17a.jpg	4865687	0	1	40165	1	0	40000	other	0
H_20	126	Picture	+	4906019	0	1	15666	1	0	15580	other	0
H_20	127	Picture	pos_5a.jpg	4923352	0	1	40165	1	0	40000	other	0
H_20	128	Picture	+	4963684	0	1	16499	1	0	16360	other	0
H_20	129	Picture	neg_5a.jpg	4981850	0	1	40165	1	0	40000	other	0
H_20	130	Picture	+	5022182	0	1	18166	1	0	18060	other	0
H_20	131	Picture	pos_4a.jpg	5042015	0	1	40165	1	0	40000	other	0
H_20	132	Picture	+	5082347	0	1	18333	1	0	18210	other	0
H_20	133	Picture	neu_13a.jpg	5102327	0	187	40018	187	0	40000	other	0
H_20	134	Picture	+	5142512	0	1	16166	1	0	16020	other	0
H_20	135	Picture	pos_18a.jpg	5160511	0	1	40165	1	0	40000	other	0
H_20	136	Picture	+	5200843	0	1	16333	1	0	16260	other	0
H_20	137	Picture	neg_4a.jpg	5218843	0	1	40165	1	0	40000	other	0
H_20	138	Picture	+	5259175	0	1	16666	1	0	16520	other	0
H_20	139	Picture	neu_7a.jpg	5277674	0	1	40165	1	0	40000	other	0
H_20	140	Picture	+	5318006	0	1	19166	1	0	19110	other	0
H_20	141	Picture	neu_25a.jpg	5338839	0	1	40165	1	0	40000	other	0
H_20	142	Picture	+	5379171	0	1	16666	1	0	16520	other	0
H_20	143	Picture	neg_17a.jpg	5397671	0	1	40165	1	0	40000	other	0
H_20	144	Picture	+	5438003	0	1	16333	1	0	16300	other	0
H_20	145	Picture	neu_30a.jpg	5456169	0	1	40166	1	0	40000	other	0
H_20	146	Picture	+	5496501	0	1	16166	1	0	16070	other	0
H_20	147	Picture	neu_5a.jpg	5514500	0	1	40165	1	0	40000	other	0
H_20	148	Picture	+	5554833	0	1	15333	1	0	15160	other	0
H_20	149	Picture	pos_11a.jpg	5571795	0	205	40036	205	0	40000	other	0
H_20	150	Picture	+	5611997	0	1	15666	1	0	15550	other	0
H_20	151	Picture	pos_7a.jpg	5629330	0	1	40165	1	0	40000	other	0
H_20	152	Picture	+	5669662	0	1	18166	1	0	18060	other	0
H_20	153	Picture	neg_12a.jpg	5689495	0	1	40165	1	0	40000	other	0
H_20	154	Picture	+	5729827	0	1	16499	1	0	16370	other	0
H_20	155	Picture	neu_2a.jpg	5747978	0	183	40014	183	0	40000	other	0
H_20	156	Picture	+	5788159	0	1	16833	1	0	16660	other	0
H_20	157	Picture	neu_12a.jpg	5806658	0	1	40165	1	0	40000	other	0
H_20	158	Picture	+	5846990	0	1	16333	1	0	16210	other	0
H_20	159	Picture	neg_28a.jpg	5864990	0	1	40165	1	0	40000	other	0
H_20	160	Picture	+	5905322	0	1	15833	1	0	15720	other	0
H_20	161	Picture	pos_25a.jpg	5922793	0	196	40027	196	0	40000	other	0
H_20	162	Picture	+	5962987	0	1	15833	1	0	15740	other	0
H_20	163	Picture	pos_22a.jpg	5980653	0	1	40165	1	0	40000	other	0
H_20	164	Picture	+	6020985	0	1	16833	1	0	16800	other	0
H_20	165	Picture	pos_30a.jpg	6040151	0	1	40165	1	0	40000	other	0
H_20	166	Picture	+	6080483	0	1	18166	1	0	18050	other	0
H_20	167	Picture	neu_16a.jpg	6100295	0	188	40020	188	0	40000	other	0
H_20	168	Picture	+	6140481	0	1	15333	1	0	15250	other	0
H_20	169	Picture	neg_18a.jpg	6157648	0	1	40165	1	0	40000	other	0
H_20	170	Picture	+	6197980	0	1	16833	1	0	16710	other	0
H_20	171	Picture	neu_28a.jpg	6216479	0	1	40165	1	0	40000	other	0
H_20	172	Picture	+	6256811	0	1	15666	1	0	15590	other	0
H_20	173	Picture	neu_29a.jpg	6274144	0	1	40165	1	0	40000	other	0
H_20	174	Picture	+	6314476	0	1	18999	1	0	18960	other	0
H_20	175	Picture	pos_16a.jpg	6335142	0	1	40165	1	0	40000	other	0
H_20	176	Picture	+	6375474	0	1	15833	1	0	15660	other	0
H_20	177	Picture	neg_19a.jpg	6393140	0	1	40165	1	0	40000	other	0
H_20	178	Picture	+	6433472	0	1	15833	1	0	15680	other	0
H_20	179	Picture	neg_20a.jpg	6451139	0	1	40165	1	0	40000	other	0
H_20	180	Picture	+	6491471	0	1	16666	1	0	16500	other	0
H_20	181	Picture	pos_17a.jpg	6509789	0	182	40014	182	0	40000	other	0
H_20	182	Picture	+	6549969	0	1	16333	1	0	16190	other	0
H_20	183	Picture	neu_27a.jpg	6567968	0	1	40165	1	0	40000	other	0
