Scenario - 
Logfile written - 12/16/2015 13:34:38

Subject	Trial	Event Type	Code	Time	TTime	Uncertainty	Duration	Uncertainty	ReqTime	ReqDur	Stim Type	Pair Index

N04_post	4	Picture	+	1250966	0	1	16166	2	0	16020	other	0
N04_post	5	Picture	pos_22a.jpg	1268269	0	197	40028	199	0	40000	other	0
N04_post	6	Picture	+	1308464	0	1	18499	3	0	18340	other	0
N04_post	7	Picture	neg_14a.jpg	1327963	0	2	40166	3	0	40000	other	0
N04_post	8	Picture	+	1368296	0	1	15833	2	0	15700	other	0
N04_post	9	Picture	pos_17a.jpg	1385129	0	1	40165	2	0	40000	other	0
N04_post	10	Picture	+	1425461	0	1	16166	2	0	15990	other	0
N04_post	11	Picture	neu_26a.jpg	1442448	0	180	40011	181	0	40000	other	0
N04_post	12	Picture	+	1482470	0	324	17655	326	0	17550	other	0
N04_post	13	Picture	neu_1a.jpg	1501125	0	2	40166	3	0	40000	other	0
N04_post	14	Picture	+	1541458	0	1	15166	2	0	15040	other	0
N04_post	15	Picture	neu_13a.jpg	1557624	0	1	40165	3	0	40000	other	0
N04_post	16	Picture	+	1597956	0	1	19500	2	0	19370	other	0
N04_post	17	Picture	neg_22a.jpg	1618456	0	1	40165	2	0	40000	other	0
N04_post	18	Picture	+	1658788	0	1	19166	2	0	19000	other	0
N04_post	19	Picture	pos_14a.jpg	1678954	0	1	40165	3	0	40000	other	0
N04_post	20	Picture	+	1719286	0	1	19333	2	0	19210	other	0
N04_post	21	Picture	neu_6a.jpg	1739619	0	1	40165	3	0	40000	other	0
N04_post	22	Picture	+	1779951	0	1	16666	3	0	16590	other	0
N04_post	23	Picture	pos_27a.jpg	1797617	0	2	40166	3	0	40000	other	0
N04_post	24	Picture	+	1837950	0	1	18666	2	0	18570	other	0
N04_post	25	Picture	pos_8a.jpg	1857616	0	1	40165	2	0	40000	other	0
N04_post	26	Picture	+	1897948	0	1	16166	2	0	16030	other	0
N04_post	27	Picture	neu_27a.jpg	1914947	0	2	40166	3	0	40000	other	0
N04_post	28	Picture	+	1955280	0	1	18999	2	0	18830	other	0
N04_post	29	Picture	neg_16a.jpg	1975279	0	1	40166	2	0	40000	other	0
N04_post	30	Picture	+	2015611	0	2	16333	4	0	16230	other	0
N04_post	31	Picture	neu_18a.jpg	2032944	0	2	40166	3	0	40000	other	0
N04_post	32	Picture	+	2073277	0	1	17166	2	0	17100	other	0
N04_post	33	Picture	neu_30a.jpg	2091443	0	1	40165	2	0	40000	other	0
N04_post	34	Picture	+	2131775	0	1	18499	3	0	18440	other	0
N04_post	35	Picture	pos_11a.jpg	2151274	0	2	40166	3	0	40000	other	0
N04_post	36	Picture	+	2191607	0	1	18499	2	0	18460	other	0
N04_post	37	Picture	pos_29a.jpg	2211106	0	1	40166	2	0	40000	other	0
N04_post	38	Picture	+	2251438	0	2	18500	3	0	18450	other	0
N04_post	39	Picture	pos_21a.jpg	2270938	0	1	40165	3	0	40000	other	0
N04_post	40	Picture	+	2311270	0	1	16500	2	0	16330	other	0
N04_post	41	Picture	neu_4a.jpg	2328603	0	1	40166	2	0	40000	other	0
N04_post	42	Picture	+	2368935	0	1	15833	2	0	15800	other	0
N04_post	43	Picture	neg_29a.jpg	2385768	0	1	40166	2	0	40000	other	0
N04_post	44	Picture	+	2426100	0	1	19833	2	0	19820	other	0
N04_post	45	Picture	neg_13a.jpg	2446727	0	207	40038	208	0	40000	other	0
N04_post	46	Picture	+	2486932	0	1	16833	2	0	16680	other	0
N04_post	47	Picture	neg_21a.jpg	2504765	0	1	40165	2	0	40000	other	0
N04_post	48	Picture	+	2545097	0	1	16166	2	0	16060	other	0
N04_post	49	Picture	pos_12a.jpg	2562263	0	1	40166	2	0	40000	other	0
N04_post	50	Picture	+	2602595	0	2	16167	3	0	16060	other	0
N04_post	51	Picture	neu_10a.jpg	2619762	0	1	40165	2	0	40000	other	0
N04_post	52	Picture	+	2660094	0	1	17833	2	0	17710	other	0
N04_post	53	Picture	neg_8a.jpg	2678927	0	1	40165	2	0	40000	other	0
N04_post	54	Picture	+	2719259	0	1	17833	2	0	17670	other	0
N04_post	55	Picture	neg_2a.jpg	2738092	0	1	40165	2	0	40000	other	0
N04_post	56	Picture	+	2778424	0	1	16166	2	0	16030	other	0
N04_post	57	Picture	pos_19a.jpg	2795590	0	1	40166	2	0	40000	other	0
N04_post	58	Picture	+	2835922	0	2	18000	3	0	17910	other	0
N04_post	59	Picture	neg_6a.jpg	2854922	0	1	40165	3	0	40000	other	0
N04_post	60	Picture	+	2895254	0	1	15333	2	0	15260	other	0
N04_post	61	Picture	pos_7a.jpg	2911407	0	181	40012	182	0	40000	other	0
N04_post	62	Picture	+	2951430	0	324	15822	325	0	15680	other	0
N04_post	63	Picture	neu_21a.jpg	2968074	0	179	40010	180	0	40000	other	0
N04_post	64	Picture	+	3008095	0	324	18322	325	0	18300	other	0
N04_post	65	Picture	neu_11a.jpg	3027417	0	1	40166	2	0	40000	other	0
N04_post	66	Picture	+	3067749	0	1	18167	2	0	18000	other	0
N04_post	67	Picture	neg_3a.jpg	3086915	0	2	40166	3	0	40000	other	0
N04_post	68	Picture	+	3127248	0	1	15499	2	0	15390	other	0
N04_post	69	Picture	pos_24a.jpg	3143581	0	1	40165	2	0	40000	other	0
N04_post	70	Picture	+	3183913	0	1	17333	2	0	17230	other	0
N04_post	71	Picture	neu_22a.jpg	3202246	0	1	40165	2	0	40000	other	0
N04_post	72	Picture	+	3242578	0	1	16499	3	0	16350	other	0
N04_post	73	Picture	pos_16a.jpg	3260077	0	2	40166	3	0	40000	other	0
N04_post	74	Picture	+	3300410	0	1	18999	2	0	18900	other	0
N04_post	75	Picture	neg_18a.jpg	3320409	0	1	40166	2	0	40000	other	0
N04_post	76	Picture	+	3360741	0	1	17833	2	0	17750	other	0
N04_post	77	Picture	neu_28a.jpg	3379574	0	1	40166	2	0	40000	other	0
N04_post	78	Picture	+	3419906	0	1	17000	2	0	16910	other	0
N04_post	79	Picture	neg_19a.jpg	3437906	0	1	40165	3	0	40000	other	0
N04_post	80	Picture	+	3478238	0	1	19833	2	0	19820	other	0
N04_post	81	Picture	pos_13a.jpg	3499071	0	1	40165	2	0	40000	other	0
N04_post	82	Picture	+	3539403	0	1	16333	2	0	16210	other	0
N04_post	83	Picture	pos_3a.jpg	3556554	0	183	40014	184	0	40000	other	0
N04_post	84	Picture	+	3596735	0	1	17999	2	0	17950	other	0
N04_post	85	Picture	neu_8a.jpg	3615734	0	2	40166	3	0	40000	other	0
N04_post	86	Picture	+	3656066	0	2	18500	3	0	18400	other	0
N04_post	87	Picture	neg_12a.jpg	3675373	0	194	40025	195	0	40000	other	0
N04_post	88	Picture	+	3715565	0	1	15666	2	0	15510	other	0
N04_post	89	Picture	neu_29a.jpg	3732231	0	1	40166	2	0	40000	other	0
N04_post	90	Picture	+	3772563	0	1	18000	2	0	17920	other	0
N04_post	91	Picture	pos_18a.jpg	3791563	0	1	40165	3	0	40000	other	0
N04_post	92	Picture	+	3831895	0	1	17666	2	0	17510	other	0
N04_post	93	Picture	pos_6a.jpg	3850394	0	2	40166	3	0	40000	other	0
N04_post	94	Picture	+	3890727	0	1	16333	2	0	16200	other	0
N04_post	95	Picture	pos_15a.jpg	3908060	0	1	40165	2	0	40000	other	0
N04_post	96	Picture	+	3948392	0	1	19999	2	0	19830	other	0
N04_post	97	Picture	neg_20a.jpg	3969391	0	1	40166	2	0	40000	other	0
N04_post	98	Picture	+	4009723	0	2	17833	3	0	17760	other	0
N04_post	99	Picture	neg_17a.jpg	4028556	0	2	40166	3	0	40000	other	0
N04_post	100	Picture	+	4068889	0	1	15332	3	0	15210	other	0
N04_post	101	Picture	pos_23a.jpg	4085221	0	2	40166	3	0	40000	other	0
N04_post	102	Picture	+	4125554	0	1	16333	2	0	16240	other	0
N04_post	103	Picture	neg_4a.jpg	4142693	0	195	40026	196	0	40000	other	0
N04_post	104	Picture	+	4182885	0	2	16333	3	0	16210	other	0
N04_post	105	Picture	pos_1a.jpg	4200218	0	1	40166	2	0	40000	other	0
N04_post	106	Picture	+	4240551	0	1	17666	2	0	17540	other	0
N04_post	107	Picture	neu_12a.jpg	4259050	0	1	40166	2	0	40000	other	0
N04_post	108	Picture	+	4299382	0	1	18833	2	0	18710	other	0
N04_post	109	Picture	neg_23a.jpg	4319215	0	1	40166	2	0	40000	other	0
N04_post	110	Picture	+	4359547	0	1	20000	2	0	19920	other	0
N04_post	111	Picture	pos_25a.jpg	4380547	0	1	40165	2	0	40000	other	0
N04_post	112	Picture	+	4420879	0	1	17499	3	0	17330	other	0
N04_post	113	Picture	pos_30a.jpg	4439862	0	184	40015	185	0	40000	other	0
N04_post	114	Picture	+	4480044	0	1	15333	2	0	15200	other	0
N04_post	115	Picture	neg_27a.jpg	4496377	0	1	40165	3	0	40000	other	0
N04_post	116	Picture	+	4536709	0	1	19666	2	0	19540	other	0
N04_post	117	Picture	pos_26a.jpg	4557184	0	192	40023	194	0	40000	other	0
N04_post	118	Picture	+	4597374	0	1	16500	2	0	16460	other	0
N04_post	119	Picture	neg_5a.jpg	4614874	0	1	40165	2	0	40000	other	0
N04_post	120	Picture	+	4655206	0	1	19999	2	0	19940	other	0
N04_post	121	Picture	neg_25a.jpg	4676205	0	2	40166	3	0	40000	other	0
N04_post	122	Picture	+	4716538	0	1	16666	2	0	16640	other	0
N04_post	123	Picture	neu_14a.jpg	4734204	0	1	40165	2	0	40000	other	0
N04_post	124	Picture	+	4774536	0	1	18166	2	0	18130	other	0
N04_post	125	Picture	neg_10a.jpg	4793702	0	1	40166	2	0	40000	other	0
N04_post	126	Picture	+	4834034	0	1	15500	2	0	15410	other	0
N04_post	127	Picture	pos_4a.jpg	4850534	0	1	40165	3	0	40000	other	0
N04_post	128	Picture	+	4890866	0	1	20166	2	0	19990	other	0
N04_post	129	Picture	neu_3a.jpg	4912032	0	1	40166	2	0	40000	other	0
N04_post	130	Picture	+	4952364	0	2	16167	3	0	16080	other	0
N04_post	131	Picture	neg_30a.jpg	4969364	0	1	40166	2	0	40000	other	0
N04_post	132	Picture	+	5009696	0	1	18833	2	0	18710	other	0
N04_post	133	Picture	neu_24a.jpg	5029529	0	1	40166	2	0	40000	other	0
N04_post	134	Picture	+	5069861	0	1	17666	3	0	17560	other	0
N04_post	135	Picture	neg_7a.jpg	5088527	0	2	40166	3	0	40000	other	0
N04_post	136	Picture	+	5128860	0	1	15999	2	0	15830	other	0
N04_post	137	Picture	neu_25a.jpg	5145682	0	178	40176	179	0	40000	other	0
N04_post	138	Picture	+	5186025	0	1	17333	2	0	17270	other	0
N04_post	139	Picture	neg_11a.jpg	5204358	0	1	40165	2	0	40000	other	0
N04_post	140	Picture	+	5244690	0	1	15666	2	0	15580	other	0
N04_post	141	Picture	neg_9a.jpg	5261189	0	2	40166	3	0	40000	other	0
N04_post	142	Picture	+	5301522	0	1	19666	2	0	19570	other	0
N04_post	143	Picture	neg_26a.jpg	5322188	0	1	40165	2	0	40000	other	0
N04_post	144	Picture	+	5362520	0	1	18666	2	0	18640	other	0
N04_post	145	Picture	neg_24a.jpg	5382186	0	1	40166	2	0	40000	other	0
N04_post	146	Picture	+	5422518	0	1	17666	3	0	17650	other	0
N04_post	147	Picture	neg_1a.jpg	5441184	0	2	40166	3	0	40000	other	0
N04_post	148	Picture	+	5481517	0	1	15833	2	0	15760	other	0
N04_post	149	Picture	pos_20a.jpg	5498350	0	1	40165	2	0	40000	other	0
N04_post	150	Picture	+	5538682	0	1	17166	2	0	17000	other	0
N04_post	151	Picture	neg_28a.jpg	5556681	0	1	40166	2	0	40000	other	0
N04_post	152	Picture	+	5597013	0	2	19333	3	0	19230	other	0
N04_post	153	Picture	neu_16a.jpg	5617346	0	2	40166	3	0	40000	other	0
N04_post	154	Picture	+	5657679	0	1	16332	3	0	16230	other	0
N04_post	155	Picture	pos_28a.jpg	5675311	0	202	40033	203	0	40000	other	0
N04_post	156	Picture	+	5715510	0	1	16833	2	0	16780	other	0
N04_post	157	Picture	pos_2a.jpg	5733343	0	1	40166	2	0	40000	other	0
N04_post	158	Picture	+	5773675	0	1	15167	2	0	15130	other	0
N04_post	159	Picture	neu_15a.jpg	5789842	0	1	40165	2	0	40000	other	0
N04_post	160	Picture	+	5830174	0	1	15499	3	0	15330	other	0
N04_post	161	Picture	neu_23a.jpg	5846673	0	2	40166	3	0	40000	other	0
N04_post	162	Picture	+	5887006	0	1	19832	2	0	19770	other	0
N04_post	163	Picture	neu_5a.jpg	5907838	0	2	40166	3	0	40000	other	0
N04_post	164	Picture	+	5948171	0	1	17999	2	0	17860	other	0
N04_post	165	Picture	neu_9a.jpg	5967170	0	1	40166	2	0	40000	other	0
N04_post	166	Picture	+	6007502	0	1	16500	2	0	16340	other	0
N04_post	167	Picture	pos_9a.jpg	6025002	0	1	40165	3	0	40000	other	0
N04_post	168	Picture	+	6065334	0	1	19499	3	0	19430	other	0
N04_post	169	Picture	neu_20a.jpg	6085834	0	1	40165	2	0	40000	other	0
N04_post	170	Picture	+	6126166	0	1	17999	2	0	17880	other	0
N04_post	171	Picture	neg_15a.jpg	6144999	0	1	40165	2	0	40000	other	0
N04_post	172	Picture	+	6185331	0	1	16499	2	0	16370	other	0
N04_post	173	Picture	neu_7a.jpg	6202830	0	2	40166	3	0	40000	other	0
N04_post	174	Picture	+	6243163	0	1	19499	2	0	19420	other	0
N04_post	175	Picture	neu_19a.jpg	6264162	0	1	40166	2	0	40000	other	0
N04_post	176	Picture	+	6304494	0	1	16833	2	0	16740	other	0
N04_post	177	Picture	pos_10a.jpg	6322146	0	182	40013	183	0	40000	other	0
N04_post	178	Picture	+	6362326	0	1	18333	2	0	18200	other	0
N04_post	179	Picture	pos_5a.jpg	6381659	0	1	40165	2	0	40000	other	0
N04_post	180	Picture	+	6421991	0	1	18999	3	0	18880	other	0
N04_post	181	Picture	neu_2a.jpg	6441990	0	2	40166	3	0	40000	other	0
N04_post	182	Picture	+	6482323	0	1	17332	3	0	17310	other	0
N04_post	183	Picture	neu_17a.jpg	6500655	0	2	40166	3	0	40000	other	0
