Scenario - 
Logfile written - 03/01/2016 12:30:31

Subject	Trial	Event Type	Code	Time	TTime	Uncertainty	Duration	Uncertainty	ReqTime	ReqDur	Stim Type	Pair Index

N15	4	Picture	+	1250965	0	1	18833	1	0	18730	other	0
N15	6	Picture	+	1312130	0	1	18499	1	0	18460	other	0
N15	8	Picture	+	1372795	0	1	19666	1	0	19510	other	0
N15	10	Picture	+	1434460	0	1	19833	1	0	19810	other	0
N15	12	Picture	+	1496625	0	1	17666	1	0	17580	other	0
N15	14	Picture	+	1556123	0	1	16500	1	0	16450	other	0
N15	16	Picture	+	1614788	0	1	17666	1	0	17640	other	0
N15	18	Picture	+	1674620	0	1	19833	1	0	19800	other	0
N15	20	Picture	+	1736451	0	1	15166	1	0	15080	other	0
N15	22	Picture	+	1793783	0	1	18833	1	0	18770	other	0
N15	24	Picture	+	1854781	0	1	18833	1	0	18770	other	0
N15	26	Picture	+	1915446	0	1	15166	1	0	15120	other	0
N15	28	Picture	+	1972611	0	1	15166	1	0	15030	other	0
N15	30	Picture	+	2029776	0	1	18000	1	0	17890	other	0
N15	32	Picture	+	2089775	0	1	19666	1	0	19630	other	0
N15	34	Picture	+	2151273	0	1	17166	1	0	17020	other	0
N15	36	Picture	+	2210605	0	1	15166	1	0	15150	other	0
N15	38	Picture	+	2267936	0	1	18499	1	0	18450	other	0
N15	40	Picture	+	2328601	0	1	18833	1	0	18800	other	0
N15	42	Picture	+	2389600	0	1	16833	1	0	16690	other	0
N15	44	Picture	+	2448598	0	1	16500	1	0	16360	other	0
N15	46	Picture	+	2506930	0	1	18166	1	0	18030	other	0
N15	48	Picture	+	2567095	0	1	19999	1	0	19940	other	0
N15	50	Picture	+	2628926	0	1	19333	1	0	19300	other	0
N15	52	Picture	+	2690425	0	1	18000	1	0	17910	other	0
N15	54	Picture	+	2750590	0	1	18833	1	0	18660	other	0
N15	56	Picture	+	2811588	0	1	16000	1	0	15970	other	0
N15	58	Picture	+	2870253	0	1	16666	1	0	16540	other	0
N15	60	Picture	+	2928751	0	1	16666	1	0	16590	other	0
N15	62	Picture	+	2987416	0	1	19833	1	0	19730	other	0
N15	64	Picture	+	3049414	0	1	16166	1	0	16000	other	0
N15	66	Picture	+	3107579	0	1	19666	1	0	19580	other	0
N15	68	Picture	+	3169078	0	1	19833	1	0	19820	other	0
N15	70	Picture	+	3230743	0	1	16833	1	0	16750	other	0
N15	72	Picture	+	3289741	0	1	19333	1	0	19250	other	0
N15	74	Picture	+	3351239	0	1	16166	1	0	16000	other	0
N15	76	Picture	+	3409571	0	1	19333	1	0	19210	other	0
N15	78	Picture	+	3470736	0	1	17666	1	0	17530	other	0
N15	80	Picture	+	3531234	0	1	19999	1	0	19840	other	0
N15	82	Picture	+	3593066	0	1	19999	1	0	19840	other	0
N15	84	Picture	+	3655231	0	1	16500	1	0	16370	other	0
N15	86	Picture	+	3713896	0	1	18666	1	0	18620	other	0
N15	88	Picture	+	3774394	0	1	17000	1	0	16840	other	0
N15	90	Picture	+	3833392	0	1	17999	1	0	17920	other	0
N15	92	Picture	+	3893224	0	1	18666	1	0	18580	other	0
N15	94	Picture	+	3953722	0	1	17333	1	0	17320	other	0
N15	96	Picture	+	4013054	0	1	18999	1	0	18840	other	0
N15	98	Picture	+	4073886	0	1	18666	1	0	18620	other	0
N15	100	Picture	+	4134384	0	1	17500	1	0	17430	other	0
N15	102	Picture	+	4194049	0	1	19499	1	0	19390	other	0
N15	104	Picture	+	4255381	0	1	15666	1	0	15610	other	0
N15	106	Picture	+	4312879	0	1	19666	1	0	19630	other	0
N15	108	Picture	+	4374544	0	1	16666	1	0	16580	other	0
N15	110	Picture	+	4433376	0	1	16666	1	0	16500	other	0
N15	112	Picture	+	4492207	0	1	15833	1	0	15770	other	0
N15	114	Picture	+	4549872	0	1	17500	1	0	17460	other	0
N15	116	Picture	+	4609537	0	1	18166	1	0	18070	other	0
N15	118	Picture	+	4669869	0	1	15666	1	0	15570	other	0
N15	120	Picture	+	4727368	0	1	18166	1	0	18050	other	0
N15	122	Picture	+	4787532	0	1	16666	1	0	16530	other	0
N15	124	Picture	+	4846197	0	1	19833	1	0	19790	other	0
N15	126	Picture	+	4907862	0	1	18999	1	0	18870	other	0
N15	128	Picture	+	4968861	0	1	19166	1	0	19120	other	0
N15	130	Picture	+	5029859	0	1	19166	1	0	19000	other	0
N15	132	Picture	+	5091024	0	1	15500	1	0	15390	other	0
N15	134	Picture	+	5148355	0	1	18166	1	0	18000	other	0
N15	136	Picture	+	5208521	0	1	16166	1	0	15990	other	0
N15	138	Picture	+	5266852	0	1	15500	1	0	15430	other	0
N15	140	Picture	+	5324184	0	1	17333	1	0	17320	other	0
N15	142	Picture	+	5383516	0	1	15500	1	0	15360	other	0
N15	144	Picture	+	5441181	0	1	19166	1	0	19110	other	0
N15	146	Picture	+	5502179	0	1	19666	1	0	19500	other	0
N15	148	Picture	+	5563677	0	1	18499	1	0	18440	other	0
N15	150	Picture	+	5624176	0	1	18999	1	0	18840	other	0
N15	152	Picture	+	5685341	0	1	17500	1	0	17440	other	0
N15	154	Picture	+	5744839	0	1	19666	1	0	19630	other	0
N15	156	Picture	+	5806504	0	1	17666	1	0	17610	other	0
N15	158	Picture	+	5866336	0	1	16666	1	0	16630	other	0
N15	160	Picture	+	5925167	0	1	20000	1	0	19900	other	0
N15	162	Picture	+	5986999	0	1	19000	1	0	18900	other	0
N15	164	Picture	+	6048164	0	1	19333	1	0	19260	other	0
N15	166	Picture	+	6109495	0	1	17333	1	0	17230	other	0
N15	168	Picture	+	6168827	0	1	16500	1	0	16450	other	0
N15	170	Picture	+	6227325	0	1	19166	1	0	19030	other	0
N15	172	Picture	+	6288324	0	1	19833	1	0	19730	other	0
N15	174	Picture	+	6349989	0	1	16166	1	0	16140	other	0
N15	176	Picture	+	6408320	0	1	15833	1	0	15750	other	0
N15	178	Picture	+	6465985	0	1	16833	1	0	16720	other	0
N15	180	Picture	+	6524817	0	1	19999	1	0	19960	other	0
N15	182	Picture	+	6586982	0	1	18833	1	0	18670	other	0
