Scenario - 
Logfile written - 03/01/2016 13:03:24

Subject	Trial	Event Type	Code	Time	TTime	Uncertainty	Duration	Uncertainty	ReqTime	ReqDur	Stim Type	Pair Index

N15	4	Picture	+	1250966	0	1	18166	1	0	18010	other	0
N15	5	Picture	neu_4a.jpg	1271132	0	1	40166	1	0	40000	other	0
N15	6	Picture	+	1311464	0	1	19833	1	0	19710	other	0
N15	7	Picture	pos_17a.jpg	1333130	0	1	40166	1	0	40000	other	0
N15	8	Picture	+	1373463	0	1	18833	1	0	18750	other	0
N15	9	Picture	neu_18a.jpg	1394129	0	1	40166	1	0	40000	other	0
N15	10	Picture	+	1434461	0	1	16166	1	0	15990	other	0
N15	11	Picture	neg_25a.jpg	1452461	0	1	40166	1	0	40000	other	0
N15	12	Picture	+	1492793	0	1	17833	1	0	17820	other	0
N15	13	Picture	neg_23a.jpg	1512276	0	184	40016	184	0	40000	other	0
N15	14	Picture	+	1552458	0	1	15333	1	0	15290	other	0
N15	15	Picture	neu_9a.jpg	1569624	0	1	40166	1	0	40000	other	0
N15	16	Picture	+	1609956	0	1	18166	1	0	18040	other	0
N15	17	Picture	pos_10a.jpg	1629789	0	1	40166	1	0	40000	other	0
N15	18	Picture	+	1670121	0	1	15333	1	0	15220	other	0
N15	19	Picture	pos_14a.jpg	1687099	0	189	40021	190	0	40000	other	0
N15	20	Picture	+	1727287	0	1	18166	1	0	18080	other	0
N15	21	Picture	pos_1a.jpg	1747286	0	1	40166	1	0	40000	other	0
N15	22	Picture	+	1787618	0	1	16500	1	0	16470	other	0
N15	23	Picture	neu_25a.jpg	1805784	0	1	40166	1	0	40000	other	0
N15	24	Picture	+	1846117	0	1	16833	1	0	16770	other	0
N15	25	Picture	neg_12a.jpg	1864616	0	1	40166	1	0	40000	other	0
N15	26	Picture	+	1904948	0	1	17833	1	0	17750	other	0
N15	27	Picture	neu_6a.jpg	1924448	0	1	40166	1	0	40000	other	0
N15	28	Picture	+	1964780	0	1	19999	1	0	19930	other	0
N15	29	Picture	neg_21a.jpg	1986430	0	184	40016	184	0	40000	other	0
N15	30	Picture	+	2026612	0	1	19666	1	0	19650	other	0
N15	31	Picture	pos_8a.jpg	2048111	0	1	40166	1	0	40000	other	0
N15	32	Picture	+	2088443	0	1	16833	1	0	16660	other	0
N15	33	Picture	neg_19a.jpg	2107110	0	1	40166	1	0	40000	other	0
N15	34	Picture	+	2147442	0	1	17666	1	0	17490	other	0
N15	35	Picture	pos_29a.jpg	2166741	0	201	40032	201	0	40000	other	0
N15	36	Picture	+	2206940	0	1	18500	1	0	18420	other	0
N15	37	Picture	neg_30a.jpg	2227106	0	1	40166	1	0	40000	other	0
N15	38	Picture	+	2267439	0	1	17499	1	0	17440	other	0
N15	39	Picture	neg_22a.jpg	2286771	0	1	40166	1	0	40000	other	0
N15	40	Picture	+	2327104	0	1	15666	1	0	15590	other	0
N15	41	Picture	pos_23a.jpg	2344603	0	1	40166	1	0	40000	other	0
N15	42	Picture	+	2384935	0	1	15333	1	0	15190	other	0
N15	43	Picture	neu_1a.jpg	2402102	0	1	40166	1	0	40000	other	0
N15	44	Picture	+	2442434	0	1	17500	1	0	17390	other	0
N15	45	Picture	pos_26a.jpg	2461600	0	1	40166	1	0	40000	other	0
N15	46	Picture	+	2501932	0	1	18000	1	0	17960	other	0
N15	47	Picture	pos_19a.jpg	2521765	0	1	40166	1	0	40000	other	0
N15	48	Picture	+	2562097	0	1	17499	1	0	17410	other	0
N15	49	Picture	neg_16a.jpg	2581430	0	1	40166	1	0	40000	other	0
N15	50	Picture	+	2621762	0	1	16000	1	0	15830	other	0
N15	51	Picture	neu_16a.jpg	2639407	0	189	40020	189	0	40000	other	0
N15	52	Picture	+	2679594	0	1	19833	1	0	19740	other	0
N15	53	Picture	neg_24a.jpg	2701260	0	1	40166	1	0	40000	other	0
N15	54	Picture	+	2741592	0	1	19000	1	0	18890	other	0
N15	55	Picture	neg_2a.jpg	2762258	0	1	40166	1	0	40000	other	0
N15	56	Picture	+	2802591	0	1	16666	1	0	16600	other	0
N15	57	Picture	pos_5a.jpg	2820893	0	198	40029	198	0	40000	other	0
N15	58	Picture	+	2861089	0	1	18166	1	0	18090	other	0
N15	59	Picture	pos_15a.jpg	2881089	0	1	40166	1	0	40000	other	0
N15	60	Picture	+	2921421	0	1	18666	1	0	18530	other	0
N15	61	Picture	neg_10a.jpg	2941920	0	1	40166	1	0	40000	other	0
N15	62	Picture	+	2982252	0	1	17166	1	0	16990	other	0
N15	63	Picture	neg_14a.jpg	3001252	0	1	40166	1	0	40000	other	0
N15	64	Picture	+	3041584	0	1	17000	1	0	16910	other	0
N15	65	Picture	neu_30a.jpg	3060417	0	1	40166	1	0	40000	other	0
N15	66	Picture	+	3100749	0	1	15166	1	0	15050	other	0
N15	67	Picture	neg_3a.jpg	3117556	0	193	40025	193	0	40000	other	0
N15	68	Picture	+	3157748	0	1	19166	1	0	19150	other	0
N15	69	Picture	pos_6a.jpg	3178580	0	1	40166	1	0	40000	other	0
N15	70	Picture	+	3218913	0	1	16000	1	0	15930	other	0
N15	71	Picture	neu_5a.jpg	3236745	0	1	40166	1	0	40000	other	0
N15	72	Picture	+	3277078	0	1	16666	1	0	16550	other	0
N15	73	Picture	neu_12a.jpg	3295410	0	1	40166	1	0	40000	other	0
N15	74	Picture	+	3335743	0	1	18999	1	0	18840	other	0
N15	75	Picture	neg_11a.jpg	3356575	0	1	40166	1	0	40000	other	0
N15	76	Picture	+	3396908	0	1	16000	1	0	15880	other	0
N15	77	Picture	neu_7a.jpg	3414740	0	1	40166	1	0	40000	other	0
N15	78	Picture	+	3455073	0	1	19333	1	0	19160	other	0
N15	79	Picture	pos_30a.jpg	3476721	0	185	40017	185	0	40000	other	0
N15	80	Picture	+	3516904	0	1	18166	1	0	18110	other	0
N15	81	Picture	neu_10a.jpg	3536706	0	199	40031	199	0	40000	other	0
N15	82	Picture	+	3576903	0	1	19833	1	0	19720	other	0
N15	83	Picture	pos_3a.jpg	3598402	0	1	40166	1	0	40000	other	0
N15	84	Picture	+	3638734	0	1	18333	1	0	18210	other	0
N15	85	Picture	neu_27a.jpg	3658734	0	1	40166	1	0	40000	other	0
N15	86	Picture	+	3699066	0	1	16833	1	0	16660	other	0
N15	87	Picture	neu_23a.jpg	3717732	0	1	40166	1	0	40000	other	0
N15	88	Picture	+	3758064	0	1	19499	1	0	19470	other	0
N15	89	Picture	neu_28a.jpg	3779230	0	1	40166	1	0	40000	other	0
N15	90	Picture	+	3819563	0	1	17500	1	0	17360	other	0
N15	91	Picture	neg_18a.jpg	3838896	0	1	40166	1	0	40000	other	0
N15	92	Picture	+	3879228	0	1	19666	1	0	19530	other	0
N15	93	Picture	neg_13a.jpg	3900560	0	1	40166	1	0	40000	other	0
N15	94	Picture	+	3940893	0	1	15166	1	0	15070	other	0
N15	95	Picture	pos_2a.jpg	3957726	0	1	40166	1	0	40000	other	0
N15	96	Picture	+	3998058	0	1	18166	1	0	18030	other	0
N15	97	Picture	pos_7a.jpg	4017891	0	1	40166	1	0	40000	other	0
N15	98	Picture	+	4058223	0	1	18499	1	0	18450	other	0
N15	99	Picture	neu_11a.jpg	4078556	0	1	40165	1	0	40000	other	0
N15	100	Picture	+	4118888	0	1	18833	1	0	18770	other	0
N15	101	Picture	pos_12a.jpg	4139554	0	1	40166	1	0	40000	other	0
N15	102	Picture	+	4179886	0	1	17166	1	0	17140	other	0
N15	103	Picture	neg_7a.jpg	4198690	0	196	40028	196	0	40000	other	0
N15	104	Picture	+	4238884	0	1	19166	1	0	18990	other	0
N15	105	Picture	pos_20a.jpg	4259884	0	1	40166	1	0	40000	other	0
N15	106	Picture	+	4300216	0	1	17166	1	0	16990	other	0
N15	107	Picture	pos_22a.jpg	4319215	0	1	40166	1	0	40000	other	0
N15	108	Picture	+	4359548	0	1	17166	1	0	17110	other	0
N15	109	Picture	pos_16a.jpg	4378344	0	204	40036	205	0	40000	other	0
N15	110	Picture	+	4418546	0	1	18000	1	0	17870	other	0
N15	111	Picture	pos_27a.jpg	4438379	0	1	40166	1	0	40000	other	0
N15	112	Picture	+	4478711	0	1	18166	1	0	18110	other	0
N15	113	Picture	neu_19a.jpg	4499211	0	1	40166	1	0	40000	other	0
N15	114	Picture	+	4539543	0	1	18666	1	0	18630	other	0
N15	115	Picture	neg_9a.jpg	4559876	0	1	40166	1	0	40000	other	0
N15	116	Picture	+	4600208	0	1	18500	1	0	18420	other	0
N15	117	Picture	pos_24a.jpg	4620374	0	1	40166	1	0	40000	other	0
N15	118	Picture	+	4660706	0	1	15500	1	0	15330	other	0
N15	119	Picture	neu_26a.jpg	4677872	0	1	40166	1	0	40000	other	0
N15	120	Picture	+	4718205	0	1	19999	1	0	19980	other	0
N15	121	Picture	neu_13a.jpg	4739857	0	181	40013	181	0	40000	other	0
N15	122	Picture	+	4780036	0	1	19166	1	0	19100	other	0
N15	123	Picture	neu_17a.jpg	4800835	0	201	40033	201	0	40000	other	0
N15	124	Picture	+	4841034	0	1	17500	1	0	17370	other	0
N15	125	Picture	neg_27a.jpg	4860367	0	1	40166	1	0	40000	other	0
N15	126	Picture	+	4900699	0	1	17833	1	0	17780	other	0
N15	127	Picture	neg_1a.jpg	4920366	0	1	40166	1	0	40000	other	0
N15	128	Picture	+	4960698	0	1	19833	1	0	19760	other	0
N15	129	Picture	neu_14a.jpg	4982364	0	1	40166	1	0	40000	other	0
N15	130	Picture	+	5022696	0	1	18666	1	0	18550	other	0
N15	131	Picture	neg_29a.jpg	5043195	0	1	40166	1	0	40000	other	0
N15	132	Picture	+	5083528	0	1	19166	1	0	19140	other	0
N15	133	Picture	neg_17a.jpg	5104527	0	1	40166	1	0	40000	other	0
N15	134	Picture	+	5144859	0	1	19333	1	0	19250	other	0
N15	135	Picture	pos_11a.jpg	5165829	0	198	40029	198	0	40000	other	0
N15	136	Picture	+	5206024	0	1	17666	1	0	17620	other	0
N15	137	Picture	neg_26a.jpg	5225524	0	1	40166	1	0	40000	other	0
N15	138	Picture	+	5265856	0	1	19333	1	0	19230	other	0
N15	139	Picture	neg_6a.jpg	5287022	0	1	40166	1	0	40000	other	0
N15	140	Picture	+	5327354	0	1	18333	1	0	18210	other	0
N15	141	Picture	pos_25a.jpg	5347334	0	187	40019	187	0	40000	other	0
N15	142	Picture	+	5387519	0	1	19999	1	0	19980	other	0
N15	143	Picture	neg_5a.jpg	5409185	0	1	40166	1	0	40000	other	0
N15	144	Picture	+	5449517	0	1	15666	1	0	15520	other	0
N15	145	Picture	neg_8a.jpg	5467017	0	1	40166	1	0	40000	other	0
N15	146	Picture	+	5507349	0	1	18833	1	0	18750	other	0
N15	147	Picture	pos_9a.jpg	5527834	0	182	40014	183	0	40000	other	0
N15	148	Picture	+	5568014	0	1	16833	1	0	16710	other	0
N15	149	Picture	neu_24a.jpg	5586486	0	195	40026	195	0	40000	other	0
N15	150	Picture	+	5626679	0	1	17999	1	0	17980	other	0
N15	151	Picture	neu_15a.jpg	5646345	0	1	40166	1	0	40000	other	0
N15	152	Picture	+	5686678	0	1	15333	1	0	15160	other	0
N15	153	Picture	pos_13a.jpg	5703663	0	182	40013	182	0	40000	other	0
N15	154	Picture	+	5743843	0	1	17500	1	0	17380	other	0
N15	155	Picture	neg_15a.jpg	5763009	0	1	40166	1	0	40000	other	0
N15	156	Picture	+	5803341	0	1	17333	1	0	17170	other	0
N15	157	Picture	neu_21a.jpg	5822340	0	1	40166	1	0	40000	other	0
N15	158	Picture	+	5862673	0	1	19333	1	0	19310	other	0
N15	159	Picture	neu_8a.jpg	5883839	0	1	40166	1	0	40000	other	0
N15	160	Picture	+	5924171	0	1	18333	1	0	18160	other	0
N15	161	Picture	neu_29a.jpg	5944170	0	1	40166	1	0	40000	other	0
N15	162	Picture	+	5984503	0	1	16833	1	0	16760	other	0
N15	163	Picture	pos_18a.jpg	6003169	0	1	40166	1	0	40000	other	0
N15	164	Picture	+	6043501	0	1	17333	1	0	17170	other	0
N15	165	Picture	pos_28a.jpg	6063000	0	1	40166	1	0	40000	other	0
N15	166	Picture	+	6103333	0	1	15833	1	0	15780	other	0
N15	167	Picture	neu_2a.jpg	6120999	0	1	40166	1	0	40000	other	0
N15	168	Picture	+	6161331	0	1	19833	1	0	19680	other	0
N15	169	Picture	neg_28a.jpg	6182830	0	1	40166	1	0	40000	other	0
N15	170	Picture	+	6223163	0	1	17333	1	0	17210	other	0
N15	171	Picture	pos_21a.jpg	6242145	0	185	40016	185	0	40000	other	0
N15	172	Picture	+	6282328	0	1	15333	1	0	15170	other	0
N15	173	Picture	neg_4a.jpg	6299327	0	1	40166	1	0	40000	other	0
N15	174	Picture	+	6339659	0	1	19166	1	0	19130	other	0
N15	175	Picture	neu_22a.jpg	6360659	0	1	40166	1	0	40000	other	0
N15	176	Picture	+	6400991	0	1	15166	1	0	15030	other	0
N15	177	Picture	neu_20a.jpg	6417803	0	189	40020	189	0	40000	other	0
N15	178	Picture	+	6457989	0	1	18833	1	0	18780	other	0
N15	179	Picture	neg_20a.jpg	6478656	0	1	40166	1	0	40000	other	0
N15	180	Picture	+	6518988	0	1	18833	1	0	18700	other	0
N15	181	Picture	pos_4a.jpg	6539464	0	190	40022	190	0	40000	other	0
N15	182	Picture	+	6579653	0	1	15333	1	0	15300	other	0
N15	183	Picture	neu_3a.jpg	6596819	0	1	40166	1	0	40000	other	0
