Scenario - 
Logfile written - 03/08/2016 11:11:22

Subject	Trial	Event Type	Code	Time	TTime	Uncertainty	Duration	Uncertainty	ReqTime	ReqDur	Stim Type	Pair Index

n22	4	Picture	+	1250976	0	1	16333	1	0	16200	other	0
n22	5	Picture	neg_18a.jpg	1269268	0	208	40040	208	0	40000	other	0
n22	6	Picture	+	1309475	0	1	18833	1	0	18720	other	0
n22	7	Picture	neg_5a.jpg	1330141	0	1	40166	1	0	40000	other	0
n22	8	Picture	+	1370474	0	1	18500	1	0	18350	other	0
n22	9	Picture	pos_1a.jpg	1390807	0	1	40166	1	0	40000	other	0
n22	10	Picture	+	1431139	0	1	15833	1	0	15690	other	0
n22	11	Picture	pos_14a.jpg	1448614	0	193	40025	193	0	40000	other	0
n22	12	Picture	+	1488805	0	1	18166	1	0	18130	other	0
n22	13	Picture	neu_13a.jpg	1508620	0	186	40018	186	0	40000	other	0
n22	14	Picture	+	1548804	0	1	18166	1	0	18010	other	0
n22	15	Picture	neu_21a.jpg	1568637	0	1	40166	1	0	40000	other	0
n22	16	Picture	+	1608970	0	1	16166	1	0	16140	other	0
n22	17	Picture	neg_6a.jpg	1626969	0	1	40166	1	0	40000	other	0
n22	18	Picture	+	1667302	0	1	15666	1	0	15630	other	0
n22	19	Picture	pos_11a.jpg	1684595	0	207	40039	207	0	40000	other	0
n22	20	Picture	+	1724801	0	1	20000	1	0	19950	other	0
n22	21	Picture	neu_24a.jpg	1746467	0	1	40166	1	0	40000	other	0
n22	22	Picture	+	1786800	0	1	19333	1	0	19290	other	0
n22	23	Picture	pos_12a.jpg	1807966	0	1	40166	1	0	40000	other	0
n22	24	Picture	+	1848298	0	1	19333	1	0	19180	other	0
n22	25	Picture	pos_30a.jpg	1869965	0	1	40166	1	0	40000	other	0
n22	26	Picture	+	1910297	0	1	15500	1	0	15400	other	0
n22	27	Picture	neg_2a.jpg	1927464	0	1	40166	1	0	40000	other	0
n22	28	Picture	+	1967796	0	1	17666	1	0	17630	other	0
n22	29	Picture	neu_12a.jpg	1987129	0	1	40166	1	0	40000	other	0
n22	30	Picture	+	2027462	0	1	18166	1	0	18090	other	0
n22	31	Picture	pos_23a.jpg	2047273	0	189	40021	190	0	40000	other	0
n22	32	Picture	+	2087461	0	1	16000	1	0	15960	other	0
n22	33	Picture	pos_20a.jpg	2105294	0	1	40166	1	0	40000	other	0
n22	34	Picture	+	2145626	0	1	16666	1	0	16620	other	0
n22	35	Picture	pos_17a.jpg	2163941	0	186	40018	186	0	40000	other	0
n22	36	Picture	+	2204125	0	1	17333	1	0	17290	other	0
n22	37	Picture	pos_27a.jpg	2223292	0	1	40166	1	0	40000	other	0
n22	38	Picture	+	2263624	0	1	15333	1	0	15180	other	0
n22	39	Picture	neu_11a.jpg	2280791	0	1	40166	1	0	40000	other	0
n22	40	Picture	+	2321123	0	1	18666	1	0	18510	other	0
n22	41	Picture	neu_19a.jpg	2342123	0	1	40166	1	0	40000	other	0
n22	42	Picture	+	2382455	0	1	19833	1	0	19670	other	0
n22	43	Picture	neg_11a.jpg	2404122	0	1	40166	1	0	40000	other	0
n22	44	Picture	+	2444454	0	1	16666	1	0	16530	other	0
n22	45	Picture	neg_3a.jpg	2462748	0	207	40039	207	0	40000	other	0
n22	46	Picture	+	2502953	0	1	17833	1	0	17820	other	0
n22	47	Picture	pos_21a.jpg	2522420	0	200	40032	200	0	40000	other	0
n22	48	Picture	+	2562619	0	1	19166	1	0	19020	other	0
n22	49	Picture	neg_20a.jpg	2583618	0	1	40166	1	0	40000	other	0
n22	50	Picture	+	2623951	0	1	15666	1	0	15570	other	0
n22	51	Picture	neu_20a.jpg	2641254	0	197	40029	198	0	40000	other	0
n22	52	Picture	+	2681450	0	1	19000	1	0	18870	other	0
n22	53	Picture	neu_7a.jpg	2702283	0	1	40166	1	0	40000	other	0
n22	54	Picture	+	2742615	0	1	18000	1	0	17930	other	0
n22	55	Picture	neg_26a.jpg	2762261	0	188	40020	189	0	40000	other	0
n22	56	Picture	+	2802448	0	1	16500	1	0	16460	other	0
n22	57	Picture	neg_10a.jpg	2820781	0	1	40166	1	0	40000	other	0
n22	58	Picture	+	2861113	0	1	18333	1	0	18160	other	0
n22	59	Picture	pos_8a.jpg	2881099	0	181	40013	182	0	40000	other	0
n22	60	Picture	+	2921279	0	1	18000	1	0	17970	other	0
n22	61	Picture	neu_5a.jpg	2941112	0	1	40166	1	0	40000	other	0
n22	62	Picture	+	2981444	0	1	20000	1	0	19960	other	0
n22	63	Picture	pos_4a.jpg	3003111	0	1	40166	1	0	40000	other	0
n22	64	Picture	+	3043443	0	1	17000	1	0	16900	other	0
n22	65	Picture	neu_2a.jpg	3062095	0	182	40014	182	0	40000	other	0
n22	66	Picture	+	3102276	0	1	17500	1	0	17420	other	0
n22	67	Picture	neg_25a.jpg	3121609	0	1	40166	1	0	40000	other	0
n22	68	Picture	+	3161941	0	1	16333	1	0	16200	other	0
n22	69	Picture	pos_7a.jpg	3179941	0	1	40166	1	0	40000	other	0
n22	70	Picture	+	3220273	0	1	19000	1	0	18910	other	0
n22	71	Picture	pos_9a.jpg	3240923	0	184	40015	184	0	40000	other	0
n22	72	Picture	+	3281106	0	1	19000	1	0	18930	other	0
n22	73	Picture	pos_19a.jpg	3301749	0	190	40022	190	0	40000	other	0
n22	74	Picture	+	3341938	0	1	17166	1	0	17050	other	0
n22	75	Picture	neg_14a.jpg	3360937	0	1	40166	1	0	40000	other	0
n22	76	Picture	+	3401270	0	1	17666	1	0	17560	other	0
n22	77	Picture	neu_29a.jpg	3420603	0	1	40166	1	0	40000	other	0
n22	78	Picture	+	3460936	0	1	18166	1	0	18010	other	0
n22	79	Picture	neu_28a.jpg	3480769	0	1	40166	1	0	40000	other	0
n22	80	Picture	+	3521101	0	1	16500	1	0	16360	other	0
n22	81	Picture	neg_29a.jpg	3539434	0	1	40166	1	0	40000	other	0
n22	82	Picture	+	3579767	0	1	18000	1	0	17880	other	0
n22	83	Picture	neu_1a.jpg	3599600	0	1	40166	1	0	40000	other	0
n22	84	Picture	+	3639932	0	1	19333	1	0	19310	other	0
n22	85	Picture	pos_18a.jpg	3661099	0	1	40166	1	0	40000	other	0
n22	86	Picture	+	3701431	0	1	15333	1	0	15200	other	0
n22	87	Picture	neg_22a.jpg	3718418	0	180	40012	180	0	40000	other	0
n22	88	Picture	+	3758597	0	1	16500	1	0	16440	other	0
n22	89	Picture	pos_22a.jpg	3776930	0	1	40166	1	0	40000	other	0
n22	90	Picture	+	3817262	0	1	17000	1	0	16960	other	0
n22	91	Picture	neg_4a.jpg	3835929	0	1	40166	1	0	40000	other	0
n22	92	Picture	+	3876261	0	1	17500	1	0	17430	other	0
n22	93	Picture	pos_15a.jpg	3895594	0	1	40166	1	0	40000	other	0
n22	94	Picture	+	3935927	0	1	19333	1	0	19180	other	0
n22	95	Picture	pos_3a.jpg	3956926	0	1	40166	1	0	40000	other	0
n22	96	Picture	+	3997259	0	1	18666	1	0	18500	other	0
n22	97	Picture	neu_25a.jpg	4017592	0	1	40166	1	0	40000	other	0
n22	98	Picture	+	4057925	0	1	15833	1	0	15700	other	0
n22	99	Picture	neg_12a.jpg	4075424	0	1	40166	1	0	40000	other	0
n22	100	Picture	+	4115757	0	1	16333	1	0	16260	other	0
n22	101	Picture	neu_16a.jpg	4133757	0	1	40166	1	0	40000	other	0
n22	102	Picture	+	4174089	0	1	17666	1	0	17530	other	0
n22	103	Picture	neg_19a.jpg	4193589	0	1	40166	1	0	40000	other	0
n22	104	Picture	+	4233921	0	1	18833	1	0	18770	other	0
n22	105	Picture	neg_15a.jpg	4254421	0	1	40166	1	0	40000	other	0
n22	106	Picture	+	4294754	0	1	17666	1	0	17570	other	0
n22	107	Picture	neg_9a.jpg	4314087	0	1	40166	1	0	40000	other	0
n22	108	Picture	+	4354419	0	1	15333	1	0	15200	other	0
n22	109	Picture	neg_24a.jpg	4371401	0	186	40018	186	0	40000	other	0
n22	110	Picture	+	4411585	0	1	17333	1	0	17250	other	0
n22	111	Picture	neg_13a.jpg	4430584	0	1	40166	1	0	40000	other	0
n22	112	Picture	+	4470917	0	1	18333	1	0	18240	other	0
n22	113	Picture	pos_6a.jpg	4490917	0	1	40166	1	0	40000	other	0
n22	114	Picture	+	4531249	0	1	16166	1	0	16060	other	0
n22	115	Picture	neu_30a.jpg	4549249	0	1	40166	1	0	40000	other	0
n22	116	Picture	+	4589581	0	1	19666	1	0	19600	other	0
n22	117	Picture	pos_10a.jpg	4610914	0	1	40166	1	0	40000	other	0
n22	118	Picture	+	4651247	0	1	16333	1	0	16160	other	0
n22	119	Picture	neg_7a.jpg	4669221	0	193	40025	193	0	40000	other	0
n22	120	Picture	+	4709413	0	1	18500	1	0	18430	other	0
n22	121	Picture	neu_22a.jpg	4729746	0	1	40166	1	0	40000	other	0
n22	122	Picture	+	4770078	0	1	16500	1	0	16330	other	0
n22	123	Picture	pos_25a.jpg	4788216	0	196	40028	196	0	40000	other	0
n22	124	Picture	+	4828410	0	1	15666	1	0	15510	other	0
n22	125	Picture	neu_8a.jpg	4845910	0	1	40166	1	0	40000	other	0
n22	126	Picture	+	4886243	0	1	19500	1	0	19480	other	0
n22	127	Picture	pos_29a.jpg	4907409	0	1	40166	1	0	40000	other	0
n22	128	Picture	+	4947741	0	1	16500	1	0	16410	other	0
n22	129	Picture	neg_16a.jpg	4966075	0	1	40166	1	0	40000	other	0
n22	130	Picture	+	5006407	0	1	16833	1	0	16730	other	0
n22	131	Picture	pos_24a.jpg	5024907	0	1	40166	1	0	40000	other	0
n22	132	Picture	+	5065239	0	1	17000	1	0	16900	other	0
n22	133	Picture	pos_5a.jpg	5083867	0	206	40038	207	0	40000	other	0
n22	134	Picture	+	5124072	0	1	19333	1	0	19290	other	0
n22	135	Picture	neu_23a.jpg	5145238	0	1	40166	1	0	40000	other	0
n22	136	Picture	+	5185570	0	1	17166	1	0	17100	other	0
n22	137	Picture	neu_27a.jpg	5204374	0	197	40029	197	0	40000	other	0
n22	138	Picture	+	5244569	0	1	18666	1	0	18640	other	0
n22	139	Picture	neu_4a.jpg	5264902	0	1	40166	1	0	40000	other	0
n22	140	Picture	+	5305235	0	1	18000	1	0	17830	other	0
n22	141	Picture	neg_27a.jpg	5325068	0	1	40166	1	0	40000	other	0
n22	142	Picture	+	5365400	0	1	17000	1	0	16940	other	0
n22	143	Picture	neu_9a.jpg	5384233	0	1	40166	1	0	40000	other	0
n22	144	Picture	+	5424566	0	1	18000	1	0	17870	other	0
n22	145	Picture	neg_1a.jpg	5444399	0	1	40166	1	0	40000	other	0
n22	146	Picture	+	5484732	0	1	19500	1	0	19390	other	0
n22	147	Picture	neu_18a.jpg	5506064	0	1	40166	1	0	40000	other	0
n22	148	Picture	+	5546397	0	1	15500	1	0	15330	other	0
n22	149	Picture	neu_15a.jpg	5563563	0	1	40166	1	0	40000	other	0
n22	150	Picture	+	5603896	0	1	19833	1	0	19770	other	0
n22	151	Picture	neg_21a.jpg	5625396	0	1	40166	1	0	40000	other	0
n22	152	Picture	+	5665728	0	1	17833	1	0	17800	other	0
n22	153	Picture	neg_23a.jpg	5685204	0	192	40023	192	0	40000	other	0
n22	154	Picture	+	5725394	0	1	19166	1	0	19100	other	0
n22	155	Picture	neu_17a.jpg	5746227	0	1	40166	1	0	40000	other	0
n22	156	Picture	+	5786559	0	1	16833	1	0	16700	other	0
n22	157	Picture	pos_13a.jpg	5805034	0	192	40024	192	0	40000	other	0
n22	158	Picture	+	5845225	0	1	19500	1	0	19410	other	0
n22	159	Picture	neg_28a.jpg	5866391	0	1	40166	1	0	40000	other	0
n22	160	Picture	+	5906724	0	1	18666	1	0	18580	other	0
n22	161	Picture	pos_16a.jpg	5927057	0	1	40166	1	0	40000	other	0
n22	162	Picture	+	5967389	0	1	17333	1	0	17250	other	0
n22	163	Picture	pos_2a.jpg	5986389	0	1	40166	1	0	40000	other	0
n22	164	Picture	+	6026721	0	1	18500	1	0	18400	other	0
n22	165	Picture	pos_28a.jpg	6047388	0	1	40166	1	0	40000	other	0
n22	166	Picture	+	6087720	0	1	17000	1	0	16970	other	0
n22	167	Picture	pos_26a.jpg	6106387	0	1	40166	1	0	40000	other	0
n22	168	Picture	+	6146719	0	1	16000	1	0	15910	other	0
n22	169	Picture	neg_30a.jpg	6164386	0	1	40166	1	0	40000	other	0
n22	170	Picture	+	6204718	0	1	19500	1	0	19390	other	0
n22	171	Picture	neu_6a.jpg	6225884	0	1	40166	1	0	40000	other	0
n22	172	Picture	+	6266217	0	1	15833	1	0	15680	other	0
n22	173	Picture	neu_10a.jpg	6283682	0	202	40034	202	0	40000	other	0
n22	174	Picture	+	6323883	0	1	17166	1	0	17120	other	0
n22	175	Picture	neg_8a.jpg	6342882	0	1	40166	1	0	40000	other	0
n22	176	Picture	+	6383215	0	1	18166	1	0	18040	other	0
n22	177	Picture	neg_17a.jpg	6403214	0	1	40166	1	0	40000	other	0
n22	178	Picture	+	6443547	0	1	17000	1	0	16940	other	0
n22	179	Picture	neu_14a.jpg	6462192	0	189	40021	189	0	40000	other	0
n22	180	Picture	+	6502379	0	1	17666	1	0	17560	other	0
n22	181	Picture	neu_26a.jpg	6521712	0	1	40166	1	0	40000	other	0
n22	182	Picture	+	6562045	0	1	18500	1	0	18410	other	0
n22	183	Picture	neu_3a.jpg	6582378	0	1	40166	1	0	40000	other	0
