Scenario - 
Logfile written - 12/08/2015 10:12:01

Subject	Trial	Event Type	Code	Time	TTime	Uncertainty	Duration	Uncertainty	ReqTime	ReqDur	Stim Type	Pair Index

N_02_post	4	Picture	+	1250958	0	1	20000	2	0	19940	other	0
N_02_post	5	Picture	neg_21a.jpg	1272078	0	214	40045	215	0	40000	other	0
N_02_post	6	Picture	+	1312290	0	1	19666	2	0	19650	other	0
N_02_post	7	Picture	pos_6a.jpg	1332758	0	199	40030	200	0	40000	other	0
N_02_post	8	Picture	+	1372954	0	1	16833	2	0	16800	other	0
N_02_post	9	Picture	pos_29a.jpg	1390787	0	1	40165	2	0	40000	other	0
N_02_post	10	Picture	+	1431119	0	1	17833	2	0	17810	other	0
N_02_post	11	Picture	pos_10a.jpg	1449952	0	1	40165	2	0	40000	other	0
N_02_post	12	Picture	+	1490284	0	1	17332	3	0	17280	other	0
N_02_post	13	Picture	pos_17a.jpg	1508616	0	2	40166	3	0	40000	other	0
N_02_post	14	Picture	+	1548946	0	9	19002	10	0	18850	other	0
N_02_post	15	Picture	neu_2a.jpg	1568948	0	1	40165	2	0	40000	other	0
N_02_post	16	Picture	+	1609280	0	1	16166	2	0	16150	other	0
N_02_post	17	Picture	neg_25a.jpg	1626445	0	2	40166	3	0	40000	other	0
N_02_post	18	Picture	+	1666778	0	1	19833	2	0	19680	other	0
N_02_post	19	Picture	neg_8a.jpg	1687611	0	1	40165	2	0	40000	other	0
N_02_post	20	Picture	+	1727943	0	1	18499	2	0	18360	other	0
N_02_post	21	Picture	neg_24a.jpg	1747442	0	1	40165	2	0	40000	other	0
N_02_post	22	Picture	+	1787774	0	1	18833	2	0	18810	other	0
N_02_post	23	Picture	pos_21a.jpg	1807607	0	1	40165	2	0	40000	other	0
N_02_post	24	Picture	+	1847939	0	1	19166	2	0	18990	other	0
N_02_post	25	Picture	neg_27a.jpg	1868105	0	1	40165	2	0	40000	other	0
N_02_post	26	Picture	+	1908437	0	1	16332	3	0	16190	other	0
N_02_post	27	Picture	pos_15a.jpg	1925769	0	2	40166	3	0	40000	other	0
N_02_post	28	Picture	+	1966101	0	2	17833	3	0	17680	other	0
N_02_post	29	Picture	neu_11a.jpg	1984934	0	1	40165	3	0	40000	other	0
N_02_post	30	Picture	+	2025266	0	1	19666	2	0	19590	other	0
N_02_post	31	Picture	neg_16a.jpg	2045932	0	1	40165	3	0	40000	other	0
N_02_post	32	Picture	+	2086264	0	1	19999	3	0	19870	other	0
N_02_post	33	Picture	neu_24a.jpg	2107263	0	2	40166	3	0	40000	other	0
N_02_post	34	Picture	+	2147595	0	2	16167	3	0	16070	other	0
N_02_post	35	Picture	neg_11a.jpg	2164762	0	1	40165	2	0	40000	other	0
N_02_post	36	Picture	+	2205094	0	1	15332	3	0	15220	other	0
N_02_post	37	Picture	neu_28a.jpg	2221426	0	2	40166	3	0	40000	other	0
N_02_post	38	Picture	+	2261758	0	2	19666	4	0	19640	other	0
N_02_post	39	Picture	neu_14a.jpg	2282424	0	2	40166	3	0	40000	other	0
N_02_post	40	Picture	+	2322756	0	1	16500	2	0	16330	other	0
N_02_post	41	Picture	neu_20a.jpg	2340256	0	1	40165	2	0	40000	other	0
N_02_post	42	Picture	+	2380588	0	1	17332	3	0	17310	other	0
N_02_post	43	Picture	neu_13a.jpg	2398920	0	2	40166	3	0	40000	other	0
N_02_post	44	Picture	+	2439252	0	2	18000	3	0	17880	other	0
N_02_post	45	Picture	neu_25a.jpg	2458074	0	179	40000	357	0	40000	other	0
N_02_post	46	Picture	+	2498417	0	1	15166	3	0	15030	other	0
N_02_post	47	Picture	pos_18a.jpg	2514583	0	2	40166	3	0	40000	other	0
N_02_post	48	Picture	+	2554915	0	2	17166	4	0	17110	other	0
N_02_post	49	Picture	neu_12a.jpg	2572915	0	1	40165	2	0	40000	other	0
N_02_post	50	Picture	+	2613247	0	1	19999	2	0	19880	other	0
N_02_post	51	Picture	neu_26a.jpg	2634062	0	185	40016	186	0	40000	other	0
N_02_post	52	Picture	+	2674245	0	1	18832	3	0	18790	other	0
N_02_post	53	Picture	neg_5a.jpg	2694077	0	2	40166	3	0	40000	other	0
N_02_post	54	Picture	+	2734409	0	2	15167	3	0	15000	other	0
N_02_post	55	Picture	pos_1a.jpg	2750576	0	1	40165	2	0	40000	other	0
N_02_post	56	Picture	+	2790908	0	1	18832	2	0	18700	other	0
N_02_post	57	Picture	pos_22a.jpg	2810740	0	1	40166	2	0	40000	other	0
N_02_post	58	Picture	+	2851072	0	1	20000	2	0	19960	other	0
N_02_post	59	Picture	pos_14a.jpg	2872072	0	1	40165	2	0	40000	other	0
N_02_post	60	Picture	+	2912403	0	2	16500	3	0	16370	other	0
N_02_post	61	Picture	neg_10a.jpg	2929903	0	1	40165	2	0	40000	other	0
N_02_post	62	Picture	+	2970235	0	1	18499	2	0	18330	other	0
N_02_post	63	Picture	pos_13a.jpg	2989734	0	1	40166	2	0	40000	other	0
N_02_post	64	Picture	+	3030066	0	1	16666	3	0	16560	other	0
N_02_post	65	Picture	neg_17a.jpg	3047732	0	2	40166	3	0	40000	other	0
N_02_post	66	Picture	+	3088064	0	1	17166	3	0	17040	other	0
N_02_post	67	Picture	neu_29a.jpg	3106230	0	2	40166	3	0	40000	other	0
N_02_post	68	Picture	+	3146562	0	2	16000	3	0	15830	other	0
N_02_post	69	Picture	pos_11a.jpg	3163562	0	1	40165	2	0	40000	other	0
N_02_post	70	Picture	+	3203894	0	1	19666	2	0	19520	other	0
N_02_post	71	Picture	neu_30a.jpg	3224560	0	1	40165	2	0	40000	other	0
N_02_post	72	Picture	+	3264892	0	1	17833	2	0	17720	other	0
N_02_post	73	Picture	neg_2a.jpg	3283725	0	1	40165	2	0	40000	other	0
N_02_post	74	Picture	+	3324056	0	2	18000	3	0	17960	other	0
N_02_post	75	Picture	neg_14a.jpg	3343056	0	1	40165	2	0	40000	other	0
N_02_post	76	Picture	+	3383388	0	1	19833	2	0	19690	other	0
N_02_post	77	Picture	pos_27a.jpg	3404220	0	2	40166	3	0	40000	other	0
N_02_post	78	Picture	+	3444552	0	2	15500	3	0	15420	other	0
N_02_post	79	Picture	neu_3a.jpg	3461052	0	1	40165	2	0	40000	other	0
N_02_post	80	Picture	+	3501384	0	1	18666	2	0	18490	other	0
N_02_post	81	Picture	neg_12a.jpg	3521050	0	1	40165	2	0	40000	other	0
N_02_post	82	Picture	+	3561382	0	1	15999	3	0	15900	other	0
N_02_post	83	Picture	neu_16a.jpg	3578381	0	2	40166	3	0	40000	other	0
N_02_post	84	Picture	+	3618713	0	2	20000	3	0	19980	other	0
N_02_post	85	Picture	pos_23a.jpg	3639713	0	1	40165	2	0	40000	other	0
N_02_post	86	Picture	+	3680045	0	1	18999	2	0	18920	other	0
N_02_post	87	Picture	neg_20a.jpg	3700044	0	1	40165	3	0	40000	other	0
N_02_post	88	Picture	+	3740376	0	1	15166	2	0	15120	other	0
N_02_post	89	Picture	pos_30a.jpg	3757025	0	185	40016	186	0	40000	other	0
N_02_post	90	Picture	+	3797207	0	2	15490	180	0	15490	other	0
N_02_post	91	Picture	neu_27a.jpg	3813707	0	1	40165	2	0	40000	other	0
N_02_post	92	Picture	+	3854039	0	1	15166	2	0	15130	other	0
N_02_post	93	Picture	pos_26a.jpg	3870012	0	194	40025	195	0	40000	other	0
N_02_post	94	Picture	+	3910204	0	1	16499	2	0	16370	other	0
N_02_post	95	Picture	neu_1a.jpg	3927703	0	1	40165	3	0	40000	other	0
N_02_post	96	Picture	+	3968035	0	1	16000	2	0	15940	other	0
N_02_post	97	Picture	neu_15a.jpg	3985035	0	1	40165	2	0	40000	other	0
N_02_post	98	Picture	+	4025367	0	1	18666	2	0	18550	other	0
N_02_post	99	Picture	neg_15a.jpg	4044841	0	193	40024	194	0	40000	other	0
N_02_post	100	Picture	+	4085031	0	1	17166	3	0	17070	other	0
N_02_post	101	Picture	pos_20a.jpg	4103197	0	2	40166	3	0	40000	other	0
N_02_post	102	Picture	+	4143529	0	1	15333	2	0	15260	other	0
N_02_post	103	Picture	neg_7a.jpg	4159862	0	1	40165	3	0	40000	other	0
N_02_post	104	Picture	+	4200194	0	1	16500	2	0	16400	other	0
N_02_post	105	Picture	neg_29a.jpg	4217694	0	1	40165	2	0	40000	other	0
N_02_post	106	Picture	+	4258026	0	1	18666	2	0	18510	other	0
N_02_post	107	Picture	pos_24a.jpg	4277525	0	1	40165	2	0	40000	other	0
N_02_post	108	Picture	+	4317857	0	1	17666	2	0	17580	other	0
N_02_post	109	Picture	neu_5a.jpg	4336523	0	1	40165	2	0	40000	other	0
N_02_post	110	Picture	+	4376855	0	1	15166	2	0	15120	other	0
N_02_post	111	Picture	neu_10a.jpg	4393021	0	1	40165	3	0	40000	other	0
N_02_post	112	Picture	+	4433353	0	1	18833	2	0	18660	other	0
N_02_post	113	Picture	neg_30a.jpg	4452992	0	195	40026	196	0	40000	other	0
N_02_post	114	Picture	+	4493184	0	2	18667	3	0	18620	other	0
N_02_post	115	Picture	neg_3a.jpg	4512850	0	2	40166	3	0	40000	other	0
N_02_post	116	Picture	+	4553182	0	2	18000	3	0	17890	other	0
N_02_post	117	Picture	pos_5a.jpg	4572182	0	1	40165	2	0	40000	other	0
N_02_post	118	Picture	+	4612514	0	1	16333	2	0	16280	other	0
N_02_post	119	Picture	neu_9a.jpg	4629847	0	1	40165	2	0	40000	other	0
N_02_post	120	Picture	+	4670179	0	1	17332	2	0	17210	other	0
N_02_post	121	Picture	neu_4a.jpg	4688345	0	1	40165	2	0	40000	other	0
N_02_post	122	Picture	+	4728677	0	1	19499	2	0	19470	other	0
N_02_post	123	Picture	pos_2a.jpg	4749176	0	1	40165	2	0	40000	other	0
N_02_post	124	Picture	+	4789508	0	1	17333	2	0	17160	other	0
N_02_post	125	Picture	neu_18a.jpg	4807841	0	1	40165	2	0	40000	other	0
N_02_post	126	Picture	+	4848173	0	1	17666	2	0	17500	other	0
N_02_post	127	Picture	neu_21a.jpg	4866839	0	1	40165	2	0	40000	other	0
N_02_post	128	Picture	+	4907171	0	1	19999	2	0	19950	other	0
N_02_post	129	Picture	neg_1a.jpg	4928170	0	1	40165	3	0	40000	other	0
N_02_post	130	Picture	+	4968502	0	1	15999	3	0	15940	other	0
N_02_post	131	Picture	neg_9a.jpg	4985302	0	201	40032	202	0	40000	other	0
N_02_post	132	Picture	+	5025500	0	1	15500	2	0	15420	other	0
N_02_post	133	Picture	neg_19a.jpg	5042000	0	1	40165	2	0	40000	other	0
N_02_post	134	Picture	+	5082332	0	1	17166	2	0	17020	other	0
N_02_post	135	Picture	pos_16a.jpg	5100498	0	1	40165	2	0	40000	other	0
N_02_post	136	Picture	+	5140830	0	1	15333	2	0	15200	other	0
N_02_post	137	Picture	neg_6a.jpg	5157163	0	1	40165	2	0	40000	other	0
N_02_post	138	Picture	+	5197495	0	1	19332	2	0	19170	other	0
N_02_post	139	Picture	neg_26a.jpg	5217827	0	1	40165	3	0	40000	other	0
N_02_post	140	Picture	+	5258159	0	1	16500	2	0	16440	other	0
N_02_post	141	Picture	pos_4a.jpg	5275659	0	1	40165	2	0	40000	other	0
N_02_post	142	Picture	+	5315991	0	1	16332	3	0	16250	other	0
N_02_post	143	Picture	neg_18a.jpg	5333323	0	2	40166	3	0	40000	other	0
N_02_post	144	Picture	+	5373655	0	2	15500	3	0	15360	other	0
N_02_post	145	Picture	neu_17a.jpg	5390155	0	1	40165	2	0	40000	other	0
N_02_post	146	Picture	+	5430487	0	1	16333	2	0	16200	other	0
N_02_post	147	Picture	neu_23a.jpg	5447820	0	1	40165	2	0	40000	other	0
N_02_post	148	Picture	+	5488152	0	1	15666	2	0	15570	other	0
N_02_post	149	Picture	neg_13a.jpg	5504651	0	1	40165	3	0	40000	other	0
N_02_post	150	Picture	+	5544983	0	1	18666	2	0	18610	other	0
N_02_post	151	Picture	neu_6a.jpg	5564649	0	1	40165	3	0	40000	other	0
N_02_post	152	Picture	+	5604981	0	1	18499	3	0	18350	other	0
N_02_post	153	Picture	pos_12a.jpg	5624480	0	2	40166	3	0	40000	other	0
N_02_post	154	Picture	+	5664812	0	2	18000	3	0	17980	other	0
N_02_post	155	Picture	pos_25a.jpg	5683812	0	1	40165	2	0	40000	other	0
N_02_post	156	Picture	+	5724144	0	1	15333	2	0	15190	other	0
N_02_post	157	Picture	pos_19a.jpg	5740476	0	2	40166	3	0	40000	other	0
N_02_post	158	Picture	+	5780809	0	1	17999	2	0	17980	other	0
N_02_post	159	Picture	neg_23a.jpg	5799808	0	1	40165	2	0	40000	other	0
N_02_post	160	Picture	+	5840140	0	1	15666	2	0	15550	other	0
N_02_post	161	Picture	neu_7a.jpg	5856806	0	1	40165	2	0	40000	other	0
N_02_post	162	Picture	+	5897138	0	1	17666	2	0	17500	other	0
N_02_post	163	Picture	neg_4a.jpg	5915614	0	191	40022	192	0	40000	other	0
N_02_post	164	Picture	+	5955803	0	1	18332	3	0	18260	other	0
N_02_post	165	Picture	pos_8a.jpg	5975135	0	2	40166	3	0	40000	other	0
N_02_post	166	Picture	+	6015467	0	2	16500	3	0	16440	other	0
N_02_post	167	Picture	pos_28a.jpg	6033267	0	201	40032	202	0	40000	other	0
N_02_post	168	Picture	+	6073466	0	1	17999	2	0	17980	other	0
N_02_post	169	Picture	neg_28a.jpg	6092278	0	188	40019	189	0	40000	other	0
N_02_post	170	Picture	+	6132464	0	1	16499	2	0	16340	other	0
N_02_post	171	Picture	pos_9a.jpg	6149963	0	1	40165	2	0	40000	other	0
N_02_post	172	Picture	+	6190295	0	1	19499	2	0	19370	other	0
N_02_post	173	Picture	neu_8a.jpg	6210794	0	2	40166	3	0	40000	other	0
N_02_post	174	Picture	+	6251126	0	1	19000	2	0	18910	other	0
N_02_post	175	Picture	neg_22a.jpg	6271126	0	1	40165	2	0	40000	other	0
N_02_post	176	Picture	+	6311458	0	1	17499	2	0	17390	other	0
N_02_post	177	Picture	pos_7a.jpg	6329957	0	1	40165	2	0	40000	other	0
N_02_post	178	Picture	+	6370289	0	1	17166	2	0	16990	other	0
N_02_post	179	Picture	neu_22a.jpg	6388455	0	1	40165	3	0	40000	other	0
N_02_post	180	Picture	+	6428787	0	1	18666	2	0	18540	other	0
N_02_post	181	Picture	pos_3a.jpg	6448270	0	184	40015	185	0	40000	other	0
N_02_post	182	Picture	+	6488452	0	1	19332	3	0	19220	other	0
N_02_post	183	Picture	neu_19a.jpg	6509284	0	2	40166	3	0	40000	other	0
