Scenario - 
Logfile written - 02/16/2016 10:10:57

Subject	Trial	Event Type	Code	Time	TTime	Uncertainty	Duration	Uncertainty	ReqTime	ReqDur	Stim Type	Pair Index

N_07	4	Picture	+	1250868	0	1	18682	2	0	18550	other	0
N_07	5	Picture	pos_6a.jpg	1271552	0	1	40033	2	0	40000	other	0
N_07	6	Picture	+	1311918	0	2	16181	3	0	16140	other	0
N_07	7	Picture	neg_5a.jpg	1329767	0	1	40033	2	0	40000	other	0
N_07	8	Picture	+	1369967	0	1	16847	2	0	16680	other	0
N_07	9	Picture	neu_16a.jpg	1388307	0	24	40041	26	0	40000	other	0
N_07	10	Picture	+	1428515	0	1	18015	2	0	17850	other	0
N_07	11	Picture	neu_1a.jpg	1448198	0	1	40033	2	0	40000	other	0
N_07	12	Picture	+	1488398	0	1	17348	2	0	17300	other	0
N_07	13	Picture	neu_29a.jpg	1507237	0	24	40043	25	0	40000	other	0
N_07	14	Picture	+	1547447	0	1	17348	2	0	17330	other	0
N_07	15	Picture	neu_28a.jpg	1566287	0	24	40042	25	0	40000	other	0
N_07	16	Picture	+	1606496	0	1	15680	2	0	15560	other	0
N_07	17	Picture	pos_27a.jpg	1623844	0	1	40033	2	0	40000	other	0
N_07	18	Picture	+	1664044	0	1	16346	3	0	16280	other	0
N_07	19	Picture	neu_21a.jpg	1681877	0	21	40048	22	0	40000	other	0
N_07	20	Picture	+	1722092	0	1	16513	2	0	16390	other	0
N_07	21	Picture	pos_19a.jpg	1740099	0	23	40041	24	0	40000	other	0
N_07	22	Picture	+	1780307	0	1	19349	2	0	19330	other	0
N_07	23	Picture	pos_22a.jpg	1801324	0	1	40033	2	0	40000	other	0
N_07	24	Picture	+	1841524	0	1	18849	2	0	18820	other	0
N_07	25	Picture	neu_22a.jpg	1862041	0	1	40033	2	0	40000	other	0
N_07	26	Picture	+	1902241	0	1	16013	2	0	15960	other	0
N_07	27	Picture	neu_20a.jpg	1919745	0	18	40044	19	0	40000	other	0
N_07	28	Picture	+	1959955	0	1	18182	2	0	18130	other	0
N_07	29	Picture	pos_26a.jpg	1979638	0	2	40033	4	0	40000	other	0
N_07	30	Picture	+	2019838	0	1	19183	2	0	19130	other	0
N_07	31	Picture	pos_21a.jpg	2040510	0	18	40045	19	0	40000	other	0
N_07	32	Picture	+	2080722	0	1	17515	2	0	17350	other	0
N_07	33	Picture	neg_16a.jpg	2099905	0	1	40033	2	0	40000	other	0
N_07	34	Picture	+	2140105	0	1	18348	2	0	18290	other	0
N_07	35	Picture	pos_9a.jpg	2159945	0	24	40042	26	0	40000	other	0
N_07	36	Picture	+	2200154	0	1	15847	2	0	15810	other	0
N_07	37	Picture	neg_13a.jpg	2217502	0	1	40033	2	0	40000	other	0
N_07	38	Picture	+	2257702	0	1	19516	2	0	19400	other	0
N_07	39	Picture	neu_18a.jpg	2278886	0	1	40033	3	0	40000	other	0
N_07	40	Picture	+	2319086	0	1	16681	2	0	16610	other	0
N_07	41	Picture	neg_30a.jpg	2337268	0	1	40033	2	0	40000	other	0
N_07	42	Picture	+	2377468	0	1	19016	2	0	18840	other	0
N_07	43	Picture	neu_5a.jpg	2398152	0	1	40033	2	0	40000	other	0
N_07	44	Picture	+	2438352	0	1	17848	2	0	17760	other	0
N_07	45	Picture	pos_13a.jpg	2457690	0	18	40044	19	0	40000	other	0
N_07	46	Picture	+	2497901	0	1	17514	3	0	17390	other	0
N_07	47	Picture	neg_21a.jpg	2516907	0	24	40043	25	0	40000	other	0
N_07	48	Picture	+	2557117	0	1	19182	2	0	19020	other	0
N_07	49	Picture	neg_14a.jpg	2577967	0	2	40033	4	0	40000	other	0
N_07	50	Picture	+	2618167	0	1	18015	2	0	17920	other	0
N_07	51	Picture	neu_15a.jpg	2637676	0	16	40040	18	0	40000	other	0
N_07	52	Picture	+	2677883	0	2	15513	3	0	15440	other	0
N_07	53	Picture	pos_25a.jpg	2694891	0	12	40040	13	0	40000	other	0
N_07	54	Picture	+	2735097	0	2	17682	3	0	17590	other	0
N_07	55	Picture	neg_4a.jpg	2754280	0	1	40033	2	0	40000	other	0
N_07	56	Picture	+	2794480	0	1	18348	3	0	18180	other	0
N_07	57	Picture	neg_17a.jpg	2814496	0	2	40034	3	0	40000	other	0
N_07	58	Picture	+	2854696	0	2	15680	3	0	15660	other	0
N_07	59	Picture	neu_9a.jpg	2872044	0	1	40033	2	0	40000	other	0
N_07	60	Picture	+	2912244	0	1	16514	2	0	16450	other	0
N_07	61	Picture	neg_2a.jpg	2930253	0	12	40039	13	0	40000	other	0
N_07	62	Picture	+	2970459	0	1	17681	3	0	17540	other	0
N_07	63	Picture	neg_7a.jpg	2989604	0	201	40071	202	0	40000	other	0
N_07	64	Picture	+	3029842	0	1	17347	2	0	17300	other	0
N_07	65	Picture	pos_4a.jpg	3048691	0	1	40033	2	0	40000	other	0
N_07	66	Picture	+	3088890	0	2	18683	3	0	18540	other	0
N_07	67	Picture	pos_5a.jpg	3109064	0	16	40043	17	0	40000	other	0
N_07	68	Picture	+	3149274	0	1	17014	2	0	16850	other	0
N_07	69	Picture	neg_18a.jpg	3167956	0	1	40033	2	0	40000	other	0
N_07	70	Picture	+	3208156	0	1	18515	2	0	18500	other	0
N_07	71	Picture	neu_10a.jpg	3228151	0	27	40055	28	0	40000	other	0
N_07	72	Picture	+	3268372	0	2	19517	3	0	19350	other	0
N_07	73	Picture	pos_28a.jpg	3290047	0	19	40043	20	0	40000	other	0
N_07	74	Picture	+	3330257	0	1	16514	2	0	16470	other	0
N_07	75	Picture	neg_23a.jpg	3348243	0	197	40062	198	0	40000	other	0
N_07	76	Picture	+	3388472	0	1	19349	3	0	19290	other	0
N_07	77	Picture	neu_19a.jpg	3410146	0	18	40044	19	0	40000	other	0
N_07	78	Picture	+	3450356	0	2	16514	3	0	16470	other	0
N_07	79	Picture	neu_25a.jpg	3468362	0	12	40043	13	0	40000	other	0
N_07	80	Picture	+	3508571	0	2	17515	3	0	17460	other	0
N_07	81	Picture	neu_2a.jpg	3527557	0	198	40063	200	0	40000	other	0
N_07	82	Picture	+	3567787	0	1	18349	2	0	18330	other	0
N_07	83	Picture	pos_16a.jpg	3587630	0	10	40040	11	0	40000	other	0
N_07	84	Picture	+	3627837	0	1	15179	2	0	15090	other	0
N_07	85	Picture	neu_24a.jpg	3644509	0	24	40041	26	0	40000	other	0
N_07	86	Picture	+	3684717	0	2	19850	3	0	19770	other	0
N_07	87	Picture	neg_9a.jpg	3706068	0	2	40034	3	0	40000	other	0
N_07	88	Picture	+	3746268	0	1	17348	2	0	17210	other	0
N_07	89	Picture	neu_6a.jpg	3765117	0	2	40033	4	0	40000	other	0
N_07	90	Picture	+	3805317	0	1	19516	3	0	19380	other	0
N_07	91	Picture	neu_26a.jpg	3826335	0	1	40033	2	0	40000	other	0
N_07	92	Picture	+	3866535	0	1	19015	3	0	18870	other	0
N_07	93	Picture	pos_10a.jpg	3887052	0	1	40033	2	0	40000	other	0
N_07	94	Picture	+	3927252	0	1	19682	3	0	19640	other	0
N_07	95	Picture	neg_15a.jpg	3948436	0	1	40033	2	0	40000	other	0
N_07	96	Picture	+	3988636	0	1	18682	2	0	18660	other	0
N_07	97	Picture	neg_10a.jpg	4008986	0	1	40033	2	0	40000	other	0
N_07	98	Picture	+	4049186	0	1	17014	2	0	16860	other	0
N_07	99	Picture	neu_7a.jpg	4067868	0	1	40033	2	0	40000	other	0
N_07	100	Picture	+	4108068	0	1	19683	2	0	19640	other	0
N_07	101	Picture	neg_11a.jpg	4129419	0	1	40033	2	0	40000	other	0
N_07	102	Picture	+	4169619	0	1	19349	2	0	19190	other	0
N_07	103	Picture	pos_12a.jpg	4190636	0	2	40034	3	0	40000	other	0
N_07	104	Picture	+	4230836	0	2	17515	3	0	17370	other	0
N_07	105	Picture	neu_23a.jpg	4250019	0	1	40033	2	0	40000	other	0
N_07	106	Picture	+	4290219	0	1	18015	2	0	17850	other	0
N_07	107	Picture	pos_18a.jpg	4309727	0	18	40041	19	0	40000	other	0
N_07	108	Picture	+	4349935	0	1	16680	3	0	16620	other	0
N_07	109	Picture	neu_14a.jpg	4368095	0	190	40055	191	0	40000	other	0
N_07	110	Picture	+	4408317	0	1	20016	2	0	19950	other	0
N_07	111	Picture	pos_3a.jpg	4429826	0	19	40042	20	0	40000	other	0
N_07	112	Picture	+	4470034	0	2	19683	4	0	19530	other	0
N_07	113	Picture	neg_12a.jpg	4491219	0	1	40033	2	0	40000	other	0
N_07	114	Picture	+	4531419	0	1	18014	3	0	17870	other	0
N_07	115	Picture	pos_23a.jpg	4550925	0	24	40043	25	0	40000	other	0
N_07	116	Picture	+	4591135	0	1	16180	2	0	16140	other	0
N_07	117	Picture	neu_13a.jpg	4608783	0	201	40066	202	0	40000	other	0
N_07	118	Picture	+	4649016	0	1	19183	2	0	19040	other	0
N_07	119	Picture	pos_15a.jpg	4669867	0	1	40033	2	0	40000	other	0
N_07	120	Picture	+	4710066	0	2	19517	3	0	19500	other	0
N_07	121	Picture	neu_12a.jpg	4730896	0	189	40054	190	0	40000	other	0
N_07	122	Picture	+	4771117	0	1	16847	3	0	16830	other	0
N_07	123	Picture	pos_20a.jpg	4789632	0	2	40034	3	0	40000	other	0
N_07	124	Picture	+	4829832	0	2	18516	3	0	18370	other	0
N_07	125	Picture	pos_7a.jpg	4849849	0	1	40033	2	0	40000	other	0
N_07	126	Picture	+	4890049	0	1	17681	2	0	17580	other	0
N_07	127	Picture	neu_30a.jpg	4909398	0	2	40033	4	0	40000	other	0
N_07	128	Picture	+	4949598	0	1	16347	2	0	16280	other	0
N_07	129	Picture	neu_27a.jpg	4967446	0	2	40033	4	0	40000	other	0
N_07	130	Picture	+	5007646	0	1	15180	2	0	15120	other	0
N_07	131	Picture	neg_29a.jpg	5024494	0	1	40033	2	0	40000	other	0
N_07	132	Picture	+	5064694	0	1	19349	2	0	19270	other	0
N_07	133	Picture	pos_30a.jpg	5086545	0	1	40033	2	0	40000	other	0
N_07	134	Picture	+	5126745	0	1	17014	2	0	17000	other	0
N_07	135	Picture	pos_14a.jpg	5145252	0	24	40041	26	0	40000	other	0
N_07	136	Picture	+	5185460	0	1	17515	2	0	17370	other	0
N_07	137	Picture	neg_8a.jpg	5204643	0	1	40033	2	0	40000	other	0
N_07	138	Picture	+	5244843	0	1	18515	2	0	18460	other	0
N_07	139	Picture	neg_28a.jpg	5264859	0	2	40033	4	0	40000	other	0
N_07	140	Picture	+	5305059	0	1	17515	2	0	17470	other	0
N_07	141	Picture	pos_2a.jpg	5324075	0	1	40033	2	0	40000	other	0
N_07	142	Picture	+	5364275	0	1	17348	2	0	17200	other	0
N_07	143	Picture	neg_26a.jpg	5383110	0	182	40047	183	0	40000	other	0
N_07	144	Picture	+	5423324	0	1	16013	2	0	15960	other	0
N_07	145	Picture	pos_24a.jpg	5440838	0	2	40033	4	0	40000	other	0
N_07	146	Picture	+	5481038	0	2	19183	3	0	19110	other	0
N_07	147	Picture	neu_4a.jpg	5501722	0	1	40033	3	0	40000	other	0
N_07	148	Picture	+	5541922	0	1	17014	2	0	16910	other	0
N_07	149	Picture	neg_3a.jpg	5560427	0	18	40044	19	0	40000	other	0
N_07	150	Picture	+	5600637	0	2	17348	3	0	17240	other	0
N_07	151	Picture	neg_27a.jpg	5619468	0	186	40051	188	0	40000	other	0
N_07	152	Picture	+	5659686	0	1	19016	2	0	18940	other	0
N_07	153	Picture	neu_11a.jpg	5680370	0	1	40033	2	0	40000	other	0
N_07	154	Picture	+	5720570	0	1	18682	2	0	18580	other	0
N_07	155	Picture	neg_19a.jpg	5740920	0	1	40033	3	0	40000	other	0
N_07	156	Picture	+	5781120	0	1	20017	2	0	19890	other	0
N_07	157	Picture	pos_8a.jpg	5802628	0	18	40043	19	0	40000	other	0
N_07	158	Picture	+	5842838	0	1	18182	2	0	18080	other	0
N_07	159	Picture	pos_11a.jpg	5862514	0	12	40040	13	0	40000	other	0
N_07	160	Picture	+	5902721	0	1	17681	2	0	17520	other	0
N_07	161	Picture	neu_3a.jpg	5921892	0	180	40045	181	0	40000	other	0
N_07	162	Picture	+	5962103	0	2	19517	3	0	19500	other	0
N_07	163	Picture	pos_29a.jpg	5983121	0	1	40033	2	0	40000	other	0
N_07	164	Picture	+	6023321	0	1	15679	3	0	15650	other	0
N_07	165	Picture	neg_6a.jpg	6040489	0	181	40046	182	0	40000	other	0
N_07	166	Picture	+	6080702	0	1	18181	3	0	18070	other	0
N_07	167	Picture	pos_1a.jpg	6100551	0	2	40034	3	0	40000	other	0
N_07	168	Picture	+	6140751	0	1	15346	3	0	15320	other	0
N_07	169	Picture	neg_1a.jpg	6157765	0	2	40034	3	0	40000	other	0
N_07	170	Picture	+	6197965	0	2	17515	3	0	17340	other	0
N_07	171	Picture	neg_25a.jpg	6217148	0	1	40033	2	0	40000	other	0
N_07	172	Picture	+	6257348	0	1	17848	2	0	17720	other	0
N_07	173	Picture	neg_24a.jpg	6276683	0	182	40047	184	0	40000	other	0
N_07	174	Picture	+	6316897	0	1	18849	2	0	18820	other	0
N_07	175	Picture	neu_8a.jpg	6337414	0	1	40033	3	0	40000	other	0
N_07	176	Picture	+	6377614	0	1	16013	3	0	15890	other	0
N_07	177	Picture	neu_17a.jpg	6395120	0	24	40042	25	0	40000	other	0
N_07	178	Picture	+	6435329	0	1	18515	2	0	18390	other	0
N_07	179	Picture	neg_22a.jpg	6455512	0	1	40033	2	0	40000	other	0
N_07	180	Picture	+	6495712	0	1	17514	3	0	17490	other	0
N_07	181	Picture	pos_17a.jpg	6514717	0	18	40044	19	0	40000	other	0
N_07	182	Picture	+	6554928	0	1	16513	2	0	16400	other	0
N_07	183	Picture	neg_20a.jpg	6573109	0	2	40033	4	0	40000	other	0
