Scenario - 
Logfile written - 02/16/2016 11:40:38

Subject	Trial	Event Type	Code	Time	TTime	Uncertainty	Duration	Uncertainty	ReqTime	ReqDur	Stim Type	Pair Index

N_08	4	Picture	+	1250866	0	1	19516	2	0	19340	other	0
N_08	5	Picture	neg_25a.jpg	1272551	0	1	40033	2	0	40000	other	0
N_08	6	Picture	+	1312751	0	1	16346	3	0	16220	other	0
N_08	7	Picture	neg_27a.jpg	1330766	0	1	40033	2	0	40000	other	0
N_08	8	Picture	+	1370965	0	2	16514	3	0	16350	other	0
N_08	9	Picture	neg_7a.jpg	1388971	0	24	40042	26	0	40000	other	0
N_08	10	Picture	+	1429180	0	1	17515	2	0	17410	other	0
N_08	11	Picture	neu_19a.jpg	1448987	0	211	40076	212	0	40000	other	0
N_08	12	Picture	+	1489230	0	1	18515	2	0	18500	other	0
N_08	13	Picture	neg_17a.jpg	1509232	0	183	40048	184	0	40000	other	0
N_08	14	Picture	+	1549446	0	2	19183	3	0	19120	other	0
N_08	15	Picture	pos_10a.jpg	1570130	0	1	40033	3	0	40000	other	0
N_08	16	Picture	+	1610330	0	1	20017	2	0	19840	other	0
N_08	17	Picture	neg_6a.jpg	1631828	0	188	40053	189	0	40000	other	0
N_08	18	Picture	+	1672048	0	1	19182	3	0	19050	other	0
N_08	19	Picture	neg_24a.jpg	1692723	0	24	40042	25	0	40000	other	0
N_08	20	Picture	+	1732931	0	2	16514	3	0	16500	other	0
N_08	21	Picture	neg_28a.jpg	1750946	0	2	40034	3	0	40000	other	0
N_08	22	Picture	+	1791146	0	2	17848	4	0	17770	other	0
N_08	23	Picture	pos_30a.jpg	1811323	0	22	40040	23	0	40000	other	0
N_08	24	Picture	+	1851530	0	1	17848	2	0	17740	other	0
N_08	25	Picture	pos_13a.jpg	1870872	0	15	40040	16	0	40000	other	0
N_08	26	Picture	+	1911079	0	1	16013	2	0	15870	other	0
N_08	27	Picture	pos_1a.jpg	1928582	0	18	40044	20	0	40000	other	0
N_08	28	Picture	+	1968793	0	1	16180	2	0	16130	other	0
N_08	29	Picture	neu_24a.jpg	1986466	0	13	40042	14	0	40000	other	0
N_08	30	Picture	+	2026674	0	2	18516	3	0	18370	other	0
N_08	31	Picture	neg_3a.jpg	2046685	0	14	40039	15	0	40000	other	0
N_08	32	Picture	+	2086891	0	1	15679	3	0	15620	other	0
N_08	33	Picture	neu_7a.jpg	2104057	0	183	40048	184	0	40000	other	0
N_08	34	Picture	+	2144272	0	1	17181	2	0	17100	other	0
N_08	35	Picture	neu_12a.jpg	2162757	0	198	40063	199	0	40000	other	0
N_08	36	Picture	+	2202987	0	1	17347	3	0	17250	other	0
N_08	37	Picture	neu_21a.jpg	2221836	0	1	40033	2	0	40000	other	0
N_08	38	Picture	+	2262036	0	1	16513	2	0	16500	other	0
N_08	39	Picture	pos_21a.jpg	2280044	0	12	40040	13	0	40000	other	0
N_08	40	Picture	+	2320250	0	2	15847	3	0	15830	other	0
N_08	41	Picture	neu_20a.jpg	2337590	0	13	40041	14	0	40000	other	0
N_08	42	Picture	+	2377798	0	1	17348	2	0	17210	other	0
N_08	43	Picture	pos_18a.jpg	2396616	0	199	40064	200	0	40000	other	0
N_08	44	Picture	+	2436847	0	1	19516	2	0	19500	other	0
N_08	45	Picture	neg_2a.jpg	2457864	0	1	40033	2	0	40000	other	0
N_08	46	Picture	+	2498064	0	1	17515	2	0	17440	other	0
N_08	47	Picture	neu_27a.jpg	2517080	0	1	40033	2	0	40000	other	0
N_08	48	Picture	+	2557280	0	1	16680	2	0	16630	other	0
N_08	49	Picture	neg_26a.jpg	2575432	0	198	40063	199	0	40000	other	0
N_08	50	Picture	+	2615661	0	2	15346	4	0	15270	other	0
N_08	51	Picture	neg_21a.jpg	2632503	0	14	40039	15	0	40000	other	0
N_08	52	Picture	+	2672709	0	1	17514	2	0	17460	other	0
N_08	53	Picture	pos_28a.jpg	2692381	0	18	40044	19	0	40000	other	0
N_08	54	Picture	+	2732592	0	1	19015	2	0	18940	other	0
N_08	55	Picture	neu_22a.jpg	2753102	0	16	40040	17	0	40000	other	0
N_08	56	Picture	+	2793308	0	2	19350	3	0	19240	other	0
N_08	57	Picture	neg_16a.jpg	2814326	0	1	40033	2	0	40000	other	0
N_08	58	Picture	+	2854526	0	1	17181	2	0	17150	other	0
N_08	59	Picture	neg_1a.jpg	2873375	0	1	40033	2	0	40000	other	0
N_08	60	Picture	+	2913575	0	1	17514	3	0	17470	other	0
N_08	61	Picture	neu_9a.jpg	2932757	0	2	40033	4	0	40000	other	0
N_08	62	Picture	+	2972957	0	1	15847	2	0	15730	other	0
N_08	63	Picture	pos_3a.jpg	2990305	0	1	40033	2	0	40000	other	0
N_08	64	Picture	+	3030505	0	1	17014	2	0	16840	other	0
N_08	65	Picture	pos_25a.jpg	3049012	0	19	40041	21	0	40000	other	0
N_08	66	Picture	+	3089220	0	1	16514	2	0	16490	other	0
N_08	67	Picture	pos_12a.jpg	3107227	0	23	40041	24	0	40000	other	0
N_08	68	Picture	+	3147435	0	1	16847	3	0	16690	other	0
N_08	69	Picture	pos_16a.jpg	3165784	0	1	40033	2	0	40000	other	0
N_08	70	Picture	+	3205984	0	1	17180	3	0	17100	other	0
N_08	71	Picture	pos_5a.jpg	3224666	0	1	40033	2	0	40000	other	0
N_08	72	Picture	+	3264866	0	1	19683	2	0	19540	other	0
N_08	73	Picture	pos_19a.jpg	3286043	0	10	40040	11	0	40000	other	0
N_08	74	Picture	+	3326250	0	1	15680	2	0	15600	other	0
N_08	75	Picture	neg_18a.jpg	3343414	0	185	40050	186	0	40000	other	0
N_08	76	Picture	+	3383631	0	1	16347	2	0	16290	other	0
N_08	77	Picture	pos_14a.jpg	3401479	0	1	40033	2	0	40000	other	0
N_08	78	Picture	+	3441679	0	1	18182	2	0	18100	other	0
N_08	79	Picture	neg_20a.jpg	3461529	0	1	40033	2	0	40000	other	0
N_08	80	Picture	+	3501728	0	2	19183	3	0	19040	other	0
N_08	81	Picture	pos_23a.jpg	3522404	0	19	40042	20	0	40000	other	0
N_08	82	Picture	+	3562612	0	1	19183	2	0	19010	other	0
N_08	83	Picture	neg_4a.jpg	3583296	0	1	40033	2	0	40000	other	0
N_08	84	Picture	+	3623496	0	1	16170	179	0	16170	other	0
N_08	85	Picture	neu_10a.jpg	3641344	0	2	40033	4	0	40000	other	0
N_08	86	Picture	+	3681544	0	1	15513	2	0	15340	other	0
N_08	87	Picture	neg_30a.jpg	3698558	0	2	40033	4	0	40000	other	0
N_08	88	Picture	+	3738758	0	1	16848	2	0	16800	other	0
N_08	89	Picture	neu_4a.jpg	3757107	0	1	40033	2	0	40000	other	0
N_08	90	Picture	+	3797307	0	1	19516	2	0	19370	other	0
N_08	91	Picture	neu_15a.jpg	3818316	0	19	40041	20	0	40000	other	0
N_08	92	Picture	+	3858524	0	1	15846	3	0	15830	other	0
N_08	93	Picture	neu_1a.jpg	3875854	0	186	40051	187	0	40000	other	0
N_08	94	Picture	+	3916072	0	1	15179	2	0	15150	other	0
N_08	95	Picture	neu_6a.jpg	3932752	0	2	40033	4	0	40000	other	0
N_08	96	Picture	+	3972952	0	1	19516	2	0	19390	other	0
N_08	97	Picture	neu_23a.jpg	3993945	0	193	40058	194	0	40000	other	0
N_08	98	Picture	+	4034170	0	1	16847	2	0	16730	other	0
N_08	99	Picture	neg_22a.jpg	4052497	0	189	40054	190	0	40000	other	0
N_08	100	Picture	+	4092718	0	1	18515	3	0	18370	other	0
N_08	101	Picture	pos_11a.jpg	4112735	0	1	40033	2	0	40000	other	0
N_08	102	Picture	+	4152935	0	1	16346	3	0	16260	other	0
N_08	103	Picture	pos_6a.jpg	4170609	0	14	40040	15	0	40000	other	0
N_08	104	Picture	+	4210816	0	1	17014	2	0	16850	other	0
N_08	105	Picture	pos_8a.jpg	4229323	0	24	40041	26	0	40000	other	0
N_08	106	Picture	+	4269531	0	1	16180	2	0	16060	other	0
N_08	107	Picture	pos_17a.jpg	4287202	0	18	40044	19	0	40000	other	0
N_08	108	Picture	+	4327412	0	2	17014	4	0	16980	other	0
N_08	109	Picture	neg_14a.jpg	4345911	0	185	40050	186	0	40000	other	0
N_08	110	Picture	+	4386128	0	1	19683	2	0	19570	other	0
N_08	111	Picture	neu_30a.jpg	4407296	0	184	40049	185	0	40000	other	0
N_08	112	Picture	+	4447512	0	1	15346	2	0	15210	other	0
N_08	113	Picture	pos_27a.jpg	4464526	0	1	40033	2	0	40000	other	0
N_08	114	Picture	+	4504726	0	1	18015	2	0	17930	other	0
N_08	115	Picture	pos_22a.jpg	4524235	0	15	40040	16	0	40000	other	0
N_08	116	Picture	+	4564442	0	1	16514	2	0	16360	other	0
N_08	117	Picture	pos_9a.jpg	4582452	0	14	40038	15	0	40000	other	0
N_08	118	Picture	+	4622657	0	1	16514	2	0	16490	other	0
N_08	119	Picture	neu_28a.jpg	4640672	0	1	40033	2	0	40000	other	0
N_08	120	Picture	+	4680872	0	1	17181	2	0	17090	other	0
N_08	121	Picture	neu_11a.jpg	4699517	0	200	40070	201	0	40000	other	0
N_08	122	Picture	+	4739754	0	1	16347	2	0	16210	other	0
N_08	123	Picture	pos_2a.jpg	4757602	0	1	40033	2	0	40000	other	0
N_08	124	Picture	+	4797802	0	1	18015	2	0	17950	other	0
N_08	125	Picture	neg_19a.jpg	4817291	0	195	40060	197	0	40000	other	0
N_08	126	Picture	+	4857518	0	1	16514	2	0	16370	other	0
N_08	127	Picture	neu_14a.jpg	4875525	0	18	40041	19	0	40000	other	0
N_08	128	Picture	+	4915733	0	1	19183	2	0	19040	other	0
N_08	129	Picture	pos_26a.jpg	4936417	0	1	40033	2	0	40000	other	0
N_08	130	Picture	+	4976617	0	1	18682	2	0	18570	other	0
N_08	131	Picture	neu_26a.jpg	4996800	0	1	40033	2	0	40000	other	0
N_08	132	Picture	+	5037000	0	1	16347	2	0	16270	other	0
N_08	133	Picture	neg_5a.jpg	5054848	0	2	40033	4	0	40000	other	0
N_08	134	Picture	+	5095048	0	1	18349	2	0	18250	other	0
N_08	135	Picture	neg_11a.jpg	5115065	0	1	40033	2	0	40000	other	0
N_08	136	Picture	+	5155265	0	1	19849	3	0	19730	other	0
N_08	137	Picture	neu_16a.jpg	5176610	0	23	40039	24	0	40000	other	0
N_08	138	Picture	+	5216816	0	1	19015	3	0	18940	other	0
N_08	139	Picture	neu_2a.jpg	5237294	0	53	40072	54	0	40000	other	0
N_08	140	Picture	+	5277533	0	1	17681	2	0	17510	other	0
N_08	141	Picture	pos_4a.jpg	5296715	0	2	40033	4	0	40000	other	0
N_08	142	Picture	+	5336915	0	1	16347	2	0	16290	other	0
N_08	143	Picture	neu_13a.jpg	5354754	0	21	40042	23	0	40000	other	0
N_08	144	Picture	+	5394963	0	1	15179	3	0	15070	other	0
N_08	145	Picture	pos_24a.jpg	5411644	0	1	40033	2	0	40000	other	0
N_08	146	Picture	+	5451844	0	1	17848	2	0	17750	other	0
N_08	147	Picture	pos_29a.jpg	5471193	0	1	40033	2	0	40000	other	0
N_08	148	Picture	+	5511393	0	1	16347	2	0	16290	other	0
N_08	149	Picture	neu_8a.jpg	5529408	0	1	40033	2	0	40000	other	0
N_08	150	Picture	+	5569608	0	1	18849	2	0	18800	other	0
N_08	151	Picture	pos_20a.jpg	5589952	0	12	40039	13	0	40000	other	0
N_08	152	Picture	+	5630158	0	1	18849	2	0	18790	other	0
N_08	153	Picture	neg_29a.jpg	5650675	0	1	40033	2	0	40000	other	0
N_08	154	Picture	+	5690875	0	1	17181	2	0	17040	other	0
N_08	155	Picture	neu_25a.jpg	5709557	0	1	40033	2	0	40000	other	0
N_08	156	Picture	+	5749757	0	1	16180	2	0	16070	other	0
N_08	157	Picture	neu_3a.jpg	5767400	0	201	40072	202	0	40000	other	0
N_08	158	Picture	+	5807638	0	2	16848	3	0	16770	other	0
N_08	159	Picture	neu_29a.jpg	5825987	0	1	40033	2	0	40000	other	0
N_08	160	Picture	+	5866187	0	1	19349	2	0	19210	other	0
N_08	161	Picture	neu_5a.jpg	5887025	0	18	40046	19	0	40000	other	0
N_08	162	Picture	+	5927237	0	2	15180	3	0	15010	other	0
N_08	163	Picture	neg_9a.jpg	5943918	0	1	40033	2	0	40000	other	0
N_08	164	Picture	+	5984118	0	1	18849	2	0	18680	other	0
N_08	165	Picture	neg_8a.jpg	6004447	0	189	40054	190	0	40000	other	0
N_08	166	Picture	+	6044668	0	1	18182	2	0	18110	other	0
N_08	167	Picture	pos_7a.jpg	6064351	0	1	40033	2	0	40000	other	0
N_08	168	Picture	+	6104551	0	1	16514	2	0	16340	other	0
N_08	169	Picture	neg_12a.jpg	6122566	0	1	40033	2	0	40000	other	0
N_08	170	Picture	+	6162766	0	1	18849	2	0	18690	other	0
N_08	171	Picture	neg_23a.jpg	6183109	0	14	40040	15	0	40000	other	0
N_08	172	Picture	+	6223316	0	1	18348	3	0	18310	other	0
N_08	173	Picture	pos_15a.jpg	6243158	0	16	40041	17	0	40000	other	0
N_08	174	Picture	+	6283366	0	1	19182	2	0	19080	other	0
N_08	175	Picture	neu_18a.jpg	6304216	0	2	40033	4	0	40000	other	0
N_08	176	Picture	+	6344416	0	1	18682	3	0	18660	other	0
N_08	177	Picture	neg_15a.jpg	6364600	0	1	40033	2	0	40000	other	0
N_08	178	Picture	+	6404800	0	1	17014	2	0	16890	other	0
N_08	179	Picture	neg_10a.jpg	6423293	0	190	40055	191	0	40000	other	0
N_08	180	Picture	+	6463515	0	1	17514	3	0	17410	other	0
N_08	181	Picture	neg_13a.jpg	6482531	0	1	40033	2	0	40000	other	0
N_08	182	Picture	+	6522731	0	1	17181	2	0	17060	other	0
N_08	183	Picture	neu_17a.jpg	6541407	0	14	40039	15	0	40000	other	0
