Scenario - 
Logfile written - 03/01/2016 09:46:40

Subject	Trial	Event Type	Code	Time	TTime	Uncertainty	Duration	Uncertainty	ReqTime	ReqDur	Stim Type	Pair Index

N_13	4	Picture	+	1250964	0	1	17333	1	0	17280	other	0
N_13	6	Picture	+	1310463	0	1	17333	1	0	17310	other	0
N_13	8	Picture	+	1369961	0	1	20166	1	0	20000	other	0
N_13	10	Picture	+	1431959	0	1	16166	1	0	16120	other	0
N_13	12	Picture	+	1489791	0	1	15833	1	0	15750	other	0
N_13	14	Picture	+	1547456	0	1	15166	1	0	15000	other	0
N_13	16	Picture	+	1604621	0	1	18333	1	0	18280	other	0
N_13	18	Picture	+	1664953	0	1	15166	1	0	15130	other	0
N_13	20	Picture	+	1722118	0	1	16666	1	0	16620	other	0
N_13	22	Picture	+	1780616	0	1	17666	1	0	17560	other	0
N_13	24	Picture	+	1840281	0	1	15500	1	0	15370	other	0
N_13	26	Picture	+	1897946	0	1	19833	1	0	19720	other	0
N_13	28	Picture	+	1959611	0	1	16000	1	0	15830	other	0
N_13	30	Picture	+	2017443	0	1	17333	1	0	17160	other	0
N_13	32	Picture	+	2076774	0	1	15166	1	0	15130	other	0
N_13	34	Picture	+	2133773	0	1	17000	1	0	16860	other	0
N_13	36	Picture	+	2192771	0	1	19499	1	0	19380	other	0
N_13	38	Picture	+	2254102	0	1	16333	1	0	16290	other	0
N_13	40	Picture	+	2312601	0	1	18166	1	0	18150	other	0
N_13	42	Picture	+	2372932	0	1	18166	1	0	18120	other	0
N_13	44	Picture	+	2433097	0	1	15833	1	0	15690	other	0
N_13	46	Picture	+	2490929	0	1	18500	1	0	18380	other	0
N_13	48	Picture	+	2551427	0	1	19166	1	0	19130	other	0
N_13	50	Picture	+	2612759	0	1	19166	1	0	19140	other	0
N_13	52	Picture	+	2673924	0	1	19999	1	0	19940	other	0
N_13	54	Picture	+	2735922	0	1	15666	1	0	15530	other	0
N_13	56	Picture	+	2793587	0	1	19333	1	0	19250	other	0
N_13	58	Picture	+	2854919	0	1	17166	1	0	17120	other	0
N_13	60	Picture	+	2914084	0	1	19166	1	0	19070	other	0
N_13	62	Picture	+	2975249	0	1	19166	1	0	19050	other	0
N_13	64	Picture	+	3036414	0	1	18666	1	0	18500	other	0
N_13	66	Picture	+	3097079	0	1	15666	1	0	15530	other	0
N_13	68	Picture	+	3154577	0	1	15333	1	0	15160	other	0
N_13	70	Picture	+	3211909	0	1	18833	1	0	18800	other	0
N_13	72	Picture	+	3272740	0	1	15666	1	0	15560	other	0
N_13	74	Picture	+	3330405	0	1	19666	1	0	19630	other	0
N_13	76	Picture	+	3392237	0	1	17500	1	0	17330	other	0
N_13	78	Picture	+	3451735	0	1	18499	1	0	18350	other	0
N_13	80	Picture	+	3512233	0	1	15500	1	0	15330	other	0
N_13	82	Picture	+	3569898	0	1	18166	1	0	18150	other	0
N_13	84	Picture	+	3629897	0	1	15833	1	0	15700	other	0
N_13	86	Picture	+	3687562	0	1	17666	1	0	17490	other	0
N_13	88	Picture	+	3747060	0	1	15999	1	0	15890	other	0
N_13	90	Picture	+	3805059	0	1	18666	1	0	18580	other	0
N_13	92	Picture	+	3865557	0	1	19666	1	0	19620	other	0
N_13	94	Picture	+	3927055	0	1	17499	1	0	17380	other	0
N_13	96	Picture	+	3986553	0	1	16333	1	0	16220	other	0
N_13	98	Picture	+	4044885	0	1	15666	1	0	15500	other	0
N_13	100	Picture	+	4102383	0	1	15833	1	0	15790	other	0
N_13	102	Picture	+	4160215	0	1	19500	1	0	19420	other	0
N_13	104	Picture	+	4221547	0	1	17500	1	0	17370	other	0
N_13	106	Picture	+	4281545	0	1	18999	1	0	18890	other	0
N_13	108	Picture	+	4342710	0	1	16833	1	0	16720	other	0
N_13	110	Picture	+	4401375	0	1	19000	1	0	18890	other	0
N_13	112	Picture	+	4462373	0	1	19666	1	0	19540	other	0
N_13	114	Picture	+	4524371	0	1	18999	1	0	18900	other	0
N_13	116	Picture	+	4585370	0	1	16166	1	0	16090	other	0
N_13	118	Picture	+	4643701	0	1	16666	1	0	16620	other	0
N_13	120	Picture	+	4702366	0	1	17999	1	0	17920	other	0
N_13	122	Picture	+	4762365	0	1	15333	1	0	15260	other	0
N_13	124	Picture	+	4819863	0	1	18666	1	0	18490	other	0
N_13	126	Picture	+	4880528	0	1	18166	1	0	18000	other	0
N_13	128	Picture	+	4940860	0	1	19166	1	0	19010	other	0
N_13	130	Picture	+	5002024	0	1	15833	1	0	15790	other	0
N_13	132	Picture	+	5059856	0	1	15166	1	0	15140	other	0
N_13	134	Picture	+	5116855	0	1	18166	1	0	18150	other	0
N_13	136	Picture	+	5177020	0	1	18666	1	0	18610	other	0
N_13	138	Picture	+	5237684	0	1	17000	1	0	16900	other	0
N_13	140	Picture	+	5296683	0	1	16166	1	0	16050	other	0
N_13	142	Picture	+	5354681	0	1	18333	1	0	18280	other	0
N_13	144	Picture	+	5414846	0	1	17000	1	0	16910	other	0
N_13	146	Picture	+	5473844	0	1	17500	1	0	17330	other	0
N_13	148	Picture	+	5533176	0	1	17000	1	0	16920	other	0
N_13	150	Picture	+	5592341	0	1	18999	1	0	18830	other	0
N_13	152	Picture	+	5653506	0	1	16833	1	0	16820	other	0
N_13	154	Picture	+	5712171	0	1	19333	1	0	19190	other	0
N_13	156	Picture	+	5773503	0	1	18499	1	0	18420	other	0
N_13	158	Picture	+	5833834	0	1	17499	1	0	17390	other	0
N_13	160	Picture	+	5893332	0	1	16999	1	0	16830	other	0
N_13	162	Picture	+	5952164	0	1	17999	1	0	17930	other	0
N_13	164	Picture	+	6012162	0	1	15666	1	0	15640	other	0
N_13	166	Picture	+	6069994	0	1	17166	1	0	17030	other	0
N_13	168	Picture	+	6129326	0	1	15333	1	0	15310	other	0
N_13	170	Picture	+	6186824	0	1	19333	1	0	19290	other	0
N_13	172	Picture	+	6248156	0	1	16333	1	0	16290	other	0
N_13	174	Picture	+	6306321	0	1	15833	1	0	15810	other	0
N_13	176	Picture	+	6364986	0	1	19000	1	0	18860	other	0
N_13	178	Picture	+	6425817	0	1	15666	1	0	15640	other	0
N_13	180	Picture	+	6483482	0	1	18499	1	0	18440	other	0
N_13	182	Picture	+	6544147	0	1	19333	1	0	19170	other	0
