Scenario - 
Logfile written - 12/15/2015 09:45:54

Subject	Trial	Event Type	Code	Time	TTime	Uncertainty	Duration	Uncertainty	ReqTime	ReqDur	Stim Type	Pair Index

sataňek	4	Picture	+	1250961	0	1	17000	2	0	16920	other	0
sataňek	6	Picture	+	1309460	0	1	19999	2	0	19830	other	0
sataňek	8	Picture	+	1370458	0	1	19332	3	0	19170	other	0
sataňek	10	Picture	+	1430789	0	1	17000	2	0	16850	other	0
sataňek	12	Picture	+	1489121	0	1	19166	2	0	19150	other	0
sataňek	14	Picture	+	1549619	0	1	18833	2	0	18680	other	0
sataňek	16	Picture	+	1609784	0	1	18499	2	0	18360	other	0
sataňek	18	Picture	+	1669615	0	1	18000	2	0	17880	other	0
sataňek	20	Picture	+	1728780	0	1	15166	2	0	15050	other	0
sataňek	22	Picture	+	1785278	0	2	15667	3	0	15590	other	0
sataňek	24	Picture	+	1842110	0	1	18999	3	0	18840	other	0
sataňek	26	Picture	+	1902442	0	1	19999	2	0	19870	other	0
sataňek	28	Picture	+	1963773	0	1	19666	2	0	19640	other	0
sataňek	30	Picture	+	2024282	0	324	16155	325	0	16050	other	0
sataňek	32	Picture	+	2081769	0	1	19166	3	0	19150	other	0
sataňek	34	Picture	+	2142768	0	1	15166	2	0	15140	other	0
sataňek	36	Picture	+	2199266	0	1	19499	2	0	19330	other	0
sataňek	38	Picture	+	2260597	0	1	15500	2	0	15440	other	0
sataňek	40	Picture	+	2317429	0	1	16666	2	0	16600	other	0
sataňek	42	Picture	+	2375427	0	1	17333	2	0	17300	other	0
sataňek	44	Picture	+	2434092	0	1	15499	3	0	15460	other	0
sataňek	46	Picture	+	2490924	0	1	15332	3	0	15250	other	0
sataňek	48	Picture	+	2547588	0	2	15167	3	0	15050	other	0
sataňek	50	Picture	+	2604087	0	1	18166	2	0	18000	other	0
sataňek	52	Picture	+	2663585	0	1	17999	3	0	17980	other	0
sataňek	54	Picture	+	2722916	0	2	16000	3	0	15980	other	0
sataňek	56	Picture	+	2780248	0	1	17999	3	0	17920	other	0
sataňek	58	Picture	+	2839580	0	1	18332	2	0	18320	other	0
sataňek	60	Picture	+	2899244	0	2	17167	3	0	17020	other	0
sataňek	62	Picture	+	2957743	0	1	15499	2	0	15480	other	0
sataňek	64	Picture	+	3014574	0	1	16333	2	0	16290	other	0
sataňek	66	Picture	+	3072239	0	1	18333	2	0	18260	other	0
sataňek	68	Picture	+	3131904	0	1	19333	2	0	19210	other	0
sataňek	70	Picture	+	3192569	0	1	15833	2	0	15690	other	0
sataňek	72	Picture	+	3249734	0	1	17333	2	0	17170	other	0
sataňek	74	Picture	+	3308232	0	1	17666	2	0	17530	other	0
sataňek	76	Picture	+	3367230	0	1	18000	2	0	17840	other	0
sataňek	78	Picture	+	3426395	0	1	19333	2	0	19290	other	0
sataňek	80	Picture	+	3487060	0	1	17499	2	0	17440	other	0
sataňek	82	Picture	+	3545891	0	1	15833	2	0	15780	other	0
sataňek	84	Picture	+	3603056	0	1	19166	2	0	19090	other	0
sataňek	86	Picture	+	3663221	0	1	19666	2	0	19620	other	0
sataňek	88	Picture	+	3723886	0	1	16833	2	0	16710	other	0
sataňek	90	Picture	+	3782051	0	1	18666	2	0	18550	other	0
sataňek	92	Picture	+	3842049	0	1	15999	3	0	15860	other	0
sataňek	94	Picture	+	3899381	0	1	17999	2	0	17950	other	0
sataňek	96	Picture	+	3958712	0	1	19499	3	0	19450	other	0
sataňek	98	Picture	+	4019210	0	1	17166	2	0	17020	other	0
sataňek	100	Picture	+	4077708	0	2	19333	3	0	19230	other	0
sataňek	102	Picture	+	4138207	0	1	17999	2	0	17840	other	0
sataňek	104	Picture	+	4197538	0	1	17833	2	0	17690	other	0
sataňek	106	Picture	+	4256703	0	1	16666	2	0	16570	other	0
sataňek	108	Picture	+	4314701	0	1	18833	2	0	18720	other	0
sataňek	110	Picture	+	4374866	0	1	19666	2	0	19650	other	0
sataňek	112	Picture	+	4435864	0	1	18333	2	0	18300	other	0
sataňek	114	Picture	+	4495362	0	1	20000	2	0	19870	other	0
sataňek	116	Picture	+	4556694	0	1	18333	2	0	18290	other	0
sataňek	118	Picture	+	4616359	0	1	18499	2	0	18470	other	0
sataňek	120	Picture	+	4676190	0	1	16666	2	0	16530	other	0
sataňek	122	Picture	+	4734188	0	1	18500	2	0	18480	other	0
sataňek	124	Picture	+	4794020	0	1	15833	2	0	15750	other	0
sataňek	126	Picture	+	4850851	0	2	18500	3	0	18390	other	0
sataňek	128	Picture	+	4910683	0	1	15166	2	0	15030	other	0
sataňek	130	Picture	+	4967181	0	1	18833	2	0	18690	other	0
sataňek	132	Picture	+	5027346	0	1	16833	2	0	16660	other	0
sataňek	134	Picture	+	5085511	0	1	15666	2	0	15550	other	0
sataňek	136	Picture	+	5142509	0	1	15333	2	0	15320	other	0
sataňek	138	Picture	+	5199007	0	2	16000	3	0	15830	other	0
sataňek	140	Picture	+	5256339	0	1	19499	3	0	19440	other	0
sataňek	142	Picture	+	5317170	0	2	16167	3	0	16040	other	0
sataňek	144	Picture	+	5374669	0	1	16666	2	0	16620	other	0
sataňek	146	Picture	+	5432177	0	332	15323	333	0	15200	other	0
sataňek	148	Picture	+	5488832	0	1	16999	3	0	16970	other	0
sataňek	150	Picture	+	5547830	0	1	15500	2	0	15360	other	0
sataňek	152	Picture	+	5604662	0	1	19999	2	0	19890	other	0
sataňek	154	Picture	+	5665993	0	1	17333	2	0	17160	other	0
sataňek	156	Picture	+	5724658	0	1	17999	3	0	17980	other	0
sataňek	158	Picture	+	5783989	0	2	15167	3	0	15070	other	0
sataňek	160	Picture	+	5840488	0	1	15333	2	0	15310	other	0
sataňek	162	Picture	+	5897153	0	1	19666	2	0	19510	other	0
sataňek	164	Picture	+	5958151	0	1	18166	2	0	17990	other	0
sataňek	166	Picture	+	6017649	0	1	18666	2	0	18500	other	0
sataňek	168	Picture	+	6077647	0	1	18000	2	0	17970	other	0
sataňek	170	Picture	+	6136979	0	1	15499	2	0	15470	other	0
sataňek	172	Picture	+	6193810	0	1	19166	2	0	19090	other	0
sataňek	174	Picture	+	6254308	0	2	17500	3	0	17460	other	0
sataňek	176	Picture	+	6313140	0	1	18666	2	0	18650	other	0
sataňek	178	Picture	+	6373138	0	1	17000	2	0	16880	other	0
sataňek	180	Picture	+	6431303	0	1	15333	2	0	15260	other	0
sataňek	182	Picture	+	6487968	0	1	15333	2	0	15190	other	0
