Scenario - 
Logfile written - 11/30/2015 18:51:00

Subject	Trial	Event Type	Code	Time	TTime	Uncertainty	Duration	Uncertainty	ReqTime	ReqDur	Stim Type	Pair Index

T01B	2	Picture	+	50332	0	1	18333	2	0	18180	other	0
T01B	3	Picture	neu_25.jpg	69831	0	1	40166	2	0	40000	other	0
T01B	4	Picture	+	110164	0	1	18666	2	0	18580	other	0
T01B	5	Picture	neu_24.jpg	129830	0	1	40166	2	0	40000	other	0
T01B	6	Picture	+	170163	0	1	15833	2	0	15710	other	0
T01B	7	Picture	neu_18.jpg	186995	0	2	40166	3	0	40000	other	0
T01B	8	Picture	+	227328	0	1	18833	2	0	18700	other	0
T01B	9	Picture	neg_14.jpg	246961	0	201	40032	203	0	40000	other	0
T01B	10	Picture	+	287160	0	1	16166	3	0	16140	other	0
T01B	11	Picture	neu_1.jpg	304326	0	2	40166	3	0	40000	other	0
T01B	12	Picture	+	344659	0	1	19000	2	0	18850	other	0
T01B	13	Picture	pos_23.jpg	364659	0	1	40165	3	0	40000	other	0
T01B	14	Picture	+	404991	0	1	17666	2	0	17550	other	0
T01B	15	Picture	neu_5.jpg	423657	0	1	40166	2	0	40000	other	0
T01B	16	Picture	+	463990	0	1	17999	3	0	17870	other	0
T01B	17	Picture	neu_12.jpg	482989	0	2	40166	3	0	40000	other	0
T01B	18	Picture	+	523322	0	1	19500	2	0	19440	other	0
T01B	19	Picture	pos_8.jpg	543822	0	1	40165	2	0	40000	other	0
T01B	20	Picture	+	584154	0	1	17333	2	0	17250	other	0
T01B	21	Picture	neg_16.jpg	602487	0	1	40166	2	0	40000	other	0
T01B	22	Picture	+	642820	0	1	15666	2	0	15510	other	0
T01B	23	Picture	pos_17.jpg	659486	0	1	40166	2	0	40000	other	0
T01B	24	Picture	+	699818	0	1	16333	2	0	16290	other	0
T01B	25	Picture	neg_29.jpg	717151	0	1	40166	2	0	40000	other	0
T01B	26	Picture	+	757484	0	1	17999	3	0	17960	other	0
T01B	27	Picture	neg_10.jpg	776483	0	2	40166	3	0	40000	other	0
T01B	28	Picture	+	816816	0	1	16666	2	0	16550	other	0
T01B	29	Picture	neg_24.jpg	834482	0	1	40166	2	0	40000	other	0
T01B	30	Picture	+	874815	0	1	16499	3	0	16440	other	0
T01B	31	Picture	neu_11.jpg	892314	0	2	40166	3	0	40000	other	0
T01B	32	Picture	+	932647	0	1	15333	2	0	15320	other	0
T01B	33	Picture	neg_5.jpg	949480	0	1	40166	2	0	40000	other	0
T01B	34	Picture	+	989812	0	1	18500	2	0	18340	other	0
T01B	35	Picture	pos_14.jpg	1009312	0	1	40166	2	0	40000	other	0
T01B	36	Picture	+	1049644	0	2	17000	3	0	16860	other	0
T01B	37	Picture	neg_11.jpg	1068144	0	1	40166	2	0	40000	other	0
T01B	38	Picture	+	1108477	0	1	18999	2	0	18930	other	0
T01B	39	Picture	neg_20.jpg	1128476	0	1	40166	2	0	40000	other	0
T01B	40	Picture	+	1168809	0	1	15499	2	0	15350	other	0
T01B	41	Picture	pos_24.jpg	1185308	0	1	40166	2	0	40000	other	0
T01B	42	Picture	+	1225641	0	1	17666	2	0	17640	other	0
T01B	43	Picture	neu_17.jpg	1244307	0	1	40166	2	0	40000	other	0
T01B	44	Picture	+	1284640	0	1	18666	2	0	18570	other	0
T01B	45	Picture	neg_27.jpg	1304139	0	1	40166	2	0	40000	other	0
T01B	46	Picture	+	1344472	0	1	19999	2	0	19940	other	0
T01B	47	Picture	neu_27.jpg	1365471	0	1	40166	2	0	40000	other	0
T01B	48	Picture	+	1405804	0	1	15833	2	0	15710	other	0
T01B	49	Picture	neg_8.jpg	1422637	0	1	40166	2	0	40000	other	0
T01B	50	Picture	+	1462969	0	1	19833	2	0	19760	other	0
T01B	51	Picture	neu_23.jpg	1483802	0	1	40166	2	0	40000	other	0
T01B	52	Picture	+	1524135	0	1	17166	2	0	16990	other	0
T01B	53	Picture	pos_27.jpg	1542301	0	1	40166	2	0	40000	other	0
T01B	54	Picture	+	1582633	0	2	18667	3	0	18500	other	0
T01B	55	Picture	neg_23.jpg	1602300	0	1	40165	3	0	40000	other	0
T01B	56	Picture	+	1642632	0	1	18333	2	0	18320	other	0
T01B	57	Picture	pos_29.jpg	1661965	0	1	40166	2	0	40000	other	0
T01B	58	Picture	+	1702297	0	2	18667	3	0	18560	other	0
T01B	59	Picture	pos_6.jpg	1721964	0	1	40166	2	0	40000	other	0
T01B	60	Picture	+	1762296	0	1	20000	2	0	19860	other	0
T01B	61	Picture	pos_9.jpg	1783296	0	1	40166	2	0	40000	other	0
T01B	62	Picture	+	1823628	0	1	19500	2	0	19460	other	0
T01B	63	Picture	pos_20.jpg	1844128	0	1	40166	2	0	40000	other	0
T01B	64	Picture	+	1884460	0	1	15667	2	0	15510	other	0
T01B	65	Picture	pos_10.jpg	1901127	0	1	40166	2	0	40000	other	0
T01B	66	Picture	+	1941459	0	1	16000	2	0	15940	other	0
T01B	67	Picture	neg_21.jpg	1958459	0	1	40166	2	0	40000	other	0
T01B	68	Picture	+	1998791	0	1	19500	2	0	19440	other	0
T01B	69	Picture	neu_6.jpg	2019291	0	1	40166	2	0	40000	other	0
T01B	70	Picture	+	2059623	0	2	19000	3	0	18930	other	0
T01B	71	Picture	pos_12.jpg	2079623	0	1	40166	2	0	40000	other	0
T01B	72	Picture	+	2119955	0	2	16167	3	0	16050	other	0
T01B	73	Picture	neg_17.jpg	2137122	0	1	40166	2	0	40000	other	0
T01B	74	Picture	+	2177454	0	1	15833	2	0	15690	other	0
T01B	75	Picture	pos_15.jpg	2194287	0	1	40166	2	0	40000	other	0
T01B	76	Picture	+	2234620	0	1	19833	2	0	19730	other	0
T01B	77	Picture	pos_4.jpg	2255256	0	198	40029	199	0	40000	other	0
T01B	78	Picture	+	2295452	0	1	16499	3	0	16330	other	0
T01B	79	Picture	neg_19.jpg	2312774	0	179	40000	357	0	40000	other	0
T01B	80	Picture	+	2353117	0	1	16167	2	0	16110	other	0
T01B	81	Picture	pos_28.jpg	2370284	0	1	40165	3	0	40000	other	0
T01B	82	Picture	+	2410616	0	1	17166	2	0	17070	other	0
T01B	83	Picture	neu_21.jpg	2428782	0	1	40166	2	0	40000	other	0
T01B	84	Picture	+	2469115	0	1	17166	2	0	17140	other	0
T01B	85	Picture	neu_19.jpg	2487281	0	1	40166	2	0	40000	other	0
T01B	86	Picture	+	2527614	0	1	17499	2	0	17380	other	0
T01B	87	Picture	neu_2.jpg	2545947	0	1	40165	2	0	40000	other	0
T01B	88	Picture	+	2586279	0	1	15666	3	0	15580	other	0
T01B	89	Picture	pos_11.jpg	2602945	0	2	40166	3	0	40000	other	0
T01B	90	Picture	+	2643278	0	1	15166	2	0	15050	other	0
T01B	91	Picture	neg_7.jpg	2659444	0	1	40166	2	0	40000	other	0
T01B	92	Picture	+	2699777	0	1	16166	2	0	16030	other	0
T01B	93	Picture	neg_12.jpg	2716943	0	1	40166	2	0	40000	other	0
T01B	94	Picture	+	2757276	0	1	18666	2	0	18530	other	0
T01B	95	Picture	pos_13.jpg	2776942	0	1	40166	2	0	40000	other	0
T01B	96	Picture	+	2817274	0	1	18167	2	0	18020	other	0
T01B	97	Picture	neg_26.jpg	2837107	0	1	40166	2	0	40000	other	0
T01B	98	Picture	+	2877440	0	1	17999	2	0	17930	other	0
T01B	99	Picture	neg_18.jpg	2896439	0	1	40166	2	0	40000	other	0
T01B	100	Picture	+	2936772	0	1	18499	3	0	18330	other	0
T01B	101	Picture	neu_30.jpg	2956105	0	1	40166	2	0	40000	other	0
T01B	102	Picture	+	2996437	0	1	19833	2	0	19690	other	0
T01B	103	Picture	pos_5.jpg	3017270	0	1	40166	2	0	40000	other	0
T01B	104	Picture	+	3057603	0	1	19499	2	0	19430	other	0
T01B	105	Picture	pos_2.jpg	3077936	0	1	40165	2	0	40000	other	0
T01B	106	Picture	+	3118268	0	1	18000	2	0	17870	other	0
T01B	107	Picture	neg_28.jpg	3137268	0	1	40165	3	0	40000	other	0
T01B	108	Picture	+	3177600	0	1	15490	179	0	15490	other	0
T01B	109	Picture	neu_7.jpg	3194266	0	2	40166	3	0	40000	other	0
T01B	110	Picture	+	3234599	0	1	18333	2	0	18210	other	0
T01B	111	Picture	pos_3.jpg	3253932	0	1	40166	2	0	40000	other	0
T01B	112	Picture	+	3294264	0	1	15833	2	0	15810	other	0
T01B	113	Picture	neg_25.jpg	3311097	0	1	40166	2	0	40000	other	0
T01B	114	Picture	+	3351430	0	1	17499	3	0	17430	other	0
T01B	115	Picture	pos_26.jpg	3369929	0	2	40166	3	0	40000	other	0
T01B	116	Picture	+	3410262	0	1	17000	2	0	16980	other	0
T01B	117	Picture	neu_26.jpg	3428262	0	1	40165	3	0	40000	other	0
T01B	118	Picture	+	3468594	0	1	19000	2	0	18880	other	0
T01B	119	Picture	pos_16.jpg	3488413	0	182	40013	183	0	40000	other	0
T01B	120	Picture	+	3528593	0	1	17666	2	0	17560	other	0
T01B	121	Picture	neu_10.jpg	3547259	0	1	40166	2	0	40000	other	0
T01B	122	Picture	+	3587592	0	1	15666	2	0	15530	other	0
T01B	123	Picture	neg_1.jpg	3604076	0	183	40014	185	0	40000	other	0
T01B	124	Picture	+	3644257	0	1	16166	2	0	16090	other	0
T01B	125	Picture	pos_30.jpg	3661257	0	1	40165	3	0	40000	other	0
T01B	126	Picture	+	3701589	0	1	15833	2	0	15810	other	0
T01B	127	Picture	neu_3.jpg	3718422	0	1	40166	2	0	40000	other	0
T01B	128	Picture	+	3758755	0	1	15999	2	0	15970	other	0
T01B	129	Picture	neg_15.jpg	3775754	0	1	40166	2	0	40000	other	0
T01B	130	Picture	+	3816087	0	1	19499	2	0	19440	other	0
T01B	131	Picture	neg_2.jpg	3836586	0	1	40166	2	0	40000	other	0
T01B	132	Picture	+	3876919	0	1	16333	2	0	16270	other	0
T01B	133	Picture	neg_13.jpg	3894252	0	1	40166	2	0	40000	other	0
T01B	134	Picture	+	3934584	0	1	17833	2	0	17710	other	0
T01B	135	Picture	pos_1.jpg	3953417	0	1	40166	2	0	40000	other	0
T01B	136	Picture	+	3993750	0	1	15333	2	0	15300	other	0
T01B	137	Picture	neg_4.jpg	4010083	0	1	40166	2	0	40000	other	0
T01B	138	Picture	+	4050415	0	1	15500	2	0	15420	other	0
T01B	139	Picture	neu_29.jpg	4066915	0	1	40166	2	0	40000	other	0
T01B	140	Picture	+	4107247	0	1	16333	2	0	16230	other	0
T01B	141	Picture	neu_14.jpg	4124580	0	1	40166	2	0	40000	other	0
T01B	142	Picture	+	4164913	0	1	15499	3	0	15480	other	0
T01B	143	Picture	pos_7.jpg	4181412	0	2	40166	3	0	40000	other	0
T01B	144	Picture	+	4221745	0	1	17333	2	0	17180	other	0
T01B	145	Picture	neu_15.jpg	4240078	0	1	40166	2	0	40000	other	0
T01B	146	Picture	+	4280410	0	1	16167	2	0	16120	other	0
T01B	147	Picture	neg_3.jpg	4297577	0	1	40165	3	0	40000	other	0
T01B	148	Picture	+	4337909	0	1	18166	3	0	18020	other	0
T01B	149	Picture	neg_9.jpg	4357075	0	2	40166	3	0	40000	other	0
T01B	150	Picture	+	4397408	0	1	15333	2	0	15200	other	0
T01B	151	Picture	pos_22.jpg	4413741	0	1	40166	2	0	40000	other	0
T01B	152	Picture	+	4454073	0	1	16333	2	0	16250	other	0
T01B	153	Picture	neu_4.jpg	4471406	0	1	40166	2	0	40000	other	0
T01B	154	Picture	+	4511739	0	1	16999	3	0	16880	other	0
T01B	155	Picture	neu_20.jpg	4529738	0	2	40166	3	0	40000	other	0
T01B	156	Picture	+	4570071	0	1	15666	2	0	15550	other	0
T01B	157	Picture	neu_13.jpg	4586737	0	1	40166	2	0	40000	other	0
T01B	158	Picture	+	4627070	0	1	16333	2	0	16210	other	0
T01B	159	Picture	neu_22.jpg	4644403	0	1	40166	2	0	40000	other	0
T01B	160	Picture	+	4684735	0	1	18000	2	0	17990	other	0
T01B	161	Picture	neg_22.jpg	4703549	0	187	40018	188	0	40000	other	0
T01B	162	Picture	+	4743734	0	1	16833	2	0	16820	other	0
T01B	163	Picture	pos_19.jpg	4761567	0	1	40166	2	0	40000	other	0
T01B	164	Picture	+	4801899	0	2	18667	3	0	18640	other	0
T01B	165	Picture	pos_25.jpg	4821566	0	1	40165	3	0	40000	other	0
T01B	166	Picture	+	4861898	0	1	15666	3	0	15540	other	0
T01B	167	Picture	neu_28.jpg	4878386	0	180	40011	181	0	40000	other	0
T01B	168	Picture	+	4918564	0	1	16999	2	0	16970	other	0
T01B	169	Picture	neu_9.jpg	4936397	0	1	40165	3	0	40000	other	0
T01B	170	Picture	+	4976729	0	1	16833	2	0	16750	other	0
T01B	171	Picture	neg_6.jpg	4994384	0	179	40010	181	0	40000	other	0
T01B	172	Picture	+	5034561	0	1	18000	2	0	17840	other	0
T01B	173	Picture	neu_8.jpg	5053561	0	1	40166	2	0	40000	other	0
T01B	174	Picture	+	5093893	0	1	19333	2	0	19190	other	0
T01B	175	Picture	neg_30.jpg	5114226	0	1	40166	2	0	40000	other	0
T01B	176	Picture	+	5154559	0	1	16999	2	0	16860	other	0
T01B	177	Picture	neu_16.jpg	5172558	0	1	40166	2	0	40000	other	0
T01B	178	Picture	+	5212891	0	1	16987	34	0	16830	other	0
T01B	179	Picture	pos_18.jpg	5230890	0	1	40166	2	0	40000	other	0
T01B	180	Picture	+	5271223	0	1	16999	3	0	16870	other	0
T01B	181	Picture	pos_21.jpg	5289222	0	2	40166	3	0	40000	other	0
